2023-07-25 16:15:20 INFO - Setting up experiment Cumulative Run:
2023-07-25 16:15:20 INFO - 	Start: 2010-01-01 00:00:00
2023-07-25 16:15:20 INFO - 	End: 2010-01-01 00:00:00
2023-07-25 16:15:20 INFO - 	Time windows: 10
2023-07-25 16:15:20 INFO - 	Region: italy_csep_region
2023-07-25 16:15:20 INFO - 	Magnitude range: [4.95, 8.95]
2023-07-25 16:15:20 INFO - 	Catalog: 'catalog.json'
2023-07-25 16:15:20 INFO - 	Models: ['HAZFX_BPT', 'LTST', 'RI', 'DBM', 'HAZGRIDX', 'MPS04', 'MPS04after', 'PHM_Grid', 'PHM_Zone', 'HZA_TD', 'HZA_TI', 'ALM', 'ALM_IT', 'HALM', 'HRSS-m2', 'HRSS-m1', 'TripleS-CPTI', 'TripleS-hybrid', 'TripleS-CSI']
2023-07-25 16:15:20 INFO - 	Evaluations: ['Sequential_IG']
2023-07-25 16:15:20 INFO - Staging models
2023-07-25 16:15:43 INFO - Setting up experiment's tasks
2023-07-25 16:15:43 DEBUG - Pre-run: results' paths
paths:
  2010-01-01_2011-01-01:
    catalog: 2010-01-01_2011-01-01/catalog/test_catalog.json
    evaluations:
      Sequential_IG:
        ALM: 2010-01-01_2011-01-01/evaluations/Sequential_IG_ALM.json
        ALM_IT: 2010-01-01_2011-01-01/evaluations/Sequential_IG_ALM_IT.json
        DBM: 2010-01-01_2011-01-01/evaluations/Sequential_IG_DBM.json
        HALM: 2010-01-01_2011-01-01/evaluations/Sequential_IG_HALM.json
        HAZFX_BPT: 2010-01-01_2011-01-01/evaluations/Sequential_IG_HAZFX_BPT.json
        HAZGRIDX: 2010-01-01_2011-01-01/evaluations/Sequential_IG_HAZGRIDX.json
        HRSS-m1: 2010-01-01_2011-01-01/evaluations/Sequential_IG_HRSS-m1.json
        HRSS-m2: 2010-01-01_2011-01-01/evaluations/Sequential_IG_HRSS-m2.json
        HZA_TD: 2010-01-01_2011-01-01/evaluations/Sequential_IG_HZA_TD.json
        HZA_TI: 2010-01-01_2011-01-01/evaluations/Sequential_IG_HZA_TI.json
        LTST: 2010-01-01_2011-01-01/evaluations/Sequential_IG_LTST.json
        MPS04: 2010-01-01_2011-01-01/evaluations/Sequential_IG_MPS04.json
        MPS04after: 2010-01-01_2011-01-01/evaluations/Sequential_IG_MPS04after.json
        PHM_Grid: 2010-01-01_2011-01-01/evaluations/Sequential_IG_PHM_Grid.json
        PHM_Zone: 2010-01-01_2011-01-01/evaluations/Sequential_IG_PHM_Zone.json
        RI: 2010-01-01_2011-01-01/evaluations/Sequential_IG_RI.json
        TripleS-CPTI: 2010-01-01_2011-01-01/evaluations/Sequential_IG_TripleS-CPTI.json
        TripleS-CSI: 2010-01-01_2011-01-01/evaluations/Sequential_IG_TripleS-CSI.json
        TripleS-hybrid: 2010-01-01_2011-01-01/evaluations/Sequential_IG_TripleS-hybrid.json
    figures:
      Sequential_IG: 2010-01-01_2011-01-01/figures/Sequential_IG
      catalog: 2010-01-01_2011-01-01/figures/catalog
      magnitude_time: 2010-01-01_2011-01-01/figures/magnitude_time
    forecasts:
      ALM: 2010-01-01_2011-01-01/forecasts/ALM
      ALM_IT: 2010-01-01_2011-01-01/forecasts/ALM_IT
      DBM: 2010-01-01_2011-01-01/forecasts/DBM
      HALM: 2010-01-01_2011-01-01/forecasts/HALM
      HAZFX_BPT: 2010-01-01_2011-01-01/forecasts/HAZFX_BPT
      HAZGRIDX: 2010-01-01_2011-01-01/forecasts/HAZGRIDX
      HRSS-m1: 2010-01-01_2011-01-01/forecasts/HRSS-m1
      HRSS-m2: 2010-01-01_2011-01-01/forecasts/HRSS-m2
      HZA_TD: 2010-01-01_2011-01-01/forecasts/HZA_TD
      HZA_TI: 2010-01-01_2011-01-01/forecasts/HZA_TI
      LTST: 2010-01-01_2011-01-01/forecasts/LTST
      MPS04: 2010-01-01_2011-01-01/forecasts/MPS04
      MPS04after: 2010-01-01_2011-01-01/forecasts/MPS04after
      PHM_Grid: 2010-01-01_2011-01-01/forecasts/PHM_Grid
      PHM_Zone: 2010-01-01_2011-01-01/forecasts/PHM_Zone
      RI: 2010-01-01_2011-01-01/forecasts/RI
      TripleS-CPTI: 2010-01-01_2011-01-01/forecasts/TripleS-CPTI
      TripleS-CSI: 2010-01-01_2011-01-01/forecasts/TripleS-CSI
      TripleS-hybrid: 2010-01-01_2011-01-01/forecasts/TripleS-hybrid
  2010-01-01_2012-01-01:
    catalog: 2010-01-01_2012-01-01/catalog/test_catalog.json
    evaluations:
      Sequential_IG:
        ALM: 2010-01-01_2012-01-01/evaluations/Sequential_IG_ALM.json
        ALM_IT: 2010-01-01_2012-01-01/evaluations/Sequential_IG_ALM_IT.json
        DBM: 2010-01-01_2012-01-01/evaluations/Sequential_IG_DBM.json
        HALM: 2010-01-01_2012-01-01/evaluations/Sequential_IG_HALM.json
        HAZFX_BPT: 2010-01-01_2012-01-01/evaluations/Sequential_IG_HAZFX_BPT.json
        HAZGRIDX: 2010-01-01_2012-01-01/evaluations/Sequential_IG_HAZGRIDX.json
        HRSS-m1: 2010-01-01_2012-01-01/evaluations/Sequential_IG_HRSS-m1.json
        HRSS-m2: 2010-01-01_2012-01-01/evaluations/Sequential_IG_HRSS-m2.json
        HZA_TD: 2010-01-01_2012-01-01/evaluations/Sequential_IG_HZA_TD.json
        HZA_TI: 2010-01-01_2012-01-01/evaluations/Sequential_IG_HZA_TI.json
        LTST: 2010-01-01_2012-01-01/evaluations/Sequential_IG_LTST.json
        MPS04: 2010-01-01_2012-01-01/evaluations/Sequential_IG_MPS04.json
        MPS04after: 2010-01-01_2012-01-01/evaluations/Sequential_IG_MPS04after.json
        PHM_Grid: 2010-01-01_2012-01-01/evaluations/Sequential_IG_PHM_Grid.json
        PHM_Zone: 2010-01-01_2012-01-01/evaluations/Sequential_IG_PHM_Zone.json
        RI: 2010-01-01_2012-01-01/evaluations/Sequential_IG_RI.json
        TripleS-CPTI: 2010-01-01_2012-01-01/evaluations/Sequential_IG_TripleS-CPTI.json
        TripleS-CSI: 2010-01-01_2012-01-01/evaluations/Sequential_IG_TripleS-CSI.json
        TripleS-hybrid: 2010-01-01_2012-01-01/evaluations/Sequential_IG_TripleS-hybrid.json
    figures:
      Sequential_IG: 2010-01-01_2012-01-01/figures/Sequential_IG
      catalog: 2010-01-01_2012-01-01/figures/catalog
      magnitude_time: 2010-01-01_2012-01-01/figures/magnitude_time
    forecasts:
      ALM: 2010-01-01_2012-01-01/forecasts/ALM
      ALM_IT: 2010-01-01_2012-01-01/forecasts/ALM_IT
      DBM: 2010-01-01_2012-01-01/forecasts/DBM
      HALM: 2010-01-01_2012-01-01/forecasts/HALM
      HAZFX_BPT: 2010-01-01_2012-01-01/forecasts/HAZFX_BPT
      HAZGRIDX: 2010-01-01_2012-01-01/forecasts/HAZGRIDX
      HRSS-m1: 2010-01-01_2012-01-01/forecasts/HRSS-m1
      HRSS-m2: 2010-01-01_2012-01-01/forecasts/HRSS-m2
      HZA_TD: 2010-01-01_2012-01-01/forecasts/HZA_TD
      HZA_TI: 2010-01-01_2012-01-01/forecasts/HZA_TI
      LTST: 2010-01-01_2012-01-01/forecasts/LTST
      MPS04: 2010-01-01_2012-01-01/forecasts/MPS04
      MPS04after: 2010-01-01_2012-01-01/forecasts/MPS04after
      PHM_Grid: 2010-01-01_2012-01-01/forecasts/PHM_Grid
      PHM_Zone: 2010-01-01_2012-01-01/forecasts/PHM_Zone
      RI: 2010-01-01_2012-01-01/forecasts/RI
      TripleS-CPTI: 2010-01-01_2012-01-01/forecasts/TripleS-CPTI
      TripleS-CSI: 2010-01-01_2012-01-01/forecasts/TripleS-CSI
      TripleS-hybrid: 2010-01-01_2012-01-01/forecasts/TripleS-hybrid
  2010-01-01_2012-12-31:
    catalog: 2010-01-01_2012-12-31/catalog/test_catalog.json
    evaluations:
      Sequential_IG:
        ALM: 2010-01-01_2012-12-31/evaluations/Sequential_IG_ALM.json
        ALM_IT: 2010-01-01_2012-12-31/evaluations/Sequential_IG_ALM_IT.json
        DBM: 2010-01-01_2012-12-31/evaluations/Sequential_IG_DBM.json
        HALM: 2010-01-01_2012-12-31/evaluations/Sequential_IG_HALM.json
        HAZFX_BPT: 2010-01-01_2012-12-31/evaluations/Sequential_IG_HAZFX_BPT.json
        HAZGRIDX: 2010-01-01_2012-12-31/evaluations/Sequential_IG_HAZGRIDX.json
        HRSS-m1: 2010-01-01_2012-12-31/evaluations/Sequential_IG_HRSS-m1.json
        HRSS-m2: 2010-01-01_2012-12-31/evaluations/Sequential_IG_HRSS-m2.json
        HZA_TD: 2010-01-01_2012-12-31/evaluations/Sequential_IG_HZA_TD.json
        HZA_TI: 2010-01-01_2012-12-31/evaluations/Sequential_IG_HZA_TI.json
        LTST: 2010-01-01_2012-12-31/evaluations/Sequential_IG_LTST.json
        MPS04: 2010-01-01_2012-12-31/evaluations/Sequential_IG_MPS04.json
        MPS04after: 2010-01-01_2012-12-31/evaluations/Sequential_IG_MPS04after.json
        PHM_Grid: 2010-01-01_2012-12-31/evaluations/Sequential_IG_PHM_Grid.json
        PHM_Zone: 2010-01-01_2012-12-31/evaluations/Sequential_IG_PHM_Zone.json
        RI: 2010-01-01_2012-12-31/evaluations/Sequential_IG_RI.json
        TripleS-CPTI: 2010-01-01_2012-12-31/evaluations/Sequential_IG_TripleS-CPTI.json
        TripleS-CSI: 2010-01-01_2012-12-31/evaluations/Sequential_IG_TripleS-CSI.json
        TripleS-hybrid: 2010-01-01_2012-12-31/evaluations/Sequential_IG_TripleS-hybrid.json
    figures:
      Sequential_IG: 2010-01-01_2012-12-31/figures/Sequential_IG
      catalog: 2010-01-01_2012-12-31/figures/catalog
      magnitude_time: 2010-01-01_2012-12-31/figures/magnitude_time
    forecasts:
      ALM: 2010-01-01_2012-12-31/forecasts/ALM
      ALM_IT: 2010-01-01_2012-12-31/forecasts/ALM_IT
      DBM: 2010-01-01_2012-12-31/forecasts/DBM
      HALM: 2010-01-01_2012-12-31/forecasts/HALM
      HAZFX_BPT: 2010-01-01_2012-12-31/forecasts/HAZFX_BPT
      HAZGRIDX: 2010-01-01_2012-12-31/forecasts/HAZGRIDX
      HRSS-m1: 2010-01-01_2012-12-31/forecasts/HRSS-m1
      HRSS-m2: 2010-01-01_2012-12-31/forecasts/HRSS-m2
      HZA_TD: 2010-01-01_2012-12-31/forecasts/HZA_TD
      HZA_TI: 2010-01-01_2012-12-31/forecasts/HZA_TI
      LTST: 2010-01-01_2012-12-31/forecasts/LTST
      MPS04: 2010-01-01_2012-12-31/forecasts/MPS04
      MPS04after: 2010-01-01_2012-12-31/forecasts/MPS04after
      PHM_Grid: 2010-01-01_2012-12-31/forecasts/PHM_Grid
      PHM_Zone: 2010-01-01_2012-12-31/forecasts/PHM_Zone
      RI: 2010-01-01_2012-12-31/forecasts/RI
      TripleS-CPTI: 2010-01-01_2012-12-31/forecasts/TripleS-CPTI
      TripleS-CSI: 2010-01-01_2012-12-31/forecasts/TripleS-CSI
      TripleS-hybrid: 2010-01-01_2012-12-31/forecasts/TripleS-hybrid
  2010-01-01_2013-12-31:
    catalog: 2010-01-01_2013-12-31/catalog/test_catalog.json
    evaluations:
      Sequential_IG:
        ALM: 2010-01-01_2013-12-31/evaluations/Sequential_IG_ALM.json
        ALM_IT: 2010-01-01_2013-12-31/evaluations/Sequential_IG_ALM_IT.json
        DBM: 2010-01-01_2013-12-31/evaluations/Sequential_IG_DBM.json
        HALM: 2010-01-01_2013-12-31/evaluations/Sequential_IG_HALM.json
        HAZFX_BPT: 2010-01-01_2013-12-31/evaluations/Sequential_IG_HAZFX_BPT.json
        HAZGRIDX: 2010-01-01_2013-12-31/evaluations/Sequential_IG_HAZGRIDX.json
        HRSS-m1: 2010-01-01_2013-12-31/evaluations/Sequential_IG_HRSS-m1.json
        HRSS-m2: 2010-01-01_2013-12-31/evaluations/Sequential_IG_HRSS-m2.json
        HZA_TD: 2010-01-01_2013-12-31/evaluations/Sequential_IG_HZA_TD.json
        HZA_TI: 2010-01-01_2013-12-31/evaluations/Sequential_IG_HZA_TI.json
        LTST: 2010-01-01_2013-12-31/evaluations/Sequential_IG_LTST.json
        MPS04: 2010-01-01_2013-12-31/evaluations/Sequential_IG_MPS04.json
        MPS04after: 2010-01-01_2013-12-31/evaluations/Sequential_IG_MPS04after.json
        PHM_Grid: 2010-01-01_2013-12-31/evaluations/Sequential_IG_PHM_Grid.json
        PHM_Zone: 2010-01-01_2013-12-31/evaluations/Sequential_IG_PHM_Zone.json
        RI: 2010-01-01_2013-12-31/evaluations/Sequential_IG_RI.json
        TripleS-CPTI: 2010-01-01_2013-12-31/evaluations/Sequential_IG_TripleS-CPTI.json
        TripleS-CSI: 2010-01-01_2013-12-31/evaluations/Sequential_IG_TripleS-CSI.json
        TripleS-hybrid: 2010-01-01_2013-12-31/evaluations/Sequential_IG_TripleS-hybrid.json
    figures:
      Sequential_IG: 2010-01-01_2013-12-31/figures/Sequential_IG
      catalog: 2010-01-01_2013-12-31/figures/catalog
      magnitude_time: 2010-01-01_2013-12-31/figures/magnitude_time
    forecasts:
      ALM: 2010-01-01_2013-12-31/forecasts/ALM
      ALM_IT: 2010-01-01_2013-12-31/forecasts/ALM_IT
      DBM: 2010-01-01_2013-12-31/forecasts/DBM
      HALM: 2010-01-01_2013-12-31/forecasts/HALM
      HAZFX_BPT: 2010-01-01_2013-12-31/forecasts/HAZFX_BPT
      HAZGRIDX: 2010-01-01_2013-12-31/forecasts/HAZGRIDX
      HRSS-m1: 2010-01-01_2013-12-31/forecasts/HRSS-m1
      HRSS-m2: 2010-01-01_2013-12-31/forecasts/HRSS-m2
      HZA_TD: 2010-01-01_2013-12-31/forecasts/HZA_TD
      HZA_TI: 2010-01-01_2013-12-31/forecasts/HZA_TI
      LTST: 2010-01-01_2013-12-31/forecasts/LTST
      MPS04: 2010-01-01_2013-12-31/forecasts/MPS04
      MPS04after: 2010-01-01_2013-12-31/forecasts/MPS04after
      PHM_Grid: 2010-01-01_2013-12-31/forecasts/PHM_Grid
      PHM_Zone: 2010-01-01_2013-12-31/forecasts/PHM_Zone
      RI: 2010-01-01_2013-12-31/forecasts/RI
      TripleS-CPTI: 2010-01-01_2013-12-31/forecasts/TripleS-CPTI
      TripleS-CSI: 2010-01-01_2013-12-31/forecasts/TripleS-CSI
      TripleS-hybrid: 2010-01-01_2013-12-31/forecasts/TripleS-hybrid
  2010-01-01_2015-01-01:
    catalog: 2010-01-01_2015-01-01/catalog/test_catalog.json
    evaluations:
      Sequential_IG:
        ALM: 2010-01-01_2015-01-01/evaluations/Sequential_IG_ALM.json
        ALM_IT: 2010-01-01_2015-01-01/evaluations/Sequential_IG_ALM_IT.json
        DBM: 2010-01-01_2015-01-01/evaluations/Sequential_IG_DBM.json
        HALM: 2010-01-01_2015-01-01/evaluations/Sequential_IG_HALM.json
        HAZFX_BPT: 2010-01-01_2015-01-01/evaluations/Sequential_IG_HAZFX_BPT.json
        HAZGRIDX: 2010-01-01_2015-01-01/evaluations/Sequential_IG_HAZGRIDX.json
        HRSS-m1: 2010-01-01_2015-01-01/evaluations/Sequential_IG_HRSS-m1.json
        HRSS-m2: 2010-01-01_2015-01-01/evaluations/Sequential_IG_HRSS-m2.json
        HZA_TD: 2010-01-01_2015-01-01/evaluations/Sequential_IG_HZA_TD.json
        HZA_TI: 2010-01-01_2015-01-01/evaluations/Sequential_IG_HZA_TI.json
        LTST: 2010-01-01_2015-01-01/evaluations/Sequential_IG_LTST.json
        MPS04: 2010-01-01_2015-01-01/evaluations/Sequential_IG_MPS04.json
        MPS04after: 2010-01-01_2015-01-01/evaluations/Sequential_IG_MPS04after.json
        PHM_Grid: 2010-01-01_2015-01-01/evaluations/Sequential_IG_PHM_Grid.json
        PHM_Zone: 2010-01-01_2015-01-01/evaluations/Sequential_IG_PHM_Zone.json
        RI: 2010-01-01_2015-01-01/evaluations/Sequential_IG_RI.json
        TripleS-CPTI: 2010-01-01_2015-01-01/evaluations/Sequential_IG_TripleS-CPTI.json
        TripleS-CSI: 2010-01-01_2015-01-01/evaluations/Sequential_IG_TripleS-CSI.json
        TripleS-hybrid: 2010-01-01_2015-01-01/evaluations/Sequential_IG_TripleS-hybrid.json
    figures:
      Sequential_IG: 2010-01-01_2015-01-01/figures/Sequential_IG
      catalog: 2010-01-01_2015-01-01/figures/catalog
      magnitude_time: 2010-01-01_2015-01-01/figures/magnitude_time
    forecasts:
      ALM: 2010-01-01_2015-01-01/forecasts/ALM
      ALM_IT: 2010-01-01_2015-01-01/forecasts/ALM_IT
      DBM: 2010-01-01_2015-01-01/forecasts/DBM
      HALM: 2010-01-01_2015-01-01/forecasts/HALM
      HAZFX_BPT: 2010-01-01_2015-01-01/forecasts/HAZFX_BPT
      HAZGRIDX: 2010-01-01_2015-01-01/forecasts/HAZGRIDX
      HRSS-m1: 2010-01-01_2015-01-01/forecasts/HRSS-m1
      HRSS-m2: 2010-01-01_2015-01-01/forecasts/HRSS-m2
      HZA_TD: 2010-01-01_2015-01-01/forecasts/HZA_TD
      HZA_TI: 2010-01-01_2015-01-01/forecasts/HZA_TI
      LTST: 2010-01-01_2015-01-01/forecasts/LTST
      MPS04: 2010-01-01_2015-01-01/forecasts/MPS04
      MPS04after: 2010-01-01_2015-01-01/forecasts/MPS04after
      PHM_Grid: 2010-01-01_2015-01-01/forecasts/PHM_Grid
      PHM_Zone: 2010-01-01_2015-01-01/forecasts/PHM_Zone
      RI: 2010-01-01_2015-01-01/forecasts/RI
      TripleS-CPTI: 2010-01-01_2015-01-01/forecasts/TripleS-CPTI
      TripleS-CSI: 2010-01-01_2015-01-01/forecasts/TripleS-CSI
      TripleS-hybrid: 2010-01-01_2015-01-01/forecasts/TripleS-hybrid
  2010-01-01_2016-01-01:
    catalog: 2010-01-01_2016-01-01/catalog/test_catalog.json
    evaluations:
      Sequential_IG:
        ALM: 2010-01-01_2016-01-01/evaluations/Sequential_IG_ALM.json
        ALM_IT: 2010-01-01_2016-01-01/evaluations/Sequential_IG_ALM_IT.json
        DBM: 2010-01-01_2016-01-01/evaluations/Sequential_IG_DBM.json
        HALM: 2010-01-01_2016-01-01/evaluations/Sequential_IG_HALM.json
        HAZFX_BPT: 2010-01-01_2016-01-01/evaluations/Sequential_IG_HAZFX_BPT.json
        HAZGRIDX: 2010-01-01_2016-01-01/evaluations/Sequential_IG_HAZGRIDX.json
        HRSS-m1: 2010-01-01_2016-01-01/evaluations/Sequential_IG_HRSS-m1.json
        HRSS-m2: 2010-01-01_2016-01-01/evaluations/Sequential_IG_HRSS-m2.json
        HZA_TD: 2010-01-01_2016-01-01/evaluations/Sequential_IG_HZA_TD.json
        HZA_TI: 2010-01-01_2016-01-01/evaluations/Sequential_IG_HZA_TI.json
        LTST: 2010-01-01_2016-01-01/evaluations/Sequential_IG_LTST.json
        MPS04: 2010-01-01_2016-01-01/evaluations/Sequential_IG_MPS04.json
        MPS04after: 2010-01-01_2016-01-01/evaluations/Sequential_IG_MPS04after.json
        PHM_Grid: 2010-01-01_2016-01-01/evaluations/Sequential_IG_PHM_Grid.json
        PHM_Zone: 2010-01-01_2016-01-01/evaluations/Sequential_IG_PHM_Zone.json
        RI: 2010-01-01_2016-01-01/evaluations/Sequential_IG_RI.json
        TripleS-CPTI: 2010-01-01_2016-01-01/evaluations/Sequential_IG_TripleS-CPTI.json
        TripleS-CSI: 2010-01-01_2016-01-01/evaluations/Sequential_IG_TripleS-CSI.json
        TripleS-hybrid: 2010-01-01_2016-01-01/evaluations/Sequential_IG_TripleS-hybrid.json
    figures:
      Sequential_IG: 2010-01-01_2016-01-01/figures/Sequential_IG
      catalog: 2010-01-01_2016-01-01/figures/catalog
      magnitude_time: 2010-01-01_2016-01-01/figures/magnitude_time
    forecasts:
      ALM: 2010-01-01_2016-01-01/forecasts/ALM
      ALM_IT: 2010-01-01_2016-01-01/forecasts/ALM_IT
      DBM: 2010-01-01_2016-01-01/forecasts/DBM
      HALM: 2010-01-01_2016-01-01/forecasts/HALM
      HAZFX_BPT: 2010-01-01_2016-01-01/forecasts/HAZFX_BPT
      HAZGRIDX: 2010-01-01_2016-01-01/forecasts/HAZGRIDX
      HRSS-m1: 2010-01-01_2016-01-01/forecasts/HRSS-m1
      HRSS-m2: 2010-01-01_2016-01-01/forecasts/HRSS-m2
      HZA_TD: 2010-01-01_2016-01-01/forecasts/HZA_TD
      HZA_TI: 2010-01-01_2016-01-01/forecasts/HZA_TI
      LTST: 2010-01-01_2016-01-01/forecasts/LTST
      MPS04: 2010-01-01_2016-01-01/forecasts/MPS04
      MPS04after: 2010-01-01_2016-01-01/forecasts/MPS04after
      PHM_Grid: 2010-01-01_2016-01-01/forecasts/PHM_Grid
      PHM_Zone: 2010-01-01_2016-01-01/forecasts/PHM_Zone
      RI: 2010-01-01_2016-01-01/forecasts/RI
      TripleS-CPTI: 2010-01-01_2016-01-01/forecasts/TripleS-CPTI
      TripleS-CSI: 2010-01-01_2016-01-01/forecasts/TripleS-CSI
      TripleS-hybrid: 2010-01-01_2016-01-01/forecasts/TripleS-hybrid
  2010-01-01_2016-12-31:
    catalog: 2010-01-01_2016-12-31/catalog/test_catalog.json
    evaluations:
      Sequential_IG:
        ALM: 2010-01-01_2016-12-31/evaluations/Sequential_IG_ALM.json
        ALM_IT: 2010-01-01_2016-12-31/evaluations/Sequential_IG_ALM_IT.json
        DBM: 2010-01-01_2016-12-31/evaluations/Sequential_IG_DBM.json
        HALM: 2010-01-01_2016-12-31/evaluations/Sequential_IG_HALM.json
        HAZFX_BPT: 2010-01-01_2016-12-31/evaluations/Sequential_IG_HAZFX_BPT.json
        HAZGRIDX: 2010-01-01_2016-12-31/evaluations/Sequential_IG_HAZGRIDX.json
        HRSS-m1: 2010-01-01_2016-12-31/evaluations/Sequential_IG_HRSS-m1.json
        HRSS-m2: 2010-01-01_2016-12-31/evaluations/Sequential_IG_HRSS-m2.json
        HZA_TD: 2010-01-01_2016-12-31/evaluations/Sequential_IG_HZA_TD.json
        HZA_TI: 2010-01-01_2016-12-31/evaluations/Sequential_IG_HZA_TI.json
        LTST: 2010-01-01_2016-12-31/evaluations/Sequential_IG_LTST.json
        MPS04: 2010-01-01_2016-12-31/evaluations/Sequential_IG_MPS04.json
        MPS04after: 2010-01-01_2016-12-31/evaluations/Sequential_IG_MPS04after.json
        PHM_Grid: 2010-01-01_2016-12-31/evaluations/Sequential_IG_PHM_Grid.json
        PHM_Zone: 2010-01-01_2016-12-31/evaluations/Sequential_IG_PHM_Zone.json
        RI: 2010-01-01_2016-12-31/evaluations/Sequential_IG_RI.json
        TripleS-CPTI: 2010-01-01_2016-12-31/evaluations/Sequential_IG_TripleS-CPTI.json
        TripleS-CSI: 2010-01-01_2016-12-31/evaluations/Sequential_IG_TripleS-CSI.json
        TripleS-hybrid: 2010-01-01_2016-12-31/evaluations/Sequential_IG_TripleS-hybrid.json
    figures:
      Sequential_IG: 2010-01-01_2016-12-31/figures/Sequential_IG
      catalog: 2010-01-01_2016-12-31/figures/catalog
      magnitude_time: 2010-01-01_2016-12-31/figures/magnitude_time
    forecasts:
      ALM: 2010-01-01_2016-12-31/forecasts/ALM
      ALM_IT: 2010-01-01_2016-12-31/forecasts/ALM_IT
      DBM: 2010-01-01_2016-12-31/forecasts/DBM
      HALM: 2010-01-01_2016-12-31/forecasts/HALM
      HAZFX_BPT: 2010-01-01_2016-12-31/forecasts/HAZFX_BPT
      HAZGRIDX: 2010-01-01_2016-12-31/forecasts/HAZGRIDX
      HRSS-m1: 2010-01-01_2016-12-31/forecasts/HRSS-m1
      HRSS-m2: 2010-01-01_2016-12-31/forecasts/HRSS-m2
      HZA_TD: 2010-01-01_2016-12-31/forecasts/HZA_TD
      HZA_TI: 2010-01-01_2016-12-31/forecasts/HZA_TI
      LTST: 2010-01-01_2016-12-31/forecasts/LTST
      MPS04: 2010-01-01_2016-12-31/forecasts/MPS04
      MPS04after: 2010-01-01_2016-12-31/forecasts/MPS04after
      PHM_Grid: 2010-01-01_2016-12-31/forecasts/PHM_Grid
      PHM_Zone: 2010-01-01_2016-12-31/forecasts/PHM_Zone
      RI: 2010-01-01_2016-12-31/forecasts/RI
      TripleS-CPTI: 2010-01-01_2016-12-31/forecasts/TripleS-CPTI
      TripleS-CSI: 2010-01-01_2016-12-31/forecasts/TripleS-CSI
      TripleS-hybrid: 2010-01-01_2016-12-31/forecasts/TripleS-hybrid
  2010-01-01_2017-12-31:
    catalog: 2010-01-01_2017-12-31/catalog/test_catalog.json
    evaluations:
      Sequential_IG:
        ALM: 2010-01-01_2017-12-31/evaluations/Sequential_IG_ALM.json
        ALM_IT: 2010-01-01_2017-12-31/evaluations/Sequential_IG_ALM_IT.json
        DBM: 2010-01-01_2017-12-31/evaluations/Sequential_IG_DBM.json
        HALM: 2010-01-01_2017-12-31/evaluations/Sequential_IG_HALM.json
        HAZFX_BPT: 2010-01-01_2017-12-31/evaluations/Sequential_IG_HAZFX_BPT.json
        HAZGRIDX: 2010-01-01_2017-12-31/evaluations/Sequential_IG_HAZGRIDX.json
        HRSS-m1: 2010-01-01_2017-12-31/evaluations/Sequential_IG_HRSS-m1.json
        HRSS-m2: 2010-01-01_2017-12-31/evaluations/Sequential_IG_HRSS-m2.json
        HZA_TD: 2010-01-01_2017-12-31/evaluations/Sequential_IG_HZA_TD.json
        HZA_TI: 2010-01-01_2017-12-31/evaluations/Sequential_IG_HZA_TI.json
        LTST: 2010-01-01_2017-12-31/evaluations/Sequential_IG_LTST.json
        MPS04: 2010-01-01_2017-12-31/evaluations/Sequential_IG_MPS04.json
        MPS04after: 2010-01-01_2017-12-31/evaluations/Sequential_IG_MPS04after.json
        PHM_Grid: 2010-01-01_2017-12-31/evaluations/Sequential_IG_PHM_Grid.json
        PHM_Zone: 2010-01-01_2017-12-31/evaluations/Sequential_IG_PHM_Zone.json
        RI: 2010-01-01_2017-12-31/evaluations/Sequential_IG_RI.json
        TripleS-CPTI: 2010-01-01_2017-12-31/evaluations/Sequential_IG_TripleS-CPTI.json
        TripleS-CSI: 2010-01-01_2017-12-31/evaluations/Sequential_IG_TripleS-CSI.json
        TripleS-hybrid: 2010-01-01_2017-12-31/evaluations/Sequential_IG_TripleS-hybrid.json
    figures:
      Sequential_IG: 2010-01-01_2017-12-31/figures/Sequential_IG
      catalog: 2010-01-01_2017-12-31/figures/catalog
      magnitude_time: 2010-01-01_2017-12-31/figures/magnitude_time
    forecasts:
      ALM: 2010-01-01_2017-12-31/forecasts/ALM
      ALM_IT: 2010-01-01_2017-12-31/forecasts/ALM_IT
      DBM: 2010-01-01_2017-12-31/forecasts/DBM
      HALM: 2010-01-01_2017-12-31/forecasts/HALM
      HAZFX_BPT: 2010-01-01_2017-12-31/forecasts/HAZFX_BPT
      HAZGRIDX: 2010-01-01_2017-12-31/forecasts/HAZGRIDX
      HRSS-m1: 2010-01-01_2017-12-31/forecasts/HRSS-m1
      HRSS-m2: 2010-01-01_2017-12-31/forecasts/HRSS-m2
      HZA_TD: 2010-01-01_2017-12-31/forecasts/HZA_TD
      HZA_TI: 2010-01-01_2017-12-31/forecasts/HZA_TI
      LTST: 2010-01-01_2017-12-31/forecasts/LTST
      MPS04: 2010-01-01_2017-12-31/forecasts/MPS04
      MPS04after: 2010-01-01_2017-12-31/forecasts/MPS04after
      PHM_Grid: 2010-01-01_2017-12-31/forecasts/PHM_Grid
      PHM_Zone: 2010-01-01_2017-12-31/forecasts/PHM_Zone
      RI: 2010-01-01_2017-12-31/forecasts/RI
      TripleS-CPTI: 2010-01-01_2017-12-31/forecasts/TripleS-CPTI
      TripleS-CSI: 2010-01-01_2017-12-31/forecasts/TripleS-CSI
      TripleS-hybrid: 2010-01-01_2017-12-31/forecasts/TripleS-hybrid
  2010-01-01_2018-12-31:
    catalog: 2010-01-01_2018-12-31/catalog/test_catalog.json
    evaluations:
      Sequential_IG:
        ALM: 2010-01-01_2018-12-31/evaluations/Sequential_IG_ALM.json
        ALM_IT: 2010-01-01_2018-12-31/evaluations/Sequential_IG_ALM_IT.json
        DBM: 2010-01-01_2018-12-31/evaluations/Sequential_IG_DBM.json
        HALM: 2010-01-01_2018-12-31/evaluations/Sequential_IG_HALM.json
        HAZFX_BPT: 2010-01-01_2018-12-31/evaluations/Sequential_IG_HAZFX_BPT.json
        HAZGRIDX: 2010-01-01_2018-12-31/evaluations/Sequential_IG_HAZGRIDX.json
        HRSS-m1: 2010-01-01_2018-12-31/evaluations/Sequential_IG_HRSS-m1.json
        HRSS-m2: 2010-01-01_2018-12-31/evaluations/Sequential_IG_HRSS-m2.json
        HZA_TD: 2010-01-01_2018-12-31/evaluations/Sequential_IG_HZA_TD.json
        HZA_TI: 2010-01-01_2018-12-31/evaluations/Sequential_IG_HZA_TI.json
        LTST: 2010-01-01_2018-12-31/evaluations/Sequential_IG_LTST.json
        MPS04: 2010-01-01_2018-12-31/evaluations/Sequential_IG_MPS04.json
        MPS04after: 2010-01-01_2018-12-31/evaluations/Sequential_IG_MPS04after.json
        PHM_Grid: 2010-01-01_2018-12-31/evaluations/Sequential_IG_PHM_Grid.json
        PHM_Zone: 2010-01-01_2018-12-31/evaluations/Sequential_IG_PHM_Zone.json
        RI: 2010-01-01_2018-12-31/evaluations/Sequential_IG_RI.json
        TripleS-CPTI: 2010-01-01_2018-12-31/evaluations/Sequential_IG_TripleS-CPTI.json
        TripleS-CSI: 2010-01-01_2018-12-31/evaluations/Sequential_IG_TripleS-CSI.json
        TripleS-hybrid: 2010-01-01_2018-12-31/evaluations/Sequential_IG_TripleS-hybrid.json
    figures:
      Sequential_IG: 2010-01-01_2018-12-31/figures/Sequential_IG
      catalog: 2010-01-01_2018-12-31/figures/catalog
      magnitude_time: 2010-01-01_2018-12-31/figures/magnitude_time
    forecasts:
      ALM: 2010-01-01_2018-12-31/forecasts/ALM
      ALM_IT: 2010-01-01_2018-12-31/forecasts/ALM_IT
      DBM: 2010-01-01_2018-12-31/forecasts/DBM
      HALM: 2010-01-01_2018-12-31/forecasts/HALM
      HAZFX_BPT: 2010-01-01_2018-12-31/forecasts/HAZFX_BPT
      HAZGRIDX: 2010-01-01_2018-12-31/forecasts/HAZGRIDX
      HRSS-m1: 2010-01-01_2018-12-31/forecasts/HRSS-m1
      HRSS-m2: 2010-01-01_2018-12-31/forecasts/HRSS-m2
      HZA_TD: 2010-01-01_2018-12-31/forecasts/HZA_TD
      HZA_TI: 2010-01-01_2018-12-31/forecasts/HZA_TI
      LTST: 2010-01-01_2018-12-31/forecasts/LTST
      MPS04: 2010-01-01_2018-12-31/forecasts/MPS04
      MPS04after: 2010-01-01_2018-12-31/forecasts/MPS04after
      PHM_Grid: 2010-01-01_2018-12-31/forecasts/PHM_Grid
      PHM_Zone: 2010-01-01_2018-12-31/forecasts/PHM_Zone
      RI: 2010-01-01_2018-12-31/forecasts/RI
      TripleS-CPTI: 2010-01-01_2018-12-31/forecasts/TripleS-CPTI
      TripleS-CSI: 2010-01-01_2018-12-31/forecasts/TripleS-CSI
      TripleS-hybrid: 2010-01-01_2018-12-31/forecasts/TripleS-hybrid
  2010-01-01_2020-01-01:
    catalog: 2010-01-01_2020-01-01/catalog/test_catalog.json
    evaluations:
      Sequential_IG:
        ALM: 2010-01-01_2020-01-01/evaluations/Sequential_IG_ALM.json
        ALM_IT: 2010-01-01_2020-01-01/evaluations/Sequential_IG_ALM_IT.json
        DBM: 2010-01-01_2020-01-01/evaluations/Sequential_IG_DBM.json
        HALM: 2010-01-01_2020-01-01/evaluations/Sequential_IG_HALM.json
        HAZFX_BPT: 2010-01-01_2020-01-01/evaluations/Sequential_IG_HAZFX_BPT.json
        HAZGRIDX: 2010-01-01_2020-01-01/evaluations/Sequential_IG_HAZGRIDX.json
        HRSS-m1: 2010-01-01_2020-01-01/evaluations/Sequential_IG_HRSS-m1.json
        HRSS-m2: 2010-01-01_2020-01-01/evaluations/Sequential_IG_HRSS-m2.json
        HZA_TD: 2010-01-01_2020-01-01/evaluations/Sequential_IG_HZA_TD.json
        HZA_TI: 2010-01-01_2020-01-01/evaluations/Sequential_IG_HZA_TI.json
        LTST: 2010-01-01_2020-01-01/evaluations/Sequential_IG_LTST.json
        MPS04: 2010-01-01_2020-01-01/evaluations/Sequential_IG_MPS04.json
        MPS04after: 2010-01-01_2020-01-01/evaluations/Sequential_IG_MPS04after.json
        PHM_Grid: 2010-01-01_2020-01-01/evaluations/Sequential_IG_PHM_Grid.json
        PHM_Zone: 2010-01-01_2020-01-01/evaluations/Sequential_IG_PHM_Zone.json
        RI: 2010-01-01_2020-01-01/evaluations/Sequential_IG_RI.json
        TripleS-CPTI: 2010-01-01_2020-01-01/evaluations/Sequential_IG_TripleS-CPTI.json
        TripleS-CSI: 2010-01-01_2020-01-01/evaluations/Sequential_IG_TripleS-CSI.json
        TripleS-hybrid: 2010-01-01_2020-01-01/evaluations/Sequential_IG_TripleS-hybrid.json
    figures:
      Sequential_IG: 2010-01-01_2020-01-01/figures/Sequential_IG
      catalog: 2010-01-01_2020-01-01/figures/catalog
      magnitude_time: 2010-01-01_2020-01-01/figures/magnitude_time
    forecasts:
      ALM: 2010-01-01_2020-01-01/forecasts/ALM
      ALM_IT: 2010-01-01_2020-01-01/forecasts/ALM_IT
      DBM: 2010-01-01_2020-01-01/forecasts/DBM
      HALM: 2010-01-01_2020-01-01/forecasts/HALM
      HAZFX_BPT: 2010-01-01_2020-01-01/forecasts/HAZFX_BPT
      HAZGRIDX: 2010-01-01_2020-01-01/forecasts/HAZGRIDX
      HRSS-m1: 2010-01-01_2020-01-01/forecasts/HRSS-m1
      HRSS-m2: 2010-01-01_2020-01-01/forecasts/HRSS-m2
      HZA_TD: 2010-01-01_2020-01-01/forecasts/HZA_TD
      HZA_TI: 2010-01-01_2020-01-01/forecasts/HZA_TI
      LTST: 2010-01-01_2020-01-01/forecasts/LTST
      MPS04: 2010-01-01_2020-01-01/forecasts/MPS04
      MPS04after: 2010-01-01_2020-01-01/forecasts/MPS04after
      PHM_Grid: 2010-01-01_2020-01-01/forecasts/PHM_Grid
      PHM_Zone: 2010-01-01_2020-01-01/forecasts/PHM_Zone
      RI: 2010-01-01_2020-01-01/forecasts/RI
      TripleS-CPTI: 2010-01-01_2020-01-01/forecasts/TripleS-CPTI
      TripleS-CSI: 2010-01-01_2020-01-01/forecasts/TripleS-CSI
      TripleS-hybrid: 2010-01-01_2020-01-01/forecasts/TripleS-hybrid
  catalog_figure: catalog
  config: repr_config.yml
  magnitude_time: events
result_exists:
  2010-01-01_2011-01-01:
    catalog: false
    evaluations:
      Sequential_IG:
        ALM: false
        ALM_IT: false
        DBM: false
        HALM: false
        HAZFX_BPT: false
        HAZGRIDX: false
        HRSS-m1: false
        HRSS-m2: false
        HZA_TD: false
        HZA_TI: false
        LTST: false
        MPS04: false
        MPS04after: false
        PHM_Grid: false
        PHM_Zone: false
        RI: false
        TripleS-CPTI: false
        TripleS-CSI: false
        TripleS-hybrid: false
    forecasts: false
  2010-01-01_2012-01-01:
    catalog: false
    evaluations:
      Sequential_IG:
        ALM: false
        ALM_IT: false
        DBM: false
        HALM: false
        HAZFX_BPT: false
        HAZGRIDX: false
        HRSS-m1: false
        HRSS-m2: false
        HZA_TD: false
        HZA_TI: false
        LTST: false
        MPS04: false
        MPS04after: false
        PHM_Grid: false
        PHM_Zone: false
        RI: false
        TripleS-CPTI: false
        TripleS-CSI: false
        TripleS-hybrid: false
    forecasts: false
  2010-01-01_2012-12-31:
    catalog: false
    evaluations:
      Sequential_IG:
        ALM: false
        ALM_IT: false
        DBM: false
        HALM: false
        HAZFX_BPT: false
        HAZGRIDX: false
        HRSS-m1: false
        HRSS-m2: false
        HZA_TD: false
        HZA_TI: false
        LTST: false
        MPS04: false
        MPS04after: false
        PHM_Grid: false
        PHM_Zone: false
        RI: false
        TripleS-CPTI: false
        TripleS-CSI: false
        TripleS-hybrid: false
    forecasts: false
  2010-01-01_2013-12-31:
    catalog: false
    evaluations:
      Sequential_IG:
        ALM: false
        ALM_IT: false
        DBM: false
        HALM: false
        HAZFX_BPT: false
        HAZGRIDX: false
        HRSS-m1: false
        HRSS-m2: false
        HZA_TD: false
        HZA_TI: false
        LTST: false
        MPS04: false
        MPS04after: false
        PHM_Grid: false
        PHM_Zone: false
        RI: false
        TripleS-CPTI: false
        TripleS-CSI: false
        TripleS-hybrid: false
    forecasts: false
  2010-01-01_2015-01-01:
    catalog: false
    evaluations:
      Sequential_IG:
        ALM: false
        ALM_IT: false
        DBM: false
        HALM: false
        HAZFX_BPT: false
        HAZGRIDX: false
        HRSS-m1: false
        HRSS-m2: false
        HZA_TD: false
        HZA_TI: false
        LTST: false
        MPS04: false
        MPS04after: false
        PHM_Grid: false
        PHM_Zone: false
        RI: false
        TripleS-CPTI: false
        TripleS-CSI: false
        TripleS-hybrid: false
    forecasts: false
  2010-01-01_2016-01-01:
    catalog: false
    evaluations:
      Sequential_IG:
        ALM: false
        ALM_IT: false
        DBM: false
        HALM: false
        HAZFX_BPT: false
        HAZGRIDX: false
        HRSS-m1: false
        HRSS-m2: false
        HZA_TD: false
        HZA_TI: false
        LTST: false
        MPS04: false
        MPS04after: false
        PHM_Grid: false
        PHM_Zone: false
        RI: false
        TripleS-CPTI: false
        TripleS-CSI: false
        TripleS-hybrid: false
    forecasts: false
  2010-01-01_2016-12-31:
    catalog: false
    evaluations:
      Sequential_IG:
        ALM: false
        ALM_IT: false
        DBM: false
        HALM: false
        HAZFX_BPT: false
        HAZGRIDX: false
        HRSS-m1: false
        HRSS-m2: false
        HZA_TD: false
        HZA_TI: false
        LTST: false
        MPS04: false
        MPS04after: false
        PHM_Grid: false
        PHM_Zone: false
        RI: false
        TripleS-CPTI: false
        TripleS-CSI: false
        TripleS-hybrid: false
    forecasts: false
  2010-01-01_2017-12-31:
    catalog: false
    evaluations:
      Sequential_IG:
        ALM: false
        ALM_IT: false
        DBM: false
        HALM: false
        HAZFX_BPT: false
        HAZGRIDX: false
        HRSS-m1: false
        HRSS-m2: false
        HZA_TD: false
        HZA_TI: false
        LTST: false
        MPS04: false
        MPS04after: false
        PHM_Grid: false
        PHM_Zone: false
        RI: false
        TripleS-CPTI: false
        TripleS-CSI: false
        TripleS-hybrid: false
    forecasts: false
  2010-01-01_2018-12-31:
    catalog: false
    evaluations:
      Sequential_IG:
        ALM: false
        ALM_IT: false
        DBM: false
        HALM: false
        HAZFX_BPT: false
        HAZGRIDX: false
        HRSS-m1: false
        HRSS-m2: false
        HZA_TD: false
        HZA_TI: false
        LTST: false
        MPS04: false
        MPS04after: false
        PHM_Grid: false
        PHM_Zone: false
        RI: false
        TripleS-CPTI: false
        TripleS-CSI: false
        TripleS-hybrid: false
    forecasts: false
  2010-01-01_2020-01-01:
    catalog: false
    evaluations:
      Sequential_IG:
        ALM: false
        ALM_IT: false
        DBM: false
        HALM: false
        HAZFX_BPT: false
        HAZGRIDX: false
        HRSS-m1: false
        HRSS-m2: false
        HZA_TD: false
        HZA_TI: false
        LTST: false
        MPS04: false
        MPS04after: false
        PHM_Grid: false
        PHM_Zone: false
        RI: false
        TripleS-CPTI: false
        TripleS-CSI: false
        TripleS-hybrid: false
    forecasts: false
rundir: results
workdir: /home/pciturri/PycharmProjects/fe_italy_ti/src/sequential

2023-07-25 16:15:43 INFO - Running 219 tasks
2023-07-25 16:15:43 DEBUG - Filtering catalog to testing sub-catalog and saving to /home/pciturri/PycharmProjects/fe_italy_ti/src/sequential/results/2010-01-01_2011-01-01/catalog/test_catalog.json
2023-07-25 16:15:43 DEBUG - Filtering catalog to testing sub-catalog and saving to /home/pciturri/PycharmProjects/fe_italy_ti/src/sequential/results/2010-01-01_2012-01-01/catalog/test_catalog.json
2023-07-25 16:15:43 DEBUG - Filtering catalog to testing sub-catalog and saving to /home/pciturri/PycharmProjects/fe_italy_ti/src/sequential/results/2010-01-01_2012-12-31/catalog/test_catalog.json
2023-07-25 16:15:43 DEBUG - Filtering catalog to testing sub-catalog and saving to /home/pciturri/PycharmProjects/fe_italy_ti/src/sequential/results/2010-01-01_2013-12-31/catalog/test_catalog.json
2023-07-25 16:15:43 DEBUG - Filtering catalog to testing sub-catalog and saving to /home/pciturri/PycharmProjects/fe_italy_ti/src/sequential/results/2010-01-01_2015-01-01/catalog/test_catalog.json
2023-07-25 16:15:43 DEBUG - Filtering catalog to testing sub-catalog and saving to /home/pciturri/PycharmProjects/fe_italy_ti/src/sequential/results/2010-01-01_2016-01-01/catalog/test_catalog.json
2023-07-25 16:15:43 DEBUG - Filtering catalog to testing sub-catalog and saving to /home/pciturri/PycharmProjects/fe_italy_ti/src/sequential/results/2010-01-01_2016-12-31/catalog/test_catalog.json
2023-07-25 16:15:43 DEBUG - Filtering catalog to testing sub-catalog and saving to /home/pciturri/PycharmProjects/fe_italy_ti/src/sequential/results/2010-01-01_2017-12-31/catalog/test_catalog.json
2023-07-25 16:15:44 DEBUG - Filtering catalog to testing sub-catalog and saving to /home/pciturri/PycharmProjects/fe_italy_ti/src/sequential/results/2010-01-01_2018-12-31/catalog/test_catalog.json
2023-07-25 16:15:44 DEBUG - Filtering catalog to testing sub-catalog and saving to /home/pciturri/PycharmProjects/fe_italy_ti/src/sequential/results/2010-01-01_2020-01-01/catalog/test_catalog.json
2023-07-25 16:15:44 DEBUG - Model HAZFX_BPT:
	Forecast expected count: 1.52 with scaling parameter: 1.0
2023-07-25 16:15:44 DEBUG - Model LTST:
	Forecast expected count: 1.73 with scaling parameter: 1.0
2023-07-25 16:15:44 DEBUG - Model RI:
	Forecast expected count: 0.98 with scaling parameter: 1.0
2023-07-25 16:15:44 DEBUG - Model DBM:
	Forecast expected count: 1.84 with scaling parameter: 1.0
2023-07-25 16:15:44 DEBUG - Model HAZGRIDX:
	Forecast expected count: 1.24 with scaling parameter: 1.0
2023-07-25 16:15:44 DEBUG - Model MPS04:
	Forecast expected count: 1.98 with scaling parameter: 1.0
2023-07-25 16:15:44 DEBUG - Model MPS04after:
	Forecast expected count: 2.46 with scaling parameter: 1.0
2023-07-25 16:15:44 DEBUG - Model PHM_Grid:
	Forecast expected count: 1.30 with scaling parameter: 1.0
2023-07-25 16:15:44 DEBUG - Model PHM_Zone:
	Forecast expected count: 1.23 with scaling parameter: 1.0
2023-07-25 16:15:44 DEBUG - Model HZA_TD:
	Forecast expected count: 1.82 with scaling parameter: 1.0
2023-07-25 16:15:44 DEBUG - Model HZA_TI:
	Forecast expected count: 1.82 with scaling parameter: 1.0
2023-07-25 16:15:44 DEBUG - Model ALM:
	Forecast expected count: 1.62 with scaling parameter: 1.0
2023-07-25 16:15:45 DEBUG - Model ALM_IT:
	Forecast expected count: 1.74 with scaling parameter: 1.0
2023-07-25 16:15:45 DEBUG - Model HALM:
	Forecast expected count: 1.69 with scaling parameter: 1.0
2023-07-25 16:15:45 DEBUG - Model HRSS-m2:
	Forecast expected count: 1.72 with scaling parameter: 1.0
2023-07-25 16:15:45 DEBUG - Model HRSS-m1:
	Forecast expected count: 1.24 with scaling parameter: 1.0
2023-07-25 16:15:45 DEBUG - Model TripleS-CPTI:
	Forecast expected count: 1.72 with scaling parameter: 1.0
2023-07-25 16:15:45 DEBUG - Model TripleS-hybrid:
	Forecast expected count: 1.64 with scaling parameter: 1.0
2023-07-25 16:15:45 DEBUG - Model TripleS-CSI:
	Forecast expected count: 1.27 with scaling parameter: 1.0
2023-07-25 16:15:45 DEBUG - Model HAZFX_BPT:
	Forecast expected count: 3.04 with scaling parameter: 2.0
2023-07-25 16:15:45 DEBUG - Model LTST:
	Forecast expected count: 3.46 with scaling parameter: 2.0
2023-07-25 16:15:45 DEBUG - Model RI:
	Forecast expected count: 1.96 with scaling parameter: 2.0
2023-07-25 16:15:45 DEBUG - Model DBM:
	Forecast expected count: 3.68 with scaling parameter: 2.0
2023-07-25 16:15:45 DEBUG - Model HAZGRIDX:
	Forecast expected count: 2.47 with scaling parameter: 2.0
2023-07-25 16:15:45 DEBUG - Model MPS04:
	Forecast expected count: 3.96 with scaling parameter: 2.0
2023-07-25 16:15:45 DEBUG - Model MPS04after:
	Forecast expected count: 4.92 with scaling parameter: 2.0
2023-07-25 16:15:45 DEBUG - Model PHM_Grid:
	Forecast expected count: 2.60 with scaling parameter: 2.0
2023-07-25 16:15:46 DEBUG - Model PHM_Zone:
	Forecast expected count: 2.47 with scaling parameter: 2.0
2023-07-25 16:15:46 DEBUG - Model HZA_TD:
	Forecast expected count: 3.64 with scaling parameter: 2.0
2023-07-25 16:15:46 DEBUG - Model HZA_TI:
	Forecast expected count: 3.64 with scaling parameter: 2.0
2023-07-25 16:15:46 DEBUG - Model ALM:
	Forecast expected count: 3.24 with scaling parameter: 2.0
2023-07-25 16:15:46 DEBUG - Model ALM_IT:
	Forecast expected count: 3.47 with scaling parameter: 2.0
2023-07-25 16:15:46 DEBUG - Model HALM:
	Forecast expected count: 3.39 with scaling parameter: 2.0
2023-07-25 16:15:46 DEBUG - Model HRSS-m2:
	Forecast expected count: 3.44 with scaling parameter: 2.0
2023-07-25 16:15:46 DEBUG - Model HRSS-m1:
	Forecast expected count: 2.48 with scaling parameter: 2.0
2023-07-25 16:15:46 DEBUG - Model TripleS-CPTI:
	Forecast expected count: 3.45 with scaling parameter: 2.0
2023-07-25 16:15:46 DEBUG - Model TripleS-hybrid:
	Forecast expected count: 3.28 with scaling parameter: 2.0
2023-07-25 16:15:46 DEBUG - Model TripleS-CSI:
	Forecast expected count: 2.53 with scaling parameter: 2.0
2023-07-25 16:15:46 DEBUG - Model HAZFX_BPT:
	Forecast expected count: 4.55 with scaling parameter: 3.0
2023-07-25 16:15:46 DEBUG - Model LTST:
	Forecast expected count: 5.18 with scaling parameter: 3.0
2023-07-25 16:15:46 DEBUG - Model RI:
	Forecast expected count: 2.94 with scaling parameter: 3.0
2023-07-25 16:15:47 DEBUG - Model DBM:
	Forecast expected count: 5.52 with scaling parameter: 3.0
2023-07-25 16:15:47 DEBUG - Model HAZGRIDX:
	Forecast expected count: 3.71 with scaling parameter: 3.0
2023-07-25 16:15:47 DEBUG - Model MPS04:
	Forecast expected count: 5.94 with scaling parameter: 3.0
2023-07-25 16:15:47 DEBUG - Model MPS04after:
	Forecast expected count: 7.37 with scaling parameter: 3.0
2023-07-25 16:15:47 DEBUG - Model PHM_Grid:
	Forecast expected count: 3.90 with scaling parameter: 3.0
2023-07-25 16:15:47 DEBUG - Model PHM_Zone:
	Forecast expected count: 3.70 with scaling parameter: 3.0
2023-07-25 16:15:47 DEBUG - Model HZA_TD:
	Forecast expected count: 5.45 with scaling parameter: 3.0
2023-07-25 16:15:47 DEBUG - Model HZA_TI:
	Forecast expected count: 5.46 with scaling parameter: 3.0
2023-07-25 16:15:47 DEBUG - Model ALM:
	Forecast expected count: 4.85 with scaling parameter: 3.0
2023-07-25 16:15:47 DEBUG - Model ALM_IT:
	Forecast expected count: 5.20 with scaling parameter: 3.0
2023-07-25 16:15:47 DEBUG - Model HALM:
	Forecast expected count: 5.07 with scaling parameter: 3.0
2023-07-25 16:15:47 DEBUG - Model HRSS-m2:
	Forecast expected count: 5.15 with scaling parameter: 3.0
2023-07-25 16:15:47 DEBUG - Model HRSS-m1:
	Forecast expected count: 3.72 with scaling parameter: 3.0
2023-07-25 16:15:47 DEBUG - Model TripleS-CPTI:
	Forecast expected count: 5.17 with scaling parameter: 3.0
2023-07-25 16:15:47 DEBUG - Model TripleS-hybrid:
	Forecast expected count: 4.91 with scaling parameter: 3.0
2023-07-25 16:15:47 DEBUG - Model TripleS-CSI:
	Forecast expected count: 3.79 with scaling parameter: 3.0
2023-07-25 16:15:48 DEBUG - Model HAZFX_BPT:
	Forecast expected count: 6.07 with scaling parameter: 4.0
2023-07-25 16:15:48 DEBUG - Model LTST:
	Forecast expected count: 6.91 with scaling parameter: 4.0
2023-07-25 16:15:48 DEBUG - Model RI:
	Forecast expected count: 3.92 with scaling parameter: 4.0
2023-07-25 16:15:48 DEBUG - Model DBM:
	Forecast expected count: 7.36 with scaling parameter: 4.0
2023-07-25 16:15:48 DEBUG - Model HAZGRIDX:
	Forecast expected count: 4.94 with scaling parameter: 4.0
2023-07-25 16:15:48 DEBUG - Model MPS04:
	Forecast expected count: 7.92 with scaling parameter: 4.0
2023-07-25 16:15:48 DEBUG - Model MPS04after:
	Forecast expected count: 9.82 with scaling parameter: 4.0
2023-07-25 16:15:48 DEBUG - Model PHM_Grid:
	Forecast expected count: 5.20 with scaling parameter: 4.0
2023-07-25 16:15:48 DEBUG - Model PHM_Zone:
	Forecast expected count: 4.93 with scaling parameter: 4.0
2023-07-25 16:15:48 DEBUG - Model HZA_TD:
	Forecast expected count: 7.27 with scaling parameter: 4.0
2023-07-25 16:15:48 DEBUG - Model HZA_TI:
	Forecast expected count: 7.28 with scaling parameter: 4.0
2023-07-25 16:15:48 DEBUG - Model ALM:
	Forecast expected count: 6.47 with scaling parameter: 4.0
2023-07-25 16:15:48 DEBUG - Model ALM_IT:
	Forecast expected count: 6.94 with scaling parameter: 4.0
2023-07-25 16:15:48 DEBUG - Model HALM:
	Forecast expected count: 6.77 with scaling parameter: 4.0
2023-07-25 16:15:49 DEBUG - Model HRSS-m2:
	Forecast expected count: 6.87 with scaling parameter: 4.0
2023-07-25 16:15:49 DEBUG - Model HRSS-m1:
	Forecast expected count: 4.96 with scaling parameter: 4.0
2023-07-25 16:15:49 DEBUG - Model TripleS-CPTI:
	Forecast expected count: 6.89 with scaling parameter: 4.0
2023-07-25 16:15:49 DEBUG - Model TripleS-hybrid:
	Forecast expected count: 6.55 with scaling parameter: 4.0
2023-07-25 16:15:49 DEBUG - Model TripleS-CSI:
	Forecast expected count: 5.06 with scaling parameter: 4.0
2023-07-25 16:15:49 DEBUG - Model HAZFX_BPT:
	Forecast expected count: 7.59 with scaling parameter: 5.0
2023-07-25 16:15:49 DEBUG - Model LTST:
	Forecast expected count: 8.64 with scaling parameter: 5.0
2023-07-25 16:15:49 DEBUG - Model RI:
	Forecast expected count: 4.90 with scaling parameter: 5.0
2023-07-25 16:15:49 DEBUG - Model DBM:
	Forecast expected count: 9.21 with scaling parameter: 5.0
2023-07-25 16:15:49 DEBUG - Model HAZGRIDX:
	Forecast expected count: 6.18 with scaling parameter: 5.0
2023-07-25 16:15:49 DEBUG - Model MPS04:
	Forecast expected count: 9.91 with scaling parameter: 5.0
2023-07-25 16:15:49 DEBUG - Model MPS04after:
	Forecast expected count: 12.29 with scaling parameter: 5.0
2023-07-25 16:15:49 DEBUG - Model PHM_Grid:
	Forecast expected count: 6.51 with scaling parameter: 5.0
2023-07-25 16:15:49 DEBUG - Model PHM_Zone:
	Forecast expected count: 6.17 with scaling parameter: 5.0
2023-07-25 16:15:50 DEBUG - Model HZA_TD:
	Forecast expected count: 9.09 with scaling parameter: 5.0
2023-07-25 16:15:50 DEBUG - Model HZA_TI:
	Forecast expected count: 9.10 with scaling parameter: 5.0
2023-07-25 16:15:50 DEBUG - Model ALM:
	Forecast expected count: 8.09 with scaling parameter: 5.0
2023-07-25 16:15:50 DEBUG - Model ALM_IT:
	Forecast expected count: 8.68 with scaling parameter: 5.0
2023-07-25 16:15:50 DEBUG - Model HALM:
	Forecast expected count: 8.47 with scaling parameter: 5.0
2023-07-25 16:15:50 DEBUG - Model HRSS-m2:
	Forecast expected count: 8.60 with scaling parameter: 5.0
2023-07-25 16:15:50 DEBUG - Model HRSS-m1:
	Forecast expected count: 6.21 with scaling parameter: 5.0
2023-07-25 16:15:50 DEBUG - Model TripleS-CPTI:
	Forecast expected count: 8.62 with scaling parameter: 5.0
2023-07-25 16:15:50 DEBUG - Model TripleS-hybrid:
	Forecast expected count: 8.19 with scaling parameter: 5.0
2023-07-25 16:15:50 DEBUG - Model TripleS-CSI:
	Forecast expected count: 6.33 with scaling parameter: 5.0
2023-07-25 16:15:50 DEBUG - Model HAZFX_BPT:
	Forecast expected count: 9.11 with scaling parameter: 6.0
2023-07-25 16:15:50 DEBUG - Model LTST:
	Forecast expected count: 10.37 with scaling parameter: 6.0
2023-07-25 16:15:50 DEBUG - Model RI:
	Forecast expected count: 5.88 with scaling parameter: 6.0
2023-07-25 16:15:50 DEBUG - Model DBM:
	Forecast expected count: 11.05 with scaling parameter: 6.0
2023-07-25 16:15:50 DEBUG - Model HAZGRIDX:
	Forecast expected count: 7.42 with scaling parameter: 6.0
2023-07-25 16:15:50 DEBUG - Model MPS04:
	Forecast expected count: 11.89 with scaling parameter: 6.0
2023-07-25 16:15:50 DEBUG - Model MPS04after:
	Forecast expected count: 14.75 with scaling parameter: 6.0
2023-07-25 16:15:50 DEBUG - Model PHM_Grid:
	Forecast expected count: 7.81 with scaling parameter: 6.0
2023-07-25 16:15:51 DEBUG - Model PHM_Zone:
	Forecast expected count: 7.40 with scaling parameter: 6.0
2023-07-25 16:15:51 DEBUG - Model HZA_TD:
	Forecast expected count: 10.91 with scaling parameter: 6.0
2023-07-25 16:15:51 DEBUG - Model HZA_TI:
	Forecast expected count: 10.93 with scaling parameter: 6.0
2023-07-25 16:15:51 DEBUG - Model ALM:
	Forecast expected count: 9.71 with scaling parameter: 6.0
2023-07-25 16:15:51 DEBUG - Model ALM_IT:
	Forecast expected count: 10.42 with scaling parameter: 6.0
2023-07-25 16:15:51 DEBUG - Model HALM:
	Forecast expected count: 10.16 with scaling parameter: 6.0
2023-07-25 16:15:51 DEBUG - Model HRSS-m2:
	Forecast expected count: 10.32 with scaling parameter: 6.0
2023-07-25 16:15:51 DEBUG - Model HRSS-m1:
	Forecast expected count: 7.45 with scaling parameter: 6.0
2023-07-25 16:15:51 DEBUG - Model TripleS-CPTI:
	Forecast expected count: 10.34 with scaling parameter: 6.0
2023-07-25 16:15:51 DEBUG - Model TripleS-hybrid:
	Forecast expected count: 9.83 with scaling parameter: 6.0
2023-07-25 16:15:51 DEBUG - Model TripleS-CSI:
	Forecast expected count: 7.59 with scaling parameter: 6.0
2023-07-25 16:15:51 DEBUG - Model HAZFX_BPT:
	Forecast expected count: 10.62 with scaling parameter: 7.0
2023-07-25 16:15:51 DEBUG - Model LTST:
	Forecast expected count: 12.10 with scaling parameter: 7.0
2023-07-25 16:15:52 DEBUG - Model RI:
	Forecast expected count: 6.86 with scaling parameter: 7.0
2023-07-25 16:15:52 DEBUG - Model DBM:
	Forecast expected count: 12.89 with scaling parameter: 7.0
2023-07-25 16:15:52 DEBUG - Model HAZGRIDX:
	Forecast expected count: 8.65 with scaling parameter: 7.0
2023-07-25 16:15:52 DEBUG - Model MPS04:
	Forecast expected count: 13.86 with scaling parameter: 7.0
2023-07-25 16:15:52 DEBUG - Model MPS04after:
	Forecast expected count: 17.20 with scaling parameter: 7.0
2023-07-25 16:15:52 DEBUG - Model PHM_Grid:
	Forecast expected count: 9.10 with scaling parameter: 7.0
2023-07-25 16:15:52 DEBUG - Model PHM_Zone:
	Forecast expected count: 8.64 with scaling parameter: 7.0
2023-07-25 16:15:52 DEBUG - Model HZA_TD:
	Forecast expected count: 12.72 with scaling parameter: 7.0
2023-07-25 16:15:52 DEBUG - Model HZA_TI:
	Forecast expected count: 12.74 with scaling parameter: 7.0
2023-07-25 16:15:52 DEBUG - Model ALM:
	Forecast expected count: 11.33 with scaling parameter: 7.0
2023-07-25 16:15:52 DEBUG - Model ALM_IT:
	Forecast expected count: 12.15 with scaling parameter: 7.0
2023-07-25 16:15:52 DEBUG - Model HALM:
	Forecast expected count: 11.85 with scaling parameter: 7.0
2023-07-25 16:15:52 DEBUG - Model HRSS-m2:
	Forecast expected count: 12.03 with scaling parameter: 7.0
2023-07-25 16:15:52 DEBUG - Model HRSS-m1:
	Forecast expected count: 8.69 with scaling parameter: 7.0
2023-07-25 16:15:52 DEBUG - Model TripleS-CPTI:
	Forecast expected count: 12.06 with scaling parameter: 7.0
2023-07-25 16:15:52 DEBUG - Model TripleS-hybrid:
	Forecast expected count: 11.47 with scaling parameter: 7.0
2023-07-25 16:15:52 DEBUG - Model TripleS-CSI:
	Forecast expected count: 8.85 with scaling parameter: 7.0
2023-07-25 16:15:52 DEBUG - Model HAZFX_BPT:
	Forecast expected count: 12.14 with scaling parameter: 8.0
2023-07-25 16:15:53 DEBUG - Model LTST:
	Forecast expected count: 13.82 with scaling parameter: 8.0
2023-07-25 16:15:53 DEBUG - Model RI:
	Forecast expected count: 7.84 with scaling parameter: 8.0
2023-07-25 16:15:53 DEBUG - Model DBM:
	Forecast expected count: 14.73 with scaling parameter: 8.0
2023-07-25 16:15:53 DEBUG - Model HAZGRIDX:
	Forecast expected count: 9.89 with scaling parameter: 8.0
2023-07-25 16:15:53 DEBUG - Model MPS04:
	Forecast expected count: 15.84 with scaling parameter: 8.0
2023-07-25 16:15:53 DEBUG - Model MPS04after:
	Forecast expected count: 19.66 with scaling parameter: 8.0
2023-07-25 16:15:53 DEBUG - Model PHM_Grid:
	Forecast expected count: 10.41 with scaling parameter: 8.0
2023-07-25 16:15:53 DEBUG - Model PHM_Zone:
	Forecast expected count: 9.87 with scaling parameter: 8.0
2023-07-25 16:15:53 DEBUG - Model HZA_TD:
	Forecast expected count: 14.54 with scaling parameter: 8.0
2023-07-25 16:15:53 DEBUG - Model HZA_TI:
	Forecast expected count: 14.56 with scaling parameter: 8.0
2023-07-25 16:15:53 DEBUG - Model ALM:
	Forecast expected count: 12.94 with scaling parameter: 8.0
2023-07-25 16:15:54 DEBUG - Model ALM_IT:
	Forecast expected count: 13.88 with scaling parameter: 8.0
2023-07-25 16:15:54 DEBUG - Model HALM:
	Forecast expected count: 13.54 with scaling parameter: 8.0
2023-07-25 16:15:54 DEBUG - Model HRSS-m2:
	Forecast expected count: 13.75 with scaling parameter: 8.0
2023-07-25 16:15:54 DEBUG - Model HRSS-m1:
	Forecast expected count: 9.93 with scaling parameter: 8.0
2023-07-25 16:15:54 DEBUG - Model TripleS-CPTI:
	Forecast expected count: 13.78 with scaling parameter: 8.0
2023-07-25 16:15:54 DEBUG - Model TripleS-hybrid:
	Forecast expected count: 13.11 with scaling parameter: 8.0
2023-07-25 16:15:54 DEBUG - Model TripleS-CSI:
	Forecast expected count: 10.12 with scaling parameter: 8.0
2023-07-25 16:15:54 DEBUG - Model HAZFX_BPT:
	Forecast expected count: 13.66 with scaling parameter: 9.0
2023-07-25 16:15:54 DEBUG - Model LTST:
	Forecast expected count: 15.55 with scaling parameter: 9.0
2023-07-25 16:15:54 DEBUG - Model RI:
	Forecast expected count: 8.82 with scaling parameter: 9.0
2023-07-25 16:15:54 DEBUG - Model DBM:
	Forecast expected count: 16.58 with scaling parameter: 9.0
2023-07-25 16:15:54 DEBUG - Model HAZGRIDX:
	Forecast expected count: 11.12 with scaling parameter: 9.0
2023-07-25 16:15:54 DEBUG - Model MPS04:
	Forecast expected count: 17.83 with scaling parameter: 9.0
2023-07-25 16:15:54 DEBUG - Model MPS04after:
	Forecast expected count: 22.11 with scaling parameter: 9.0
2023-07-25 16:15:54 DEBUG - Model PHM_Grid:
	Forecast expected count: 11.71 with scaling parameter: 9.0
2023-07-25 16:15:54 DEBUG - Model PHM_Zone:
	Forecast expected count: 11.10 with scaling parameter: 9.0
2023-07-25 16:15:54 DEBUG - Model HZA_TD:
	Forecast expected count: 16.36 with scaling parameter: 9.0
2023-07-25 16:15:54 DEBUG - Model HZA_TI:
	Forecast expected count: 16.38 with scaling parameter: 9.0
2023-07-25 16:15:54 DEBUG - Model ALM:
	Forecast expected count: 14.56 with scaling parameter: 9.0
2023-07-25 16:15:55 DEBUG - Model ALM_IT:
	Forecast expected count: 15.62 with scaling parameter: 9.0
2023-07-25 16:15:55 DEBUG - Model HALM:
	Forecast expected count: 15.23 with scaling parameter: 9.0
2023-07-25 16:15:55 DEBUG - Model HRSS-m2:
	Forecast expected count: 15.47 with scaling parameter: 9.0
2023-07-25 16:15:55 DEBUG - Model HRSS-m1:
	Forecast expected count: 11.17 with scaling parameter: 9.0
2023-07-25 16:15:55 DEBUG - Model TripleS-CPTI:
	Forecast expected count: 15.51 with scaling parameter: 9.0
2023-07-25 16:15:55 DEBUG - Model TripleS-hybrid:
	Forecast expected count: 14.75 with scaling parameter: 9.0
2023-07-25 16:15:55 DEBUG - Model TripleS-CSI:
	Forecast expected count: 11.38 with scaling parameter: 9.0
2023-07-25 16:15:55 DEBUG - Model HAZFX_BPT:
	Forecast expected count: 15.18 with scaling parameter: 10.0
2023-07-25 16:15:55 DEBUG - Model LTST:
	Forecast expected count: 17.29 with scaling parameter: 10.0
2023-07-25 16:15:55 DEBUG - Model RI:
	Forecast expected count: 9.80 with scaling parameter: 10.0
2023-07-25 16:15:55 DEBUG - Model DBM:
	Forecast expected count: 18.42 with scaling parameter: 10.0
2023-07-25 16:15:55 DEBUG - Model HAZGRIDX:
	Forecast expected count: 12.36 with scaling parameter: 10.0
2023-07-25 16:15:56 DEBUG - Model MPS04:
	Forecast expected count: 19.81 with scaling parameter: 10.0
2023-07-25 16:15:56 DEBUG - Model MPS04after:
	Forecast expected count: 24.58 with scaling parameter: 10.0
2023-07-25 16:15:56 DEBUG - Model PHM_Grid:
	Forecast expected count: 13.01 with scaling parameter: 10.0
2023-07-25 16:15:56 DEBUG - Model PHM_Zone:
	Forecast expected count: 12.34 with scaling parameter: 10.0
2023-07-25 16:15:56 DEBUG - Model HZA_TD:
	Forecast expected count: 18.18 with scaling parameter: 10.0
2023-07-25 16:15:56 DEBUG - Model HZA_TI:
	Forecast expected count: 18.21 with scaling parameter: 10.0
2023-07-25 16:15:56 DEBUG - Model ALM:
	Forecast expected count: 16.19 with scaling parameter: 10.0
2023-07-25 16:15:56 DEBUG - Model ALM_IT:
	Forecast expected count: 17.36 with scaling parameter: 10.0
2023-07-25 16:15:56 DEBUG - Model HALM:
	Forecast expected count: 16.93 with scaling parameter: 10.0
2023-07-25 16:15:56 DEBUG - Model HRSS-m2:
	Forecast expected count: 17.19 with scaling parameter: 10.0
2023-07-25 16:15:56 DEBUG - Model HRSS-m1:
	Forecast expected count: 12.42 with scaling parameter: 10.0
2023-07-25 16:15:56 DEBUG - Model TripleS-CPTI:
	Forecast expected count: 17.24 with scaling parameter: 10.0
2023-07-25 16:15:56 DEBUG - Model TripleS-hybrid:
	Forecast expected count: 16.39 with scaling parameter: 10.0
2023-07-25 16:15:56 DEBUG - Model TripleS-CSI:
	Forecast expected count: 12.65 with scaling parameter: 10.0
2023-07-25 16:16:15 INFO - Calculation completed
2023-07-25 16:16:15 INFO - Plotting evaluations
2023-07-25 16:16:16 INFO - Saving report into results
2023-07-25 16:16:16 DEBUG - Post-run: results' paths
paths:
  2010-01-01_2011-01-01:
    catalog: 2010-01-01_2011-01-01/catalog/test_catalog.json
    evaluations:
      Sequential_IG:
        ALM: 2010-01-01_2011-01-01/evaluations/Sequential_IG_ALM.json
        ALM_IT: 2010-01-01_2011-01-01/evaluations/Sequential_IG_ALM_IT.json
        DBM: 2010-01-01_2011-01-01/evaluations/Sequential_IG_DBM.json
        HALM: 2010-01-01_2011-01-01/evaluations/Sequential_IG_HALM.json
        HAZFX_BPT: 2010-01-01_2011-01-01/evaluations/Sequential_IG_HAZFX_BPT.json
        HAZGRIDX: 2010-01-01_2011-01-01/evaluations/Sequential_IG_HAZGRIDX.json
        HRSS-m1: 2010-01-01_2011-01-01/evaluations/Sequential_IG_HRSS-m1.json
        HRSS-m2: 2010-01-01_2011-01-01/evaluations/Sequential_IG_HRSS-m2.json
        HZA_TD: 2010-01-01_2011-01-01/evaluations/Sequential_IG_HZA_TD.json
        HZA_TI: 2010-01-01_2011-01-01/evaluations/Sequential_IG_HZA_TI.json
        LTST: 2010-01-01_2011-01-01/evaluations/Sequential_IG_LTST.json
        MPS04: 2010-01-01_2011-01-01/evaluations/Sequential_IG_MPS04.json
        MPS04after: 2010-01-01_2011-01-01/evaluations/Sequential_IG_MPS04after.json
        PHM_Grid: 2010-01-01_2011-01-01/evaluations/Sequential_IG_PHM_Grid.json
        PHM_Zone: 2010-01-01_2011-01-01/evaluations/Sequential_IG_PHM_Zone.json
        RI: 2010-01-01_2011-01-01/evaluations/Sequential_IG_RI.json
        TripleS-CPTI: 2010-01-01_2011-01-01/evaluations/Sequential_IG_TripleS-CPTI.json
        TripleS-CSI: 2010-01-01_2011-01-01/evaluations/Sequential_IG_TripleS-CSI.json
        TripleS-hybrid: 2010-01-01_2011-01-01/evaluations/Sequential_IG_TripleS-hybrid.json
    figures:
      Sequential_IG: 2010-01-01_2011-01-01/figures/Sequential_IG
      catalog: 2010-01-01_2011-01-01/figures/catalog
      magnitude_time: 2010-01-01_2011-01-01/figures/magnitude_time
    forecasts:
      ALM: 2010-01-01_2011-01-01/forecasts/ALM
      ALM_IT: 2010-01-01_2011-01-01/forecasts/ALM_IT
      DBM: 2010-01-01_2011-01-01/forecasts/DBM
      HALM: 2010-01-01_2011-01-01/forecasts/HALM
      HAZFX_BPT: 2010-01-01_2011-01-01/forecasts/HAZFX_BPT
      HAZGRIDX: 2010-01-01_2011-01-01/forecasts/HAZGRIDX
      HRSS-m1: 2010-01-01_2011-01-01/forecasts/HRSS-m1
      HRSS-m2: 2010-01-01_2011-01-01/forecasts/HRSS-m2
      HZA_TD: 2010-01-01_2011-01-01/forecasts/HZA_TD
      HZA_TI: 2010-01-01_2011-01-01/forecasts/HZA_TI
      LTST: 2010-01-01_2011-01-01/forecasts/LTST
      MPS04: 2010-01-01_2011-01-01/forecasts/MPS04
      MPS04after: 2010-01-01_2011-01-01/forecasts/MPS04after
      PHM_Grid: 2010-01-01_2011-01-01/forecasts/PHM_Grid
      PHM_Zone: 2010-01-01_2011-01-01/forecasts/PHM_Zone
      RI: 2010-01-01_2011-01-01/forecasts/RI
      TripleS-CPTI: 2010-01-01_2011-01-01/forecasts/TripleS-CPTI
      TripleS-CSI: 2010-01-01_2011-01-01/forecasts/TripleS-CSI
      TripleS-hybrid: 2010-01-01_2011-01-01/forecasts/TripleS-hybrid
  2010-01-01_2012-01-01:
    catalog: 2010-01-01_2012-01-01/catalog/test_catalog.json
    evaluations:
      Sequential_IG:
        ALM: 2010-01-01_2012-01-01/evaluations/Sequential_IG_ALM.json
        ALM_IT: 2010-01-01_2012-01-01/evaluations/Sequential_IG_ALM_IT.json
        DBM: 2010-01-01_2012-01-01/evaluations/Sequential_IG_DBM.json
        HALM: 2010-01-01_2012-01-01/evaluations/Sequential_IG_HALM.json
        HAZFX_BPT: 2010-01-01_2012-01-01/evaluations/Sequential_IG_HAZFX_BPT.json
        HAZGRIDX: 2010-01-01_2012-01-01/evaluations/Sequential_IG_HAZGRIDX.json
        HRSS-m1: 2010-01-01_2012-01-01/evaluations/Sequential_IG_HRSS-m1.json
        HRSS-m2: 2010-01-01_2012-01-01/evaluations/Sequential_IG_HRSS-m2.json
        HZA_TD: 2010-01-01_2012-01-01/evaluations/Sequential_IG_HZA_TD.json
        HZA_TI: 2010-01-01_2012-01-01/evaluations/Sequential_IG_HZA_TI.json
        LTST: 2010-01-01_2012-01-01/evaluations/Sequential_IG_LTST.json
        MPS04: 2010-01-01_2012-01-01/evaluations/Sequential_IG_MPS04.json
        MPS04after: 2010-01-01_2012-01-01/evaluations/Sequential_IG_MPS04after.json
        PHM_Grid: 2010-01-01_2012-01-01/evaluations/Sequential_IG_PHM_Grid.json
        PHM_Zone: 2010-01-01_2012-01-01/evaluations/Sequential_IG_PHM_Zone.json
        RI: 2010-01-01_2012-01-01/evaluations/Sequential_IG_RI.json
        TripleS-CPTI: 2010-01-01_2012-01-01/evaluations/Sequential_IG_TripleS-CPTI.json
        TripleS-CSI: 2010-01-01_2012-01-01/evaluations/Sequential_IG_TripleS-CSI.json
        TripleS-hybrid: 2010-01-01_2012-01-01/evaluations/Sequential_IG_TripleS-hybrid.json
    figures:
      Sequential_IG: 2010-01-01_2012-01-01/figures/Sequential_IG
      catalog: 2010-01-01_2012-01-01/figures/catalog
      magnitude_time: 2010-01-01_2012-01-01/figures/magnitude_time
    forecasts:
      ALM: 2010-01-01_2012-01-01/forecasts/ALM
      ALM_IT: 2010-01-01_2012-01-01/forecasts/ALM_IT
      DBM: 2010-01-01_2012-01-01/forecasts/DBM
      HALM: 2010-01-01_2012-01-01/forecasts/HALM
      HAZFX_BPT: 2010-01-01_2012-01-01/forecasts/HAZFX_BPT
      HAZGRIDX: 2010-01-01_2012-01-01/forecasts/HAZGRIDX
      HRSS-m1: 2010-01-01_2012-01-01/forecasts/HRSS-m1
      HRSS-m2: 2010-01-01_2012-01-01/forecasts/HRSS-m2
      HZA_TD: 2010-01-01_2012-01-01/forecasts/HZA_TD
      HZA_TI: 2010-01-01_2012-01-01/forecasts/HZA_TI
      LTST: 2010-01-01_2012-01-01/forecasts/LTST
      MPS04: 2010-01-01_2012-01-01/forecasts/MPS04
      MPS04after: 2010-01-01_2012-01-01/forecasts/MPS04after
      PHM_Grid: 2010-01-01_2012-01-01/forecasts/PHM_Grid
      PHM_Zone: 2010-01-01_2012-01-01/forecasts/PHM_Zone
      RI: 2010-01-01_2012-01-01/forecasts/RI
      TripleS-CPTI: 2010-01-01_2012-01-01/forecasts/TripleS-CPTI
      TripleS-CSI: 2010-01-01_2012-01-01/forecasts/TripleS-CSI
      TripleS-hybrid: 2010-01-01_2012-01-01/forecasts/TripleS-hybrid
  2010-01-01_2012-12-31:
    catalog: 2010-01-01_2012-12-31/catalog/test_catalog.json
    evaluations:
      Sequential_IG:
        ALM: 2010-01-01_2012-12-31/evaluations/Sequential_IG_ALM.json
        ALM_IT: 2010-01-01_2012-12-31/evaluations/Sequential_IG_ALM_IT.json
        DBM: 2010-01-01_2012-12-31/evaluations/Sequential_IG_DBM.json
        HALM: 2010-01-01_2012-12-31/evaluations/Sequential_IG_HALM.json
        HAZFX_BPT: 2010-01-01_2012-12-31/evaluations/Sequential_IG_HAZFX_BPT.json
        HAZGRIDX: 2010-01-01_2012-12-31/evaluations/Sequential_IG_HAZGRIDX.json
        HRSS-m1: 2010-01-01_2012-12-31/evaluations/Sequential_IG_HRSS-m1.json
        HRSS-m2: 2010-01-01_2012-12-31/evaluations/Sequential_IG_HRSS-m2.json
        HZA_TD: 2010-01-01_2012-12-31/evaluations/Sequential_IG_HZA_TD.json
        HZA_TI: 2010-01-01_2012-12-31/evaluations/Sequential_IG_HZA_TI.json
        LTST: 2010-01-01_2012-12-31/evaluations/Sequential_IG_LTST.json
        MPS04: 2010-01-01_2012-12-31/evaluations/Sequential_IG_MPS04.json
        MPS04after: 2010-01-01_2012-12-31/evaluations/Sequential_IG_MPS04after.json
        PHM_Grid: 2010-01-01_2012-12-31/evaluations/Sequential_IG_PHM_Grid.json
        PHM_Zone: 2010-01-01_2012-12-31/evaluations/Sequential_IG_PHM_Zone.json
        RI: 2010-01-01_2012-12-31/evaluations/Sequential_IG_RI.json
        TripleS-CPTI: 2010-01-01_2012-12-31/evaluations/Sequential_IG_TripleS-CPTI.json
        TripleS-CSI: 2010-01-01_2012-12-31/evaluations/Sequential_IG_TripleS-CSI.json
        TripleS-hybrid: 2010-01-01_2012-12-31/evaluations/Sequential_IG_TripleS-hybrid.json
    figures:
      Sequential_IG: 2010-01-01_2012-12-31/figures/Sequential_IG
      catalog: 2010-01-01_2012-12-31/figures/catalog
      magnitude_time: 2010-01-01_2012-12-31/figures/magnitude_time
    forecasts:
      ALM: 2010-01-01_2012-12-31/forecasts/ALM
      ALM_IT: 2010-01-01_2012-12-31/forecasts/ALM_IT
      DBM: 2010-01-01_2012-12-31/forecasts/DBM
      HALM: 2010-01-01_2012-12-31/forecasts/HALM
      HAZFX_BPT: 2010-01-01_2012-12-31/forecasts/HAZFX_BPT
      HAZGRIDX: 2010-01-01_2012-12-31/forecasts/HAZGRIDX
      HRSS-m1: 2010-01-01_2012-12-31/forecasts/HRSS-m1
      HRSS-m2: 2010-01-01_2012-12-31/forecasts/HRSS-m2
      HZA_TD: 2010-01-01_2012-12-31/forecasts/HZA_TD
      HZA_TI: 2010-01-01_2012-12-31/forecasts/HZA_TI
      LTST: 2010-01-01_2012-12-31/forecasts/LTST
      MPS04: 2010-01-01_2012-12-31/forecasts/MPS04
      MPS04after: 2010-01-01_2012-12-31/forecasts/MPS04after
      PHM_Grid: 2010-01-01_2012-12-31/forecasts/PHM_Grid
      PHM_Zone: 2010-01-01_2012-12-31/forecasts/PHM_Zone
      RI: 2010-01-01_2012-12-31/forecasts/RI
      TripleS-CPTI: 2010-01-01_2012-12-31/forecasts/TripleS-CPTI
      TripleS-CSI: 2010-01-01_2012-12-31/forecasts/TripleS-CSI
      TripleS-hybrid: 2010-01-01_2012-12-31/forecasts/TripleS-hybrid
  2010-01-01_2013-12-31:
    catalog: 2010-01-01_2013-12-31/catalog/test_catalog.json
    evaluations:
      Sequential_IG:
        ALM: 2010-01-01_2013-12-31/evaluations/Sequential_IG_ALM.json
        ALM_IT: 2010-01-01_2013-12-31/evaluations/Sequential_IG_ALM_IT.json
        DBM: 2010-01-01_2013-12-31/evaluations/Sequential_IG_DBM.json
        HALM: 2010-01-01_2013-12-31/evaluations/Sequential_IG_HALM.json
        HAZFX_BPT: 2010-01-01_2013-12-31/evaluations/Sequential_IG_HAZFX_BPT.json
        HAZGRIDX: 2010-01-01_2013-12-31/evaluations/Sequential_IG_HAZGRIDX.json
        HRSS-m1: 2010-01-01_2013-12-31/evaluations/Sequential_IG_HRSS-m1.json
        HRSS-m2: 2010-01-01_2013-12-31/evaluations/Sequential_IG_HRSS-m2.json
        HZA_TD: 2010-01-01_2013-12-31/evaluations/Sequential_IG_HZA_TD.json
        HZA_TI: 2010-01-01_2013-12-31/evaluations/Sequential_IG_HZA_TI.json
        LTST: 2010-01-01_2013-12-31/evaluations/Sequential_IG_LTST.json
        MPS04: 2010-01-01_2013-12-31/evaluations/Sequential_IG_MPS04.json
        MPS04after: 2010-01-01_2013-12-31/evaluations/Sequential_IG_MPS04after.json
        PHM_Grid: 2010-01-01_2013-12-31/evaluations/Sequential_IG_PHM_Grid.json
        PHM_Zone: 2010-01-01_2013-12-31/evaluations/Sequential_IG_PHM_Zone.json
        RI: 2010-01-01_2013-12-31/evaluations/Sequential_IG_RI.json
        TripleS-CPTI: 2010-01-01_2013-12-31/evaluations/Sequential_IG_TripleS-CPTI.json
        TripleS-CSI: 2010-01-01_2013-12-31/evaluations/Sequential_IG_TripleS-CSI.json
        TripleS-hybrid: 2010-01-01_2013-12-31/evaluations/Sequential_IG_TripleS-hybrid.json
    figures:
      Sequential_IG: 2010-01-01_2013-12-31/figures/Sequential_IG
      catalog: 2010-01-01_2013-12-31/figures/catalog
      magnitude_time: 2010-01-01_2013-12-31/figures/magnitude_time
    forecasts:
      ALM: 2010-01-01_2013-12-31/forecasts/ALM
      ALM_IT: 2010-01-01_2013-12-31/forecasts/ALM_IT
      DBM: 2010-01-01_2013-12-31/forecasts/DBM
      HALM: 2010-01-01_2013-12-31/forecasts/HALM
      HAZFX_BPT: 2010-01-01_2013-12-31/forecasts/HAZFX_BPT
      HAZGRIDX: 2010-01-01_2013-12-31/forecasts/HAZGRIDX
      HRSS-m1: 2010-01-01_2013-12-31/forecasts/HRSS-m1
      HRSS-m2: 2010-01-01_2013-12-31/forecasts/HRSS-m2
      HZA_TD: 2010-01-01_2013-12-31/forecasts/HZA_TD
      HZA_TI: 2010-01-01_2013-12-31/forecasts/HZA_TI
      LTST: 2010-01-01_2013-12-31/forecasts/LTST
      MPS04: 2010-01-01_2013-12-31/forecasts/MPS04
      MPS04after: 2010-01-01_2013-12-31/forecasts/MPS04after
      PHM_Grid: 2010-01-01_2013-12-31/forecasts/PHM_Grid
      PHM_Zone: 2010-01-01_2013-12-31/forecasts/PHM_Zone
      RI: 2010-01-01_2013-12-31/forecasts/RI
      TripleS-CPTI: 2010-01-01_2013-12-31/forecasts/TripleS-CPTI
      TripleS-CSI: 2010-01-01_2013-12-31/forecasts/TripleS-CSI
      TripleS-hybrid: 2010-01-01_2013-12-31/forecasts/TripleS-hybrid
  2010-01-01_2015-01-01:
    catalog: 2010-01-01_2015-01-01/catalog/test_catalog.json
    evaluations:
      Sequential_IG:
        ALM: 2010-01-01_2015-01-01/evaluations/Sequential_IG_ALM.json
        ALM_IT: 2010-01-01_2015-01-01/evaluations/Sequential_IG_ALM_IT.json
        DBM: 2010-01-01_2015-01-01/evaluations/Sequential_IG_DBM.json
        HALM: 2010-01-01_2015-01-01/evaluations/Sequential_IG_HALM.json
        HAZFX_BPT: 2010-01-01_2015-01-01/evaluations/Sequential_IG_HAZFX_BPT.json
        HAZGRIDX: 2010-01-01_2015-01-01/evaluations/Sequential_IG_HAZGRIDX.json
        HRSS-m1: 2010-01-01_2015-01-01/evaluations/Sequential_IG_HRSS-m1.json
        HRSS-m2: 2010-01-01_2015-01-01/evaluations/Sequential_IG_HRSS-m2.json
        HZA_TD: 2010-01-01_2015-01-01/evaluations/Sequential_IG_HZA_TD.json
        HZA_TI: 2010-01-01_2015-01-01/evaluations/Sequential_IG_HZA_TI.json
        LTST: 2010-01-01_2015-01-01/evaluations/Sequential_IG_LTST.json
        MPS04: 2010-01-01_2015-01-01/evaluations/Sequential_IG_MPS04.json
        MPS04after: 2010-01-01_2015-01-01/evaluations/Sequential_IG_MPS04after.json
        PHM_Grid: 2010-01-01_2015-01-01/evaluations/Sequential_IG_PHM_Grid.json
        PHM_Zone: 2010-01-01_2015-01-01/evaluations/Sequential_IG_PHM_Zone.json
        RI: 2010-01-01_2015-01-01/evaluations/Sequential_IG_RI.json
        TripleS-CPTI: 2010-01-01_2015-01-01/evaluations/Sequential_IG_TripleS-CPTI.json
        TripleS-CSI: 2010-01-01_2015-01-01/evaluations/Sequential_IG_TripleS-CSI.json
        TripleS-hybrid: 2010-01-01_2015-01-01/evaluations/Sequential_IG_TripleS-hybrid.json
    figures:
      Sequential_IG: 2010-01-01_2015-01-01/figures/Sequential_IG
      catalog: 2010-01-01_2015-01-01/figures/catalog
      magnitude_time: 2010-01-01_2015-01-01/figures/magnitude_time
    forecasts:
      ALM: 2010-01-01_2015-01-01/forecasts/ALM
      ALM_IT: 2010-01-01_2015-01-01/forecasts/ALM_IT
      DBM: 2010-01-01_2015-01-01/forecasts/DBM
      HALM: 2010-01-01_2015-01-01/forecasts/HALM
      HAZFX_BPT: 2010-01-01_2015-01-01/forecasts/HAZFX_BPT
      HAZGRIDX: 2010-01-01_2015-01-01/forecasts/HAZGRIDX
      HRSS-m1: 2010-01-01_2015-01-01/forecasts/HRSS-m1
      HRSS-m2: 2010-01-01_2015-01-01/forecasts/HRSS-m2
      HZA_TD: 2010-01-01_2015-01-01/forecasts/HZA_TD
      HZA_TI: 2010-01-01_2015-01-01/forecasts/HZA_TI
      LTST: 2010-01-01_2015-01-01/forecasts/LTST
      MPS04: 2010-01-01_2015-01-01/forecasts/MPS04
      MPS04after: 2010-01-01_2015-01-01/forecasts/MPS04after
      PHM_Grid: 2010-01-01_2015-01-01/forecasts/PHM_Grid
      PHM_Zone: 2010-01-01_2015-01-01/forecasts/PHM_Zone
      RI: 2010-01-01_2015-01-01/forecasts/RI
      TripleS-CPTI: 2010-01-01_2015-01-01/forecasts/TripleS-CPTI
      TripleS-CSI: 2010-01-01_2015-01-01/forecasts/TripleS-CSI
      TripleS-hybrid: 2010-01-01_2015-01-01/forecasts/TripleS-hybrid
  2010-01-01_2016-01-01:
    catalog: 2010-01-01_2016-01-01/catalog/test_catalog.json
    evaluations:
      Sequential_IG:
        ALM: 2010-01-01_2016-01-01/evaluations/Sequential_IG_ALM.json
        ALM_IT: 2010-01-01_2016-01-01/evaluations/Sequential_IG_ALM_IT.json
        DBM: 2010-01-01_2016-01-01/evaluations/Sequential_IG_DBM.json
        HALM: 2010-01-01_2016-01-01/evaluations/Sequential_IG_HALM.json
        HAZFX_BPT: 2010-01-01_2016-01-01/evaluations/Sequential_IG_HAZFX_BPT.json
        HAZGRIDX: 2010-01-01_2016-01-01/evaluations/Sequential_IG_HAZGRIDX.json
        HRSS-m1: 2010-01-01_2016-01-01/evaluations/Sequential_IG_HRSS-m1.json
        HRSS-m2: 2010-01-01_2016-01-01/evaluations/Sequential_IG_HRSS-m2.json
        HZA_TD: 2010-01-01_2016-01-01/evaluations/Sequential_IG_HZA_TD.json
        HZA_TI: 2010-01-01_2016-01-01/evaluations/Sequential_IG_HZA_TI.json
        LTST: 2010-01-01_2016-01-01/evaluations/Sequential_IG_LTST.json
        MPS04: 2010-01-01_2016-01-01/evaluations/Sequential_IG_MPS04.json
        MPS04after: 2010-01-01_2016-01-01/evaluations/Sequential_IG_MPS04after.json
        PHM_Grid: 2010-01-01_2016-01-01/evaluations/Sequential_IG_PHM_Grid.json
        PHM_Zone: 2010-01-01_2016-01-01/evaluations/Sequential_IG_PHM_Zone.json
        RI: 2010-01-01_2016-01-01/evaluations/Sequential_IG_RI.json
        TripleS-CPTI: 2010-01-01_2016-01-01/evaluations/Sequential_IG_TripleS-CPTI.json
        TripleS-CSI: 2010-01-01_2016-01-01/evaluations/Sequential_IG_TripleS-CSI.json
        TripleS-hybrid: 2010-01-01_2016-01-01/evaluations/Sequential_IG_TripleS-hybrid.json
    figures:
      Sequential_IG: 2010-01-01_2016-01-01/figures/Sequential_IG
      catalog: 2010-01-01_2016-01-01/figures/catalog
      magnitude_time: 2010-01-01_2016-01-01/figures/magnitude_time
    forecasts:
      ALM: 2010-01-01_2016-01-01/forecasts/ALM
      ALM_IT: 2010-01-01_2016-01-01/forecasts/ALM_IT
      DBM: 2010-01-01_2016-01-01/forecasts/DBM
      HALM: 2010-01-01_2016-01-01/forecasts/HALM
      HAZFX_BPT: 2010-01-01_2016-01-01/forecasts/HAZFX_BPT
      HAZGRIDX: 2010-01-01_2016-01-01/forecasts/HAZGRIDX
      HRSS-m1: 2010-01-01_2016-01-01/forecasts/HRSS-m1
      HRSS-m2: 2010-01-01_2016-01-01/forecasts/HRSS-m2
      HZA_TD: 2010-01-01_2016-01-01/forecasts/HZA_TD
      HZA_TI: 2010-01-01_2016-01-01/forecasts/HZA_TI
      LTST: 2010-01-01_2016-01-01/forecasts/LTST
      MPS04: 2010-01-01_2016-01-01/forecasts/MPS04
      MPS04after: 2010-01-01_2016-01-01/forecasts/MPS04after
      PHM_Grid: 2010-01-01_2016-01-01/forecasts/PHM_Grid
      PHM_Zone: 2010-01-01_2016-01-01/forecasts/PHM_Zone
      RI: 2010-01-01_2016-01-01/forecasts/RI
      TripleS-CPTI: 2010-01-01_2016-01-01/forecasts/TripleS-CPTI
      TripleS-CSI: 2010-01-01_2016-01-01/forecasts/TripleS-CSI
      TripleS-hybrid: 2010-01-01_2016-01-01/forecasts/TripleS-hybrid
  2010-01-01_2016-12-31:
    catalog: 2010-01-01_2016-12-31/catalog/test_catalog.json
    evaluations:
      Sequential_IG:
        ALM: 2010-01-01_2016-12-31/evaluations/Sequential_IG_ALM.json
        ALM_IT: 2010-01-01_2016-12-31/evaluations/Sequential_IG_ALM_IT.json
        DBM: 2010-01-01_2016-12-31/evaluations/Sequential_IG_DBM.json
        HALM: 2010-01-01_2016-12-31/evaluations/Sequential_IG_HALM.json
        HAZFX_BPT: 2010-01-01_2016-12-31/evaluations/Sequential_IG_HAZFX_BPT.json
        HAZGRIDX: 2010-01-01_2016-12-31/evaluations/Sequential_IG_HAZGRIDX.json
        HRSS-m1: 2010-01-01_2016-12-31/evaluations/Sequential_IG_HRSS-m1.json
        HRSS-m2: 2010-01-01_2016-12-31/evaluations/Sequential_IG_HRSS-m2.json
        HZA_TD: 2010-01-01_2016-12-31/evaluations/Sequential_IG_HZA_TD.json
        HZA_TI: 2010-01-01_2016-12-31/evaluations/Sequential_IG_HZA_TI.json
        LTST: 2010-01-01_2016-12-31/evaluations/Sequential_IG_LTST.json
        MPS04: 2010-01-01_2016-12-31/evaluations/Sequential_IG_MPS04.json
        MPS04after: 2010-01-01_2016-12-31/evaluations/Sequential_IG_MPS04after.json
        PHM_Grid: 2010-01-01_2016-12-31/evaluations/Sequential_IG_PHM_Grid.json
        PHM_Zone: 2010-01-01_2016-12-31/evaluations/Sequential_IG_PHM_Zone.json
        RI: 2010-01-01_2016-12-31/evaluations/Sequential_IG_RI.json
        TripleS-CPTI: 2010-01-01_2016-12-31/evaluations/Sequential_IG_TripleS-CPTI.json
        TripleS-CSI: 2010-01-01_2016-12-31/evaluations/Sequential_IG_TripleS-CSI.json
        TripleS-hybrid: 2010-01-01_2016-12-31/evaluations/Sequential_IG_TripleS-hybrid.json
    figures:
      Sequential_IG: 2010-01-01_2016-12-31/figures/Sequential_IG
      catalog: 2010-01-01_2016-12-31/figures/catalog
      magnitude_time: 2010-01-01_2016-12-31/figures/magnitude_time
    forecasts:
      ALM: 2010-01-01_2016-12-31/forecasts/ALM
      ALM_IT: 2010-01-01_2016-12-31/forecasts/ALM_IT
      DBM: 2010-01-01_2016-12-31/forecasts/DBM
      HALM: 2010-01-01_2016-12-31/forecasts/HALM
      HAZFX_BPT: 2010-01-01_2016-12-31/forecasts/HAZFX_BPT
      HAZGRIDX: 2010-01-01_2016-12-31/forecasts/HAZGRIDX
      HRSS-m1: 2010-01-01_2016-12-31/forecasts/HRSS-m1
      HRSS-m2: 2010-01-01_2016-12-31/forecasts/HRSS-m2
      HZA_TD: 2010-01-01_2016-12-31/forecasts/HZA_TD
      HZA_TI: 2010-01-01_2016-12-31/forecasts/HZA_TI
      LTST: 2010-01-01_2016-12-31/forecasts/LTST
      MPS04: 2010-01-01_2016-12-31/forecasts/MPS04
      MPS04after: 2010-01-01_2016-12-31/forecasts/MPS04after
      PHM_Grid: 2010-01-01_2016-12-31/forecasts/PHM_Grid
      PHM_Zone: 2010-01-01_2016-12-31/forecasts/PHM_Zone
      RI: 2010-01-01_2016-12-31/forecasts/RI
      TripleS-CPTI: 2010-01-01_2016-12-31/forecasts/TripleS-CPTI
      TripleS-CSI: 2010-01-01_2016-12-31/forecasts/TripleS-CSI
      TripleS-hybrid: 2010-01-01_2016-12-31/forecasts/TripleS-hybrid
  2010-01-01_2017-12-31:
    catalog: 2010-01-01_2017-12-31/catalog/test_catalog.json
    evaluations:
      Sequential_IG:
        ALM: 2010-01-01_2017-12-31/evaluations/Sequential_IG_ALM.json
        ALM_IT: 2010-01-01_2017-12-31/evaluations/Sequential_IG_ALM_IT.json
        DBM: 2010-01-01_2017-12-31/evaluations/Sequential_IG_DBM.json
        HALM: 2010-01-01_2017-12-31/evaluations/Sequential_IG_HALM.json
        HAZFX_BPT: 2010-01-01_2017-12-31/evaluations/Sequential_IG_HAZFX_BPT.json
        HAZGRIDX: 2010-01-01_2017-12-31/evaluations/Sequential_IG_HAZGRIDX.json
        HRSS-m1: 2010-01-01_2017-12-31/evaluations/Sequential_IG_HRSS-m1.json
        HRSS-m2: 2010-01-01_2017-12-31/evaluations/Sequential_IG_HRSS-m2.json
        HZA_TD: 2010-01-01_2017-12-31/evaluations/Sequential_IG_HZA_TD.json
        HZA_TI: 2010-01-01_2017-12-31/evaluations/Sequential_IG_HZA_TI.json
        LTST: 2010-01-01_2017-12-31/evaluations/Sequential_IG_LTST.json
        MPS04: 2010-01-01_2017-12-31/evaluations/Sequential_IG_MPS04.json
        MPS04after: 2010-01-01_2017-12-31/evaluations/Sequential_IG_MPS04after.json
        PHM_Grid: 2010-01-01_2017-12-31/evaluations/Sequential_IG_PHM_Grid.json
        PHM_Zone: 2010-01-01_2017-12-31/evaluations/Sequential_IG_PHM_Zone.json
        RI: 2010-01-01_2017-12-31/evaluations/Sequential_IG_RI.json
        TripleS-CPTI: 2010-01-01_2017-12-31/evaluations/Sequential_IG_TripleS-CPTI.json
        TripleS-CSI: 2010-01-01_2017-12-31/evaluations/Sequential_IG_TripleS-CSI.json
        TripleS-hybrid: 2010-01-01_2017-12-31/evaluations/Sequential_IG_TripleS-hybrid.json
    figures:
      Sequential_IG: 2010-01-01_2017-12-31/figures/Sequential_IG
      catalog: 2010-01-01_2017-12-31/figures/catalog
      magnitude_time: 2010-01-01_2017-12-31/figures/magnitude_time
    forecasts:
      ALM: 2010-01-01_2017-12-31/forecasts/ALM
      ALM_IT: 2010-01-01_2017-12-31/forecasts/ALM_IT
      DBM: 2010-01-01_2017-12-31/forecasts/DBM
      HALM: 2010-01-01_2017-12-31/forecasts/HALM
      HAZFX_BPT: 2010-01-01_2017-12-31/forecasts/HAZFX_BPT
      HAZGRIDX: 2010-01-01_2017-12-31/forecasts/HAZGRIDX
      HRSS-m1: 2010-01-01_2017-12-31/forecasts/HRSS-m1
      HRSS-m2: 2010-01-01_2017-12-31/forecasts/HRSS-m2
      HZA_TD: 2010-01-01_2017-12-31/forecasts/HZA_TD
      HZA_TI: 2010-01-01_2017-12-31/forecasts/HZA_TI
      LTST: 2010-01-01_2017-12-31/forecasts/LTST
      MPS04: 2010-01-01_2017-12-31/forecasts/MPS04
      MPS04after: 2010-01-01_2017-12-31/forecasts/MPS04after
      PHM_Grid: 2010-01-01_2017-12-31/forecasts/PHM_Grid
      PHM_Zone: 2010-01-01_2017-12-31/forecasts/PHM_Zone
      RI: 2010-01-01_2017-12-31/forecasts/RI
      TripleS-CPTI: 2010-01-01_2017-12-31/forecasts/TripleS-CPTI
      TripleS-CSI: 2010-01-01_2017-12-31/forecasts/TripleS-CSI
      TripleS-hybrid: 2010-01-01_2017-12-31/forecasts/TripleS-hybrid
  2010-01-01_2018-12-31:
    catalog: 2010-01-01_2018-12-31/catalog/test_catalog.json
    evaluations:
      Sequential_IG:
        ALM: 2010-01-01_2018-12-31/evaluations/Sequential_IG_ALM.json
        ALM_IT: 2010-01-01_2018-12-31/evaluations/Sequential_IG_ALM_IT.json
        DBM: 2010-01-01_2018-12-31/evaluations/Sequential_IG_DBM.json
        HALM: 2010-01-01_2018-12-31/evaluations/Sequential_IG_HALM.json
        HAZFX_BPT: 2010-01-01_2018-12-31/evaluations/Sequential_IG_HAZFX_BPT.json
        HAZGRIDX: 2010-01-01_2018-12-31/evaluations/Sequential_IG_HAZGRIDX.json
        HRSS-m1: 2010-01-01_2018-12-31/evaluations/Sequential_IG_HRSS-m1.json
        HRSS-m2: 2010-01-01_2018-12-31/evaluations/Sequential_IG_HRSS-m2.json
        HZA_TD: 2010-01-01_2018-12-31/evaluations/Sequential_IG_HZA_TD.json
        HZA_TI: 2010-01-01_2018-12-31/evaluations/Sequential_IG_HZA_TI.json
        LTST: 2010-01-01_2018-12-31/evaluations/Sequential_IG_LTST.json
        MPS04: 2010-01-01_2018-12-31/evaluations/Sequential_IG_MPS04.json
        MPS04after: 2010-01-01_2018-12-31/evaluations/Sequential_IG_MPS04after.json
        PHM_Grid: 2010-01-01_2018-12-31/evaluations/Sequential_IG_PHM_Grid.json
        PHM_Zone: 2010-01-01_2018-12-31/evaluations/Sequential_IG_PHM_Zone.json
        RI: 2010-01-01_2018-12-31/evaluations/Sequential_IG_RI.json
        TripleS-CPTI: 2010-01-01_2018-12-31/evaluations/Sequential_IG_TripleS-CPTI.json
        TripleS-CSI: 2010-01-01_2018-12-31/evaluations/Sequential_IG_TripleS-CSI.json
        TripleS-hybrid: 2010-01-01_2018-12-31/evaluations/Sequential_IG_TripleS-hybrid.json
    figures:
      Sequential_IG: 2010-01-01_2018-12-31/figures/Sequential_IG
      catalog: 2010-01-01_2018-12-31/figures/catalog
      magnitude_time: 2010-01-01_2018-12-31/figures/magnitude_time
    forecasts:
      ALM: 2010-01-01_2018-12-31/forecasts/ALM
      ALM_IT: 2010-01-01_2018-12-31/forecasts/ALM_IT
      DBM: 2010-01-01_2018-12-31/forecasts/DBM
      HALM: 2010-01-01_2018-12-31/forecasts/HALM
      HAZFX_BPT: 2010-01-01_2018-12-31/forecasts/HAZFX_BPT
      HAZGRIDX: 2010-01-01_2018-12-31/forecasts/HAZGRIDX
      HRSS-m1: 2010-01-01_2018-12-31/forecasts/HRSS-m1
      HRSS-m2: 2010-01-01_2018-12-31/forecasts/HRSS-m2
      HZA_TD: 2010-01-01_2018-12-31/forecasts/HZA_TD
      HZA_TI: 2010-01-01_2018-12-31/forecasts/HZA_TI
      LTST: 2010-01-01_2018-12-31/forecasts/LTST
      MPS04: 2010-01-01_2018-12-31/forecasts/MPS04
      MPS04after: 2010-01-01_2018-12-31/forecasts/MPS04after
      PHM_Grid: 2010-01-01_2018-12-31/forecasts/PHM_Grid
      PHM_Zone: 2010-01-01_2018-12-31/forecasts/PHM_Zone
      RI: 2010-01-01_2018-12-31/forecasts/RI
      TripleS-CPTI: 2010-01-01_2018-12-31/forecasts/TripleS-CPTI
      TripleS-CSI: 2010-01-01_2018-12-31/forecasts/TripleS-CSI
      TripleS-hybrid: 2010-01-01_2018-12-31/forecasts/TripleS-hybrid
  2010-01-01_2020-01-01:
    catalog: 2010-01-01_2020-01-01/catalog/test_catalog.json
    evaluations:
      Sequential_IG:
        ALM: 2010-01-01_2020-01-01/evaluations/Sequential_IG_ALM.json
        ALM_IT: 2010-01-01_2020-01-01/evaluations/Sequential_IG_ALM_IT.json
        DBM: 2010-01-01_2020-01-01/evaluations/Sequential_IG_DBM.json
        HALM: 2010-01-01_2020-01-01/evaluations/Sequential_IG_HALM.json
        HAZFX_BPT: 2010-01-01_2020-01-01/evaluations/Sequential_IG_HAZFX_BPT.json
        HAZGRIDX: 2010-01-01_2020-01-01/evaluations/Sequential_IG_HAZGRIDX.json
        HRSS-m1: 2010-01-01_2020-01-01/evaluations/Sequential_IG_HRSS-m1.json
        HRSS-m2: 2010-01-01_2020-01-01/evaluations/Sequential_IG_HRSS-m2.json
        HZA_TD: 2010-01-01_2020-01-01/evaluations/Sequential_IG_HZA_TD.json
        HZA_TI: 2010-01-01_2020-01-01/evaluations/Sequential_IG_HZA_TI.json
        LTST: 2010-01-01_2020-01-01/evaluations/Sequential_IG_LTST.json
        MPS04: 2010-01-01_2020-01-01/evaluations/Sequential_IG_MPS04.json
        MPS04after: 2010-01-01_2020-01-01/evaluations/Sequential_IG_MPS04after.json
        PHM_Grid: 2010-01-01_2020-01-01/evaluations/Sequential_IG_PHM_Grid.json
        PHM_Zone: 2010-01-01_2020-01-01/evaluations/Sequential_IG_PHM_Zone.json
        RI: 2010-01-01_2020-01-01/evaluations/Sequential_IG_RI.json
        TripleS-CPTI: 2010-01-01_2020-01-01/evaluations/Sequential_IG_TripleS-CPTI.json
        TripleS-CSI: 2010-01-01_2020-01-01/evaluations/Sequential_IG_TripleS-CSI.json
        TripleS-hybrid: 2010-01-01_2020-01-01/evaluations/Sequential_IG_TripleS-hybrid.json
    figures:
      Sequential_IG: 2010-01-01_2020-01-01/figures/Sequential_IG
      catalog: 2010-01-01_2020-01-01/figures/catalog
      magnitude_time: 2010-01-01_2020-01-01/figures/magnitude_time
    forecasts:
      ALM: 2010-01-01_2020-01-01/forecasts/ALM
      ALM_IT: 2010-01-01_2020-01-01/forecasts/ALM_IT
      DBM: 2010-01-01_2020-01-01/forecasts/DBM
      HALM: 2010-01-01_2020-01-01/forecasts/HALM
      HAZFX_BPT: 2010-01-01_2020-01-01/forecasts/HAZFX_BPT
      HAZGRIDX: 2010-01-01_2020-01-01/forecasts/HAZGRIDX
      HRSS-m1: 2010-01-01_2020-01-01/forecasts/HRSS-m1
      HRSS-m2: 2010-01-01_2020-01-01/forecasts/HRSS-m2
      HZA_TD: 2010-01-01_2020-01-01/forecasts/HZA_TD
      HZA_TI: 2010-01-01_2020-01-01/forecasts/HZA_TI
      LTST: 2010-01-01_2020-01-01/forecasts/LTST
      MPS04: 2010-01-01_2020-01-01/forecasts/MPS04
      MPS04after: 2010-01-01_2020-01-01/forecasts/MPS04after
      PHM_Grid: 2010-01-01_2020-01-01/forecasts/PHM_Grid
      PHM_Zone: 2010-01-01_2020-01-01/forecasts/PHM_Zone
      RI: 2010-01-01_2020-01-01/forecasts/RI
      TripleS-CPTI: 2010-01-01_2020-01-01/forecasts/TripleS-CPTI
      TripleS-CSI: 2010-01-01_2020-01-01/forecasts/TripleS-CSI
      TripleS-hybrid: 2010-01-01_2020-01-01/forecasts/TripleS-hybrid
  catalog_figure: catalog
  config: repr_config.yml
  magnitude_time: events
result_exists:
  2010-01-01_2011-01-01:
    catalog: true
    evaluations:
      Sequential_IG:
        ALM: false
        ALM_IT: false
        DBM: false
        HALM: false
        HAZFX_BPT: false
        HAZGRIDX: false
        HRSS-m1: false
        HRSS-m2: false
        HZA_TD: false
        HZA_TI: false
        LTST: false
        MPS04: false
        MPS04after: false
        PHM_Grid: false
        PHM_Zone: false
        RI: false
        TripleS-CPTI: false
        TripleS-CSI: false
        TripleS-hybrid: false
    forecasts: false
  2010-01-01_2012-01-01:
    catalog: true
    evaluations:
      Sequential_IG:
        ALM: false
        ALM_IT: false
        DBM: false
        HALM: false
        HAZFX_BPT: false
        HAZGRIDX: false
        HRSS-m1: false
        HRSS-m2: false
        HZA_TD: false
        HZA_TI: false
        LTST: false
        MPS04: false
        MPS04after: false
        PHM_Grid: false
        PHM_Zone: false
        RI: false
        TripleS-CPTI: false
        TripleS-CSI: false
        TripleS-hybrid: false
    forecasts: false
  2010-01-01_2012-12-31:
    catalog: true
    evaluations:
      Sequential_IG:
        ALM: false
        ALM_IT: false
        DBM: false
        HALM: false
        HAZFX_BPT: false
        HAZGRIDX: false
        HRSS-m1: false
        HRSS-m2: false
        HZA_TD: false
        HZA_TI: false
        LTST: false
        MPS04: false
        MPS04after: false
        PHM_Grid: false
        PHM_Zone: false
        RI: false
        TripleS-CPTI: false
        TripleS-CSI: false
        TripleS-hybrid: false
    forecasts: false
  2010-01-01_2013-12-31:
    catalog: true
    evaluations:
      Sequential_IG:
        ALM: false
        ALM_IT: false
        DBM: false
        HALM: false
        HAZFX_BPT: false
        HAZGRIDX: false
        HRSS-m1: false
        HRSS-m2: false
        HZA_TD: false
        HZA_TI: false
        LTST: false
        MPS04: false
        MPS04after: false
        PHM_Grid: false
        PHM_Zone: false
        RI: false
        TripleS-CPTI: false
        TripleS-CSI: false
        TripleS-hybrid: false
    forecasts: false
  2010-01-01_2015-01-01:
    catalog: true
    evaluations:
      Sequential_IG:
        ALM: false
        ALM_IT: false
        DBM: false
        HALM: false
        HAZFX_BPT: false
        HAZGRIDX: false
        HRSS-m1: false
        HRSS-m2: false
        HZA_TD: false
        HZA_TI: false
        LTST: false
        MPS04: false
        MPS04after: false
        PHM_Grid: false
        PHM_Zone: false
        RI: false
        TripleS-CPTI: false
        TripleS-CSI: false
        TripleS-hybrid: false
    forecasts: false
  2010-01-01_2016-01-01:
    catalog: true
    evaluations:
      Sequential_IG:
        ALM: false
        ALM_IT: false
        DBM: false
        HALM: false
        HAZFX_BPT: false
        HAZGRIDX: false
        HRSS-m1: false
        HRSS-m2: false
        HZA_TD: false
        HZA_TI: false
        LTST: false
        MPS04: false
        MPS04after: false
        PHM_Grid: false
        PHM_Zone: false
        RI: false
        TripleS-CPTI: false
        TripleS-CSI: false
        TripleS-hybrid: false
    forecasts: false
  2010-01-01_2016-12-31:
    catalog: true
    evaluations:
      Sequential_IG:
        ALM: false
        ALM_IT: false
        DBM: false
        HALM: false
        HAZFX_BPT: false
        HAZGRIDX: false
        HRSS-m1: false
        HRSS-m2: false
        HZA_TD: false
        HZA_TI: false
        LTST: false
        MPS04: false
        MPS04after: false
        PHM_Grid: false
        PHM_Zone: false
        RI: false
        TripleS-CPTI: false
        TripleS-CSI: false
        TripleS-hybrid: false
    forecasts: false
  2010-01-01_2017-12-31:
    catalog: true
    evaluations:
      Sequential_IG:
        ALM: false
        ALM_IT: false
        DBM: false
        HALM: false
        HAZFX_BPT: false
        HAZGRIDX: false
        HRSS-m1: false
        HRSS-m2: false
        HZA_TD: false
        HZA_TI: false
        LTST: false
        MPS04: false
        MPS04after: false
        PHM_Grid: false
        PHM_Zone: false
        RI: false
        TripleS-CPTI: false
        TripleS-CSI: false
        TripleS-hybrid: false
    forecasts: false
  2010-01-01_2018-12-31:
    catalog: true
    evaluations:
      Sequential_IG:
        ALM: false
        ALM_IT: false
        DBM: false
        HALM: false
        HAZFX_BPT: false
        HAZGRIDX: false
        HRSS-m1: false
        HRSS-m2: false
        HZA_TD: false
        HZA_TI: false
        LTST: false
        MPS04: false
        MPS04after: false
        PHM_Grid: false
        PHM_Zone: false
        RI: false
        TripleS-CPTI: false
        TripleS-CSI: false
        TripleS-hybrid: false
    forecasts: false
  2010-01-01_2020-01-01:
    catalog: true
    evaluations:
      Sequential_IG:
        ALM: true
        ALM_IT: true
        DBM: true
        HALM: true
        HAZFX_BPT: true
        HAZGRIDX: true
        HRSS-m1: true
        HRSS-m2: true
        HZA_TD: true
        HZA_TI: true
        LTST: true
        MPS04: true
        MPS04after: true
        PHM_Grid: true
        PHM_Zone: true
        RI: true
        TripleS-CPTI: true
        TripleS-CSI: true
        TripleS-hybrid: true
    forecasts: false
rundir: results
workdir: /home/pciturri/PycharmProjects/fe_italy_ti/src/sequential

2023-07-25 16:16:20 INFO - Creating reproducibility config file
2023-07-25 16:16:20 INFO - Finalized
2023-07-25 16:16:20 DEBUG - 
