2023-07-24 18:40:37 INFO - Setting up experiment Complete Run:
2023-07-24 18:40:37 INFO - 	Start: 2010-01-01 00:00:00
2023-07-24 18:40:37 INFO - 	End: 2010-01-01 00:00:00
2023-07-24 18:40:37 INFO - 	Time windows: 1
2023-07-24 18:40:37 INFO - 	Region: italy_csep_region
2023-07-24 18:40:37 INFO - 	Magnitude range: [5.0, 9.0]
2023-07-24 18:40:37 INFO - 	Catalog: 'catalog.json'
2023-07-24 18:40:37 INFO - 	Models: ['HAZFX_BPT', 'LTST', 'RI', 'DBM', 'HAZGRIDX', 'MPS04', 'MPS04after', 'PHM_Grid', 'PHM_Zone', 'HZA_TD', 'HZA_TI', 'ALM', 'ALM_IT', 'HALM', 'HRSS-m2', 'HRSS-m1', 'TripleS-CPTI', 'TripleS-hybrid', 'TripleS-CSI']
2023-07-24 18:40:37 INFO - 	Evaluations: ['Poisson_N', 'Negbinom_N', 'Poisson_S', 'Poisson_M', 'Poisson_L', 'Poisson_CL', 'Binary_S', 'Brier', 'Matrix_T']
2023-07-24 18:40:37 INFO - Staging models
2023-07-24 18:40:57 INFO - Setting up experiment's tasks
2023-07-24 18:40:57 DEBUG - Pre-run: results' paths
paths:
  2010-01-01_2020-01-01:
    catalog: 2010-01-01_2020-01-01/catalog/test_catalog.json
    evaluations:
      Binary_S:
        ALM: 2010-01-01_2020-01-01/evaluations/Binary_S_ALM.json
        ALM_IT: 2010-01-01_2020-01-01/evaluations/Binary_S_ALM_IT.json
        DBM: 2010-01-01_2020-01-01/evaluations/Binary_S_DBM.json
        HALM: 2010-01-01_2020-01-01/evaluations/Binary_S_HALM.json
        HAZFX_BPT: 2010-01-01_2020-01-01/evaluations/Binary_S_HAZFX_BPT.json
        HAZGRIDX: 2010-01-01_2020-01-01/evaluations/Binary_S_HAZGRIDX.json
        HRSS-m1: 2010-01-01_2020-01-01/evaluations/Binary_S_HRSS-m1.json
        HRSS-m2: 2010-01-01_2020-01-01/evaluations/Binary_S_HRSS-m2.json
        HZA_TD: 2010-01-01_2020-01-01/evaluations/Binary_S_HZA_TD.json
        HZA_TI: 2010-01-01_2020-01-01/evaluations/Binary_S_HZA_TI.json
        LTST: 2010-01-01_2020-01-01/evaluations/Binary_S_LTST.json
        MPS04: 2010-01-01_2020-01-01/evaluations/Binary_S_MPS04.json
        MPS04after: 2010-01-01_2020-01-01/evaluations/Binary_S_MPS04after.json
        PHM_Grid: 2010-01-01_2020-01-01/evaluations/Binary_S_PHM_Grid.json
        PHM_Zone: 2010-01-01_2020-01-01/evaluations/Binary_S_PHM_Zone.json
        RI: 2010-01-01_2020-01-01/evaluations/Binary_S_RI.json
        TripleS-CPTI: 2010-01-01_2020-01-01/evaluations/Binary_S_TripleS-CPTI.json
        TripleS-CSI: 2010-01-01_2020-01-01/evaluations/Binary_S_TripleS-CSI.json
        TripleS-hybrid: 2010-01-01_2020-01-01/evaluations/Binary_S_TripleS-hybrid.json
      Brier:
        ALM: 2010-01-01_2020-01-01/evaluations/Brier_ALM.json
        ALM_IT: 2010-01-01_2020-01-01/evaluations/Brier_ALM_IT.json
        DBM: 2010-01-01_2020-01-01/evaluations/Brier_DBM.json
        HALM: 2010-01-01_2020-01-01/evaluations/Brier_HALM.json
        HAZFX_BPT: 2010-01-01_2020-01-01/evaluations/Brier_HAZFX_BPT.json
        HAZGRIDX: 2010-01-01_2020-01-01/evaluations/Brier_HAZGRIDX.json
        HRSS-m1: 2010-01-01_2020-01-01/evaluations/Brier_HRSS-m1.json
        HRSS-m2: 2010-01-01_2020-01-01/evaluations/Brier_HRSS-m2.json
        HZA_TD: 2010-01-01_2020-01-01/evaluations/Brier_HZA_TD.json
        HZA_TI: 2010-01-01_2020-01-01/evaluations/Brier_HZA_TI.json
        LTST: 2010-01-01_2020-01-01/evaluations/Brier_LTST.json
        MPS04: 2010-01-01_2020-01-01/evaluations/Brier_MPS04.json
        MPS04after: 2010-01-01_2020-01-01/evaluations/Brier_MPS04after.json
        PHM_Grid: 2010-01-01_2020-01-01/evaluations/Brier_PHM_Grid.json
        PHM_Zone: 2010-01-01_2020-01-01/evaluations/Brier_PHM_Zone.json
        RI: 2010-01-01_2020-01-01/evaluations/Brier_RI.json
        TripleS-CPTI: 2010-01-01_2020-01-01/evaluations/Brier_TripleS-CPTI.json
        TripleS-CSI: 2010-01-01_2020-01-01/evaluations/Brier_TripleS-CSI.json
        TripleS-hybrid: 2010-01-01_2020-01-01/evaluations/Brier_TripleS-hybrid.json
      Matrix_T:
        ALM: 2010-01-01_2020-01-01/evaluations/Matrix_T_ALM.json
        ALM_IT: 2010-01-01_2020-01-01/evaluations/Matrix_T_ALM_IT.json
        DBM: 2010-01-01_2020-01-01/evaluations/Matrix_T_DBM.json
        HALM: 2010-01-01_2020-01-01/evaluations/Matrix_T_HALM.json
        HAZFX_BPT: 2010-01-01_2020-01-01/evaluations/Matrix_T_HAZFX_BPT.json
        HAZGRIDX: 2010-01-01_2020-01-01/evaluations/Matrix_T_HAZGRIDX.json
        HRSS-m1: 2010-01-01_2020-01-01/evaluations/Matrix_T_HRSS-m1.json
        HRSS-m2: 2010-01-01_2020-01-01/evaluations/Matrix_T_HRSS-m2.json
        HZA_TD: 2010-01-01_2020-01-01/evaluations/Matrix_T_HZA_TD.json
        HZA_TI: 2010-01-01_2020-01-01/evaluations/Matrix_T_HZA_TI.json
        LTST: 2010-01-01_2020-01-01/evaluations/Matrix_T_LTST.json
        MPS04: 2010-01-01_2020-01-01/evaluations/Matrix_T_MPS04.json
        MPS04after: 2010-01-01_2020-01-01/evaluations/Matrix_T_MPS04after.json
        PHM_Grid: 2010-01-01_2020-01-01/evaluations/Matrix_T_PHM_Grid.json
        PHM_Zone: 2010-01-01_2020-01-01/evaluations/Matrix_T_PHM_Zone.json
        RI: 2010-01-01_2020-01-01/evaluations/Matrix_T_RI.json
        TripleS-CPTI: 2010-01-01_2020-01-01/evaluations/Matrix_T_TripleS-CPTI.json
        TripleS-CSI: 2010-01-01_2020-01-01/evaluations/Matrix_T_TripleS-CSI.json
        TripleS-hybrid: 2010-01-01_2020-01-01/evaluations/Matrix_T_TripleS-hybrid.json
      Negbinom_N:
        ALM: 2010-01-01_2020-01-01/evaluations/Negbinom_N_ALM.json
        ALM_IT: 2010-01-01_2020-01-01/evaluations/Negbinom_N_ALM_IT.json
        DBM: 2010-01-01_2020-01-01/evaluations/Negbinom_N_DBM.json
        HALM: 2010-01-01_2020-01-01/evaluations/Negbinom_N_HALM.json
        HAZFX_BPT: 2010-01-01_2020-01-01/evaluations/Negbinom_N_HAZFX_BPT.json
        HAZGRIDX: 2010-01-01_2020-01-01/evaluations/Negbinom_N_HAZGRIDX.json
        HRSS-m1: 2010-01-01_2020-01-01/evaluations/Negbinom_N_HRSS-m1.json
        HRSS-m2: 2010-01-01_2020-01-01/evaluations/Negbinom_N_HRSS-m2.json
        HZA_TD: 2010-01-01_2020-01-01/evaluations/Negbinom_N_HZA_TD.json
        HZA_TI: 2010-01-01_2020-01-01/evaluations/Negbinom_N_HZA_TI.json
        LTST: 2010-01-01_2020-01-01/evaluations/Negbinom_N_LTST.json
        MPS04: 2010-01-01_2020-01-01/evaluations/Negbinom_N_MPS04.json
        MPS04after: 2010-01-01_2020-01-01/evaluations/Negbinom_N_MPS04after.json
        PHM_Grid: 2010-01-01_2020-01-01/evaluations/Negbinom_N_PHM_Grid.json
        PHM_Zone: 2010-01-01_2020-01-01/evaluations/Negbinom_N_PHM_Zone.json
        RI: 2010-01-01_2020-01-01/evaluations/Negbinom_N_RI.json
        TripleS-CPTI: 2010-01-01_2020-01-01/evaluations/Negbinom_N_TripleS-CPTI.json
        TripleS-CSI: 2010-01-01_2020-01-01/evaluations/Negbinom_N_TripleS-CSI.json
        TripleS-hybrid: 2010-01-01_2020-01-01/evaluations/Negbinom_N_TripleS-hybrid.json
      Poisson_CL:
        ALM: 2010-01-01_2020-01-01/evaluations/Poisson_CL_ALM.json
        ALM_IT: 2010-01-01_2020-01-01/evaluations/Poisson_CL_ALM_IT.json
        DBM: 2010-01-01_2020-01-01/evaluations/Poisson_CL_DBM.json
        HALM: 2010-01-01_2020-01-01/evaluations/Poisson_CL_HALM.json
        HAZFX_BPT: 2010-01-01_2020-01-01/evaluations/Poisson_CL_HAZFX_BPT.json
        HAZGRIDX: 2010-01-01_2020-01-01/evaluations/Poisson_CL_HAZGRIDX.json
        HRSS-m1: 2010-01-01_2020-01-01/evaluations/Poisson_CL_HRSS-m1.json
        HRSS-m2: 2010-01-01_2020-01-01/evaluations/Poisson_CL_HRSS-m2.json
        HZA_TD: 2010-01-01_2020-01-01/evaluations/Poisson_CL_HZA_TD.json
        HZA_TI: 2010-01-01_2020-01-01/evaluations/Poisson_CL_HZA_TI.json
        LTST: 2010-01-01_2020-01-01/evaluations/Poisson_CL_LTST.json
        MPS04: 2010-01-01_2020-01-01/evaluations/Poisson_CL_MPS04.json
        MPS04after: 2010-01-01_2020-01-01/evaluations/Poisson_CL_MPS04after.json
        PHM_Grid: 2010-01-01_2020-01-01/evaluations/Poisson_CL_PHM_Grid.json
        PHM_Zone: 2010-01-01_2020-01-01/evaluations/Poisson_CL_PHM_Zone.json
        RI: 2010-01-01_2020-01-01/evaluations/Poisson_CL_RI.json
        TripleS-CPTI: 2010-01-01_2020-01-01/evaluations/Poisson_CL_TripleS-CPTI.json
        TripleS-CSI: 2010-01-01_2020-01-01/evaluations/Poisson_CL_TripleS-CSI.json
        TripleS-hybrid: 2010-01-01_2020-01-01/evaluations/Poisson_CL_TripleS-hybrid.json
      Poisson_L:
        ALM: 2010-01-01_2020-01-01/evaluations/Poisson_L_ALM.json
        ALM_IT: 2010-01-01_2020-01-01/evaluations/Poisson_L_ALM_IT.json
        DBM: 2010-01-01_2020-01-01/evaluations/Poisson_L_DBM.json
        HALM: 2010-01-01_2020-01-01/evaluations/Poisson_L_HALM.json
        HAZFX_BPT: 2010-01-01_2020-01-01/evaluations/Poisson_L_HAZFX_BPT.json
        HAZGRIDX: 2010-01-01_2020-01-01/evaluations/Poisson_L_HAZGRIDX.json
        HRSS-m1: 2010-01-01_2020-01-01/evaluations/Poisson_L_HRSS-m1.json
        HRSS-m2: 2010-01-01_2020-01-01/evaluations/Poisson_L_HRSS-m2.json
        HZA_TD: 2010-01-01_2020-01-01/evaluations/Poisson_L_HZA_TD.json
        HZA_TI: 2010-01-01_2020-01-01/evaluations/Poisson_L_HZA_TI.json
        LTST: 2010-01-01_2020-01-01/evaluations/Poisson_L_LTST.json
        MPS04: 2010-01-01_2020-01-01/evaluations/Poisson_L_MPS04.json
        MPS04after: 2010-01-01_2020-01-01/evaluations/Poisson_L_MPS04after.json
        PHM_Grid: 2010-01-01_2020-01-01/evaluations/Poisson_L_PHM_Grid.json
        PHM_Zone: 2010-01-01_2020-01-01/evaluations/Poisson_L_PHM_Zone.json
        RI: 2010-01-01_2020-01-01/evaluations/Poisson_L_RI.json
        TripleS-CPTI: 2010-01-01_2020-01-01/evaluations/Poisson_L_TripleS-CPTI.json
        TripleS-CSI: 2010-01-01_2020-01-01/evaluations/Poisson_L_TripleS-CSI.json
        TripleS-hybrid: 2010-01-01_2020-01-01/evaluations/Poisson_L_TripleS-hybrid.json
      Poisson_M:
        ALM: 2010-01-01_2020-01-01/evaluations/Poisson_M_ALM.json
        ALM_IT: 2010-01-01_2020-01-01/evaluations/Poisson_M_ALM_IT.json
        DBM: 2010-01-01_2020-01-01/evaluations/Poisson_M_DBM.json
        HALM: 2010-01-01_2020-01-01/evaluations/Poisson_M_HALM.json
        HAZFX_BPT: 2010-01-01_2020-01-01/evaluations/Poisson_M_HAZFX_BPT.json
        HAZGRIDX: 2010-01-01_2020-01-01/evaluations/Poisson_M_HAZGRIDX.json
        HRSS-m1: 2010-01-01_2020-01-01/evaluations/Poisson_M_HRSS-m1.json
        HRSS-m2: 2010-01-01_2020-01-01/evaluations/Poisson_M_HRSS-m2.json
        HZA_TD: 2010-01-01_2020-01-01/evaluations/Poisson_M_HZA_TD.json
        HZA_TI: 2010-01-01_2020-01-01/evaluations/Poisson_M_HZA_TI.json
        LTST: 2010-01-01_2020-01-01/evaluations/Poisson_M_LTST.json
        MPS04: 2010-01-01_2020-01-01/evaluations/Poisson_M_MPS04.json
        MPS04after: 2010-01-01_2020-01-01/evaluations/Poisson_M_MPS04after.json
        PHM_Grid: 2010-01-01_2020-01-01/evaluations/Poisson_M_PHM_Grid.json
        PHM_Zone: 2010-01-01_2020-01-01/evaluations/Poisson_M_PHM_Zone.json
        RI: 2010-01-01_2020-01-01/evaluations/Poisson_M_RI.json
        TripleS-CPTI: 2010-01-01_2020-01-01/evaluations/Poisson_M_TripleS-CPTI.json
        TripleS-CSI: 2010-01-01_2020-01-01/evaluations/Poisson_M_TripleS-CSI.json
        TripleS-hybrid: 2010-01-01_2020-01-01/evaluations/Poisson_M_TripleS-hybrid.json
      Poisson_N:
        ALM: 2010-01-01_2020-01-01/evaluations/Poisson_N_ALM.json
        ALM_IT: 2010-01-01_2020-01-01/evaluations/Poisson_N_ALM_IT.json
        DBM: 2010-01-01_2020-01-01/evaluations/Poisson_N_DBM.json
        HALM: 2010-01-01_2020-01-01/evaluations/Poisson_N_HALM.json
        HAZFX_BPT: 2010-01-01_2020-01-01/evaluations/Poisson_N_HAZFX_BPT.json
        HAZGRIDX: 2010-01-01_2020-01-01/evaluations/Poisson_N_HAZGRIDX.json
        HRSS-m1: 2010-01-01_2020-01-01/evaluations/Poisson_N_HRSS-m1.json
        HRSS-m2: 2010-01-01_2020-01-01/evaluations/Poisson_N_HRSS-m2.json
        HZA_TD: 2010-01-01_2020-01-01/evaluations/Poisson_N_HZA_TD.json
        HZA_TI: 2010-01-01_2020-01-01/evaluations/Poisson_N_HZA_TI.json
        LTST: 2010-01-01_2020-01-01/evaluations/Poisson_N_LTST.json
        MPS04: 2010-01-01_2020-01-01/evaluations/Poisson_N_MPS04.json
        MPS04after: 2010-01-01_2020-01-01/evaluations/Poisson_N_MPS04after.json
        PHM_Grid: 2010-01-01_2020-01-01/evaluations/Poisson_N_PHM_Grid.json
        PHM_Zone: 2010-01-01_2020-01-01/evaluations/Poisson_N_PHM_Zone.json
        RI: 2010-01-01_2020-01-01/evaluations/Poisson_N_RI.json
        TripleS-CPTI: 2010-01-01_2020-01-01/evaluations/Poisson_N_TripleS-CPTI.json
        TripleS-CSI: 2010-01-01_2020-01-01/evaluations/Poisson_N_TripleS-CSI.json
        TripleS-hybrid: 2010-01-01_2020-01-01/evaluations/Poisson_N_TripleS-hybrid.json
      Poisson_S:
        ALM: 2010-01-01_2020-01-01/evaluations/Poisson_S_ALM.json
        ALM_IT: 2010-01-01_2020-01-01/evaluations/Poisson_S_ALM_IT.json
        DBM: 2010-01-01_2020-01-01/evaluations/Poisson_S_DBM.json
        HALM: 2010-01-01_2020-01-01/evaluations/Poisson_S_HALM.json
        HAZFX_BPT: 2010-01-01_2020-01-01/evaluations/Poisson_S_HAZFX_BPT.json
        HAZGRIDX: 2010-01-01_2020-01-01/evaluations/Poisson_S_HAZGRIDX.json
        HRSS-m1: 2010-01-01_2020-01-01/evaluations/Poisson_S_HRSS-m1.json
        HRSS-m2: 2010-01-01_2020-01-01/evaluations/Poisson_S_HRSS-m2.json
        HZA_TD: 2010-01-01_2020-01-01/evaluations/Poisson_S_HZA_TD.json
        HZA_TI: 2010-01-01_2020-01-01/evaluations/Poisson_S_HZA_TI.json
        LTST: 2010-01-01_2020-01-01/evaluations/Poisson_S_LTST.json
        MPS04: 2010-01-01_2020-01-01/evaluations/Poisson_S_MPS04.json
        MPS04after: 2010-01-01_2020-01-01/evaluations/Poisson_S_MPS04after.json
        PHM_Grid: 2010-01-01_2020-01-01/evaluations/Poisson_S_PHM_Grid.json
        PHM_Zone: 2010-01-01_2020-01-01/evaluations/Poisson_S_PHM_Zone.json
        RI: 2010-01-01_2020-01-01/evaluations/Poisson_S_RI.json
        TripleS-CPTI: 2010-01-01_2020-01-01/evaluations/Poisson_S_TripleS-CPTI.json
        TripleS-CSI: 2010-01-01_2020-01-01/evaluations/Poisson_S_TripleS-CSI.json
        TripleS-hybrid: 2010-01-01_2020-01-01/evaluations/Poisson_S_TripleS-hybrid.json
    figures:
      Binary_S: 2010-01-01_2020-01-01/figures/Binary_S
      Brier: 2010-01-01_2020-01-01/figures/Brier
      Matrix_T: 2010-01-01_2020-01-01/figures/Matrix_T
      Negbinom_N: 2010-01-01_2020-01-01/figures/Negbinom_N
      Poisson_CL: 2010-01-01_2020-01-01/figures/Poisson_CL
      Poisson_L: 2010-01-01_2020-01-01/figures/Poisson_L
      Poisson_M: 2010-01-01_2020-01-01/figures/Poisson_M
      Poisson_N: 2010-01-01_2020-01-01/figures/Poisson_N
      Poisson_S: 2010-01-01_2020-01-01/figures/Poisson_S
      catalog: 2010-01-01_2020-01-01/figures/catalog
      magnitude_time: 2010-01-01_2020-01-01/figures/magnitude_time
    forecasts:
      ALM: 2010-01-01_2020-01-01/forecasts/ALM
      ALM_IT: 2010-01-01_2020-01-01/forecasts/ALM_IT
      DBM: 2010-01-01_2020-01-01/forecasts/DBM
      HALM: 2010-01-01_2020-01-01/forecasts/HALM
      HAZFX_BPT: 2010-01-01_2020-01-01/forecasts/HAZFX_BPT
      HAZGRIDX: 2010-01-01_2020-01-01/forecasts/HAZGRIDX
      HRSS-m1: 2010-01-01_2020-01-01/forecasts/HRSS-m1
      HRSS-m2: 2010-01-01_2020-01-01/forecasts/HRSS-m2
      HZA_TD: 2010-01-01_2020-01-01/forecasts/HZA_TD
      HZA_TI: 2010-01-01_2020-01-01/forecasts/HZA_TI
      LTST: 2010-01-01_2020-01-01/forecasts/LTST
      MPS04: 2010-01-01_2020-01-01/forecasts/MPS04
      MPS04after: 2010-01-01_2020-01-01/forecasts/MPS04after
      PHM_Grid: 2010-01-01_2020-01-01/forecasts/PHM_Grid
      PHM_Zone: 2010-01-01_2020-01-01/forecasts/PHM_Zone
      RI: 2010-01-01_2020-01-01/forecasts/RI
      TripleS-CPTI: 2010-01-01_2020-01-01/forecasts/TripleS-CPTI
      TripleS-CSI: 2010-01-01_2020-01-01/forecasts/TripleS-CSI
      TripleS-hybrid: 2010-01-01_2020-01-01/forecasts/TripleS-hybrid
  catalog_figure: catalog
  config: repr_config.yml
  magnitude_time: events
result_exists:
  2010-01-01_2020-01-01:
    catalog: true
    evaluations:
      Binary_S:
        ALM: true
        ALM_IT: true
        DBM: true
        HALM: true
        HAZFX_BPT: true
        HAZGRIDX: true
        HRSS-m1: true
        HRSS-m2: true
        HZA_TD: true
        HZA_TI: true
        LTST: true
        MPS04: true
        MPS04after: true
        PHM_Grid: true
        PHM_Zone: true
        RI: true
        TripleS-CPTI: true
        TripleS-CSI: true
        TripleS-hybrid: true
      Brier:
        ALM: true
        ALM_IT: true
        DBM: true
        HALM: true
        HAZFX_BPT: true
        HAZGRIDX: true
        HRSS-m1: true
        HRSS-m2: true
        HZA_TD: true
        HZA_TI: true
        LTST: true
        MPS04: true
        MPS04after: true
        PHM_Grid: true
        PHM_Zone: true
        RI: true
        TripleS-CPTI: true
        TripleS-CSI: true
        TripleS-hybrid: true
      Matrix_T:
        ALM: true
        ALM_IT: true
        DBM: true
        HALM: true
        HAZFX_BPT: true
        HAZGRIDX: true
        HRSS-m1: true
        HRSS-m2: true
        HZA_TD: true
        HZA_TI: true
        LTST: true
        MPS04: true
        MPS04after: true
        PHM_Grid: true
        PHM_Zone: true
        RI: true
        TripleS-CPTI: true
        TripleS-CSI: true
        TripleS-hybrid: true
      Negbinom_N:
        ALM: false
        ALM_IT: false
        DBM: false
        HALM: false
        HAZFX_BPT: false
        HAZGRIDX: false
        HRSS-m1: false
        HRSS-m2: false
        HZA_TD: false
        HZA_TI: false
        LTST: false
        MPS04: false
        MPS04after: false
        PHM_Grid: false
        PHM_Zone: false
        RI: false
        TripleS-CPTI: false
        TripleS-CSI: false
        TripleS-hybrid: false
      Poisson_CL:
        ALM: true
        ALM_IT: true
        DBM: true
        HALM: true
        HAZFX_BPT: true
        HAZGRIDX: true
        HRSS-m1: true
        HRSS-m2: true
        HZA_TD: true
        HZA_TI: true
        LTST: true
        MPS04: true
        MPS04after: true
        PHM_Grid: true
        PHM_Zone: true
        RI: true
        TripleS-CPTI: true
        TripleS-CSI: true
        TripleS-hybrid: true
      Poisson_L:
        ALM: true
        ALM_IT: true
        DBM: true
        HALM: true
        HAZFX_BPT: true
        HAZGRIDX: true
        HRSS-m1: true
        HRSS-m2: true
        HZA_TD: true
        HZA_TI: true
        LTST: true
        MPS04: true
        MPS04after: true
        PHM_Grid: true
        PHM_Zone: true
        RI: true
        TripleS-CPTI: true
        TripleS-CSI: true
        TripleS-hybrid: true
      Poisson_M:
        ALM: true
        ALM_IT: true
        DBM: true
        HALM: true
        HAZFX_BPT: true
        HAZGRIDX: true
        HRSS-m1: true
        HRSS-m2: true
        HZA_TD: true
        HZA_TI: true
        LTST: true
        MPS04: true
        MPS04after: true
        PHM_Grid: true
        PHM_Zone: true
        RI: true
        TripleS-CPTI: true
        TripleS-CSI: true
        TripleS-hybrid: true
      Poisson_N:
        ALM: true
        ALM_IT: true
        DBM: true
        HALM: true
        HAZFX_BPT: true
        HAZGRIDX: true
        HRSS-m1: true
        HRSS-m2: true
        HZA_TD: true
        HZA_TI: true
        LTST: true
        MPS04: true
        MPS04after: true
        PHM_Grid: true
        PHM_Zone: true
        RI: true
        TripleS-CPTI: true
        TripleS-CSI: true
        TripleS-hybrid: true
      Poisson_S:
        ALM: true
        ALM_IT: true
        DBM: true
        HALM: true
        HAZFX_BPT: true
        HAZGRIDX: true
        HRSS-m1: true
        HRSS-m2: true
        HZA_TD: true
        HZA_TI: true
        LTST: true
        MPS04: true
        MPS04after: true
        PHM_Grid: true
        PHM_Zone: true
        RI: true
        TripleS-CPTI: true
        TripleS-CSI: true
        TripleS-hybrid: true
    forecasts: false
rundir: results
workdir: /home/pciturri/PycharmProjects/fe_italy_ti/src/total

2023-07-24 18:40:57 INFO - Running 191 tasks
2023-07-24 18:40:57 DEBUG - Filtering catalog to testing sub-catalog and saving to /home/pciturri/PycharmProjects/fe_italy_ti/src/total/results/2010-01-01_2020-01-01/catalog/test_catalog.json
2023-07-24 18:40:58 DEBUG - Model HAZFX_BPT:
	Forecast expected count: 15.18 with scaling parameter: 10.0
2023-07-24 18:40:58 DEBUG - Model LTST:
	Forecast expected count: 17.29 with scaling parameter: 10.0
2023-07-24 18:40:58 DEBUG - Model RI:
	Forecast expected count: 9.80 with scaling parameter: 10.0
2023-07-24 18:40:58 DEBUG - Model DBM:
	Forecast expected count: 18.42 with scaling parameter: 10.0
2023-07-24 18:40:58 DEBUG - Model HAZGRIDX:
	Forecast expected count: 12.36 with scaling parameter: 10.0
2023-07-24 18:40:58 DEBUG - Model MPS04:
	Forecast expected count: 19.81 with scaling parameter: 10.0
2023-07-24 18:40:58 DEBUG - Model MPS04after:
	Forecast expected count: 24.58 with scaling parameter: 10.0
2023-07-24 18:40:58 DEBUG - Model PHM_Grid:
	Forecast expected count: 13.01 with scaling parameter: 10.0
2023-07-24 18:40:58 DEBUG - Model PHM_Zone:
	Forecast expected count: 12.34 with scaling parameter: 10.0
2023-07-24 18:40:58 DEBUG - Model HZA_TD:
	Forecast expected count: 18.18 with scaling parameter: 10.0
2023-07-24 18:40:58 DEBUG - Model HZA_TI:
	Forecast expected count: 18.21 with scaling parameter: 10.0
2023-07-24 18:40:58 DEBUG - Model ALM:
	Forecast expected count: 16.19 with scaling parameter: 10.0
2023-07-24 18:40:58 DEBUG - Model ALM_IT:
	Forecast expected count: 17.36 with scaling parameter: 10.0
2023-07-24 18:40:58 DEBUG - Model HALM:
	Forecast expected count: 16.93 with scaling parameter: 10.0
2023-07-24 18:40:58 DEBUG - Model HRSS-m2:
	Forecast expected count: 17.19 with scaling parameter: 10.0
2023-07-24 18:40:58 DEBUG - Model HRSS-m1:
	Forecast expected count: 12.42 with scaling parameter: 10.0
2023-07-24 18:40:58 DEBUG - Model TripleS-CPTI:
	Forecast expected count: 17.24 with scaling parameter: 10.0
2023-07-24 18:40:59 DEBUG - Model TripleS-hybrid:
	Forecast expected count: 16.39 with scaling parameter: 10.0
2023-07-24 18:40:59 DEBUG - Model TripleS-CSI:
	Forecast expected count: 12.65 with scaling parameter: 10.0
2023-07-24 18:58:00 INFO - Calculation completed
2023-07-24 18:58:00 INFO - Plotting evaluations
2023-07-24 18:58:05 INFO - Saving report into results
2023-07-24 18:58:05 DEBUG - Post-run: results' paths
paths:
  2010-01-01_2020-01-01:
    catalog: 2010-01-01_2020-01-01/catalog/test_catalog.json
    evaluations:
      Binary_S:
        ALM: 2010-01-01_2020-01-01/evaluations/Binary_S_ALM.json
        ALM_IT: 2010-01-01_2020-01-01/evaluations/Binary_S_ALM_IT.json
        DBM: 2010-01-01_2020-01-01/evaluations/Binary_S_DBM.json
        HALM: 2010-01-01_2020-01-01/evaluations/Binary_S_HALM.json
        HAZFX_BPT: 2010-01-01_2020-01-01/evaluations/Binary_S_HAZFX_BPT.json
        HAZGRIDX: 2010-01-01_2020-01-01/evaluations/Binary_S_HAZGRIDX.json
        HRSS-m1: 2010-01-01_2020-01-01/evaluations/Binary_S_HRSS-m1.json
        HRSS-m2: 2010-01-01_2020-01-01/evaluations/Binary_S_HRSS-m2.json
        HZA_TD: 2010-01-01_2020-01-01/evaluations/Binary_S_HZA_TD.json
        HZA_TI: 2010-01-01_2020-01-01/evaluations/Binary_S_HZA_TI.json
        LTST: 2010-01-01_2020-01-01/evaluations/Binary_S_LTST.json
        MPS04: 2010-01-01_2020-01-01/evaluations/Binary_S_MPS04.json
        MPS04after: 2010-01-01_2020-01-01/evaluations/Binary_S_MPS04after.json
        PHM_Grid: 2010-01-01_2020-01-01/evaluations/Binary_S_PHM_Grid.json
        PHM_Zone: 2010-01-01_2020-01-01/evaluations/Binary_S_PHM_Zone.json
        RI: 2010-01-01_2020-01-01/evaluations/Binary_S_RI.json
        TripleS-CPTI: 2010-01-01_2020-01-01/evaluations/Binary_S_TripleS-CPTI.json
        TripleS-CSI: 2010-01-01_2020-01-01/evaluations/Binary_S_TripleS-CSI.json
        TripleS-hybrid: 2010-01-01_2020-01-01/evaluations/Binary_S_TripleS-hybrid.json
      Brier:
        ALM: 2010-01-01_2020-01-01/evaluations/Brier_ALM.json
        ALM_IT: 2010-01-01_2020-01-01/evaluations/Brier_ALM_IT.json
        DBM: 2010-01-01_2020-01-01/evaluations/Brier_DBM.json
        HALM: 2010-01-01_2020-01-01/evaluations/Brier_HALM.json
        HAZFX_BPT: 2010-01-01_2020-01-01/evaluations/Brier_HAZFX_BPT.json
        HAZGRIDX: 2010-01-01_2020-01-01/evaluations/Brier_HAZGRIDX.json
        HRSS-m1: 2010-01-01_2020-01-01/evaluations/Brier_HRSS-m1.json
        HRSS-m2: 2010-01-01_2020-01-01/evaluations/Brier_HRSS-m2.json
        HZA_TD: 2010-01-01_2020-01-01/evaluations/Brier_HZA_TD.json
        HZA_TI: 2010-01-01_2020-01-01/evaluations/Brier_HZA_TI.json
        LTST: 2010-01-01_2020-01-01/evaluations/Brier_LTST.json
        MPS04: 2010-01-01_2020-01-01/evaluations/Brier_MPS04.json
        MPS04after: 2010-01-01_2020-01-01/evaluations/Brier_MPS04after.json
        PHM_Grid: 2010-01-01_2020-01-01/evaluations/Brier_PHM_Grid.json
        PHM_Zone: 2010-01-01_2020-01-01/evaluations/Brier_PHM_Zone.json
        RI: 2010-01-01_2020-01-01/evaluations/Brier_RI.json
        TripleS-CPTI: 2010-01-01_2020-01-01/evaluations/Brier_TripleS-CPTI.json
        TripleS-CSI: 2010-01-01_2020-01-01/evaluations/Brier_TripleS-CSI.json
        TripleS-hybrid: 2010-01-01_2020-01-01/evaluations/Brier_TripleS-hybrid.json
      Matrix_T:
        ALM: 2010-01-01_2020-01-01/evaluations/Matrix_T_ALM.json
        ALM_IT: 2010-01-01_2020-01-01/evaluations/Matrix_T_ALM_IT.json
        DBM: 2010-01-01_2020-01-01/evaluations/Matrix_T_DBM.json
        HALM: 2010-01-01_2020-01-01/evaluations/Matrix_T_HALM.json
        HAZFX_BPT: 2010-01-01_2020-01-01/evaluations/Matrix_T_HAZFX_BPT.json
        HAZGRIDX: 2010-01-01_2020-01-01/evaluations/Matrix_T_HAZGRIDX.json
        HRSS-m1: 2010-01-01_2020-01-01/evaluations/Matrix_T_HRSS-m1.json
        HRSS-m2: 2010-01-01_2020-01-01/evaluations/Matrix_T_HRSS-m2.json
        HZA_TD: 2010-01-01_2020-01-01/evaluations/Matrix_T_HZA_TD.json
        HZA_TI: 2010-01-01_2020-01-01/evaluations/Matrix_T_HZA_TI.json
        LTST: 2010-01-01_2020-01-01/evaluations/Matrix_T_LTST.json
        MPS04: 2010-01-01_2020-01-01/evaluations/Matrix_T_MPS04.json
        MPS04after: 2010-01-01_2020-01-01/evaluations/Matrix_T_MPS04after.json
        PHM_Grid: 2010-01-01_2020-01-01/evaluations/Matrix_T_PHM_Grid.json
        PHM_Zone: 2010-01-01_2020-01-01/evaluations/Matrix_T_PHM_Zone.json
        RI: 2010-01-01_2020-01-01/evaluations/Matrix_T_RI.json
        TripleS-CPTI: 2010-01-01_2020-01-01/evaluations/Matrix_T_TripleS-CPTI.json
        TripleS-CSI: 2010-01-01_2020-01-01/evaluations/Matrix_T_TripleS-CSI.json
        TripleS-hybrid: 2010-01-01_2020-01-01/evaluations/Matrix_T_TripleS-hybrid.json
      Negbinom_N:
        ALM: 2010-01-01_2020-01-01/evaluations/Negbinom_N_ALM.json
        ALM_IT: 2010-01-01_2020-01-01/evaluations/Negbinom_N_ALM_IT.json
        DBM: 2010-01-01_2020-01-01/evaluations/Negbinom_N_DBM.json
        HALM: 2010-01-01_2020-01-01/evaluations/Negbinom_N_HALM.json
        HAZFX_BPT: 2010-01-01_2020-01-01/evaluations/Negbinom_N_HAZFX_BPT.json
        HAZGRIDX: 2010-01-01_2020-01-01/evaluations/Negbinom_N_HAZGRIDX.json
        HRSS-m1: 2010-01-01_2020-01-01/evaluations/Negbinom_N_HRSS-m1.json
        HRSS-m2: 2010-01-01_2020-01-01/evaluations/Negbinom_N_HRSS-m2.json
        HZA_TD: 2010-01-01_2020-01-01/evaluations/Negbinom_N_HZA_TD.json
        HZA_TI: 2010-01-01_2020-01-01/evaluations/Negbinom_N_HZA_TI.json
        LTST: 2010-01-01_2020-01-01/evaluations/Negbinom_N_LTST.json
        MPS04: 2010-01-01_2020-01-01/evaluations/Negbinom_N_MPS04.json
        MPS04after: 2010-01-01_2020-01-01/evaluations/Negbinom_N_MPS04after.json
        PHM_Grid: 2010-01-01_2020-01-01/evaluations/Negbinom_N_PHM_Grid.json
        PHM_Zone: 2010-01-01_2020-01-01/evaluations/Negbinom_N_PHM_Zone.json
        RI: 2010-01-01_2020-01-01/evaluations/Negbinom_N_RI.json
        TripleS-CPTI: 2010-01-01_2020-01-01/evaluations/Negbinom_N_TripleS-CPTI.json
        TripleS-CSI: 2010-01-01_2020-01-01/evaluations/Negbinom_N_TripleS-CSI.json
        TripleS-hybrid: 2010-01-01_2020-01-01/evaluations/Negbinom_N_TripleS-hybrid.json
      Poisson_CL:
        ALM: 2010-01-01_2020-01-01/evaluations/Poisson_CL_ALM.json
        ALM_IT: 2010-01-01_2020-01-01/evaluations/Poisson_CL_ALM_IT.json
        DBM: 2010-01-01_2020-01-01/evaluations/Poisson_CL_DBM.json
        HALM: 2010-01-01_2020-01-01/evaluations/Poisson_CL_HALM.json
        HAZFX_BPT: 2010-01-01_2020-01-01/evaluations/Poisson_CL_HAZFX_BPT.json
        HAZGRIDX: 2010-01-01_2020-01-01/evaluations/Poisson_CL_HAZGRIDX.json
        HRSS-m1: 2010-01-01_2020-01-01/evaluations/Poisson_CL_HRSS-m1.json
        HRSS-m2: 2010-01-01_2020-01-01/evaluations/Poisson_CL_HRSS-m2.json
        HZA_TD: 2010-01-01_2020-01-01/evaluations/Poisson_CL_HZA_TD.json
        HZA_TI: 2010-01-01_2020-01-01/evaluations/Poisson_CL_HZA_TI.json
        LTST: 2010-01-01_2020-01-01/evaluations/Poisson_CL_LTST.json
        MPS04: 2010-01-01_2020-01-01/evaluations/Poisson_CL_MPS04.json
        MPS04after: 2010-01-01_2020-01-01/evaluations/Poisson_CL_MPS04after.json
        PHM_Grid: 2010-01-01_2020-01-01/evaluations/Poisson_CL_PHM_Grid.json
        PHM_Zone: 2010-01-01_2020-01-01/evaluations/Poisson_CL_PHM_Zone.json
        RI: 2010-01-01_2020-01-01/evaluations/Poisson_CL_RI.json
        TripleS-CPTI: 2010-01-01_2020-01-01/evaluations/Poisson_CL_TripleS-CPTI.json
        TripleS-CSI: 2010-01-01_2020-01-01/evaluations/Poisson_CL_TripleS-CSI.json
        TripleS-hybrid: 2010-01-01_2020-01-01/evaluations/Poisson_CL_TripleS-hybrid.json
      Poisson_L:
        ALM: 2010-01-01_2020-01-01/evaluations/Poisson_L_ALM.json
        ALM_IT: 2010-01-01_2020-01-01/evaluations/Poisson_L_ALM_IT.json
        DBM: 2010-01-01_2020-01-01/evaluations/Poisson_L_DBM.json
        HALM: 2010-01-01_2020-01-01/evaluations/Poisson_L_HALM.json
        HAZFX_BPT: 2010-01-01_2020-01-01/evaluations/Poisson_L_HAZFX_BPT.json
        HAZGRIDX: 2010-01-01_2020-01-01/evaluations/Poisson_L_HAZGRIDX.json
        HRSS-m1: 2010-01-01_2020-01-01/evaluations/Poisson_L_HRSS-m1.json
        HRSS-m2: 2010-01-01_2020-01-01/evaluations/Poisson_L_HRSS-m2.json
        HZA_TD: 2010-01-01_2020-01-01/evaluations/Poisson_L_HZA_TD.json
        HZA_TI: 2010-01-01_2020-01-01/evaluations/Poisson_L_HZA_TI.json
        LTST: 2010-01-01_2020-01-01/evaluations/Poisson_L_LTST.json
        MPS04: 2010-01-01_2020-01-01/evaluations/Poisson_L_MPS04.json
        MPS04after: 2010-01-01_2020-01-01/evaluations/Poisson_L_MPS04after.json
        PHM_Grid: 2010-01-01_2020-01-01/evaluations/Poisson_L_PHM_Grid.json
        PHM_Zone: 2010-01-01_2020-01-01/evaluations/Poisson_L_PHM_Zone.json
        RI: 2010-01-01_2020-01-01/evaluations/Poisson_L_RI.json
        TripleS-CPTI: 2010-01-01_2020-01-01/evaluations/Poisson_L_TripleS-CPTI.json
        TripleS-CSI: 2010-01-01_2020-01-01/evaluations/Poisson_L_TripleS-CSI.json
        TripleS-hybrid: 2010-01-01_2020-01-01/evaluations/Poisson_L_TripleS-hybrid.json
      Poisson_M:
        ALM: 2010-01-01_2020-01-01/evaluations/Poisson_M_ALM.json
        ALM_IT: 2010-01-01_2020-01-01/evaluations/Poisson_M_ALM_IT.json
        DBM: 2010-01-01_2020-01-01/evaluations/Poisson_M_DBM.json
        HALM: 2010-01-01_2020-01-01/evaluations/Poisson_M_HALM.json
        HAZFX_BPT: 2010-01-01_2020-01-01/evaluations/Poisson_M_HAZFX_BPT.json
        HAZGRIDX: 2010-01-01_2020-01-01/evaluations/Poisson_M_HAZGRIDX.json
        HRSS-m1: 2010-01-01_2020-01-01/evaluations/Poisson_M_HRSS-m1.json
        HRSS-m2: 2010-01-01_2020-01-01/evaluations/Poisson_M_HRSS-m2.json
        HZA_TD: 2010-01-01_2020-01-01/evaluations/Poisson_M_HZA_TD.json
        HZA_TI: 2010-01-01_2020-01-01/evaluations/Poisson_M_HZA_TI.json
        LTST: 2010-01-01_2020-01-01/evaluations/Poisson_M_LTST.json
        MPS04: 2010-01-01_2020-01-01/evaluations/Poisson_M_MPS04.json
        MPS04after: 2010-01-01_2020-01-01/evaluations/Poisson_M_MPS04after.json
        PHM_Grid: 2010-01-01_2020-01-01/evaluations/Poisson_M_PHM_Grid.json
        PHM_Zone: 2010-01-01_2020-01-01/evaluations/Poisson_M_PHM_Zone.json
        RI: 2010-01-01_2020-01-01/evaluations/Poisson_M_RI.json
        TripleS-CPTI: 2010-01-01_2020-01-01/evaluations/Poisson_M_TripleS-CPTI.json
        TripleS-CSI: 2010-01-01_2020-01-01/evaluations/Poisson_M_TripleS-CSI.json
        TripleS-hybrid: 2010-01-01_2020-01-01/evaluations/Poisson_M_TripleS-hybrid.json
      Poisson_N:
        ALM: 2010-01-01_2020-01-01/evaluations/Poisson_N_ALM.json
        ALM_IT: 2010-01-01_2020-01-01/evaluations/Poisson_N_ALM_IT.json
        DBM: 2010-01-01_2020-01-01/evaluations/Poisson_N_DBM.json
        HALM: 2010-01-01_2020-01-01/evaluations/Poisson_N_HALM.json
        HAZFX_BPT: 2010-01-01_2020-01-01/evaluations/Poisson_N_HAZFX_BPT.json
        HAZGRIDX: 2010-01-01_2020-01-01/evaluations/Poisson_N_HAZGRIDX.json
        HRSS-m1: 2010-01-01_2020-01-01/evaluations/Poisson_N_HRSS-m1.json
        HRSS-m2: 2010-01-01_2020-01-01/evaluations/Poisson_N_HRSS-m2.json
        HZA_TD: 2010-01-01_2020-01-01/evaluations/Poisson_N_HZA_TD.json
        HZA_TI: 2010-01-01_2020-01-01/evaluations/Poisson_N_HZA_TI.json
        LTST: 2010-01-01_2020-01-01/evaluations/Poisson_N_LTST.json
        MPS04: 2010-01-01_2020-01-01/evaluations/Poisson_N_MPS04.json
        MPS04after: 2010-01-01_2020-01-01/evaluations/Poisson_N_MPS04after.json
        PHM_Grid: 2010-01-01_2020-01-01/evaluations/Poisson_N_PHM_Grid.json
        PHM_Zone: 2010-01-01_2020-01-01/evaluations/Poisson_N_PHM_Zone.json
        RI: 2010-01-01_2020-01-01/evaluations/Poisson_N_RI.json
        TripleS-CPTI: 2010-01-01_2020-01-01/evaluations/Poisson_N_TripleS-CPTI.json
        TripleS-CSI: 2010-01-01_2020-01-01/evaluations/Poisson_N_TripleS-CSI.json
        TripleS-hybrid: 2010-01-01_2020-01-01/evaluations/Poisson_N_TripleS-hybrid.json
      Poisson_S:
        ALM: 2010-01-01_2020-01-01/evaluations/Poisson_S_ALM.json
        ALM_IT: 2010-01-01_2020-01-01/evaluations/Poisson_S_ALM_IT.json
        DBM: 2010-01-01_2020-01-01/evaluations/Poisson_S_DBM.json
        HALM: 2010-01-01_2020-01-01/evaluations/Poisson_S_HALM.json
        HAZFX_BPT: 2010-01-01_2020-01-01/evaluations/Poisson_S_HAZFX_BPT.json
        HAZGRIDX: 2010-01-01_2020-01-01/evaluations/Poisson_S_HAZGRIDX.json
        HRSS-m1: 2010-01-01_2020-01-01/evaluations/Poisson_S_HRSS-m1.json
        HRSS-m2: 2010-01-01_2020-01-01/evaluations/Poisson_S_HRSS-m2.json
        HZA_TD: 2010-01-01_2020-01-01/evaluations/Poisson_S_HZA_TD.json
        HZA_TI: 2010-01-01_2020-01-01/evaluations/Poisson_S_HZA_TI.json
        LTST: 2010-01-01_2020-01-01/evaluations/Poisson_S_LTST.json
        MPS04: 2010-01-01_2020-01-01/evaluations/Poisson_S_MPS04.json
        MPS04after: 2010-01-01_2020-01-01/evaluations/Poisson_S_MPS04after.json
        PHM_Grid: 2010-01-01_2020-01-01/evaluations/Poisson_S_PHM_Grid.json
        PHM_Zone: 2010-01-01_2020-01-01/evaluations/Poisson_S_PHM_Zone.json
        RI: 2010-01-01_2020-01-01/evaluations/Poisson_S_RI.json
        TripleS-CPTI: 2010-01-01_2020-01-01/evaluations/Poisson_S_TripleS-CPTI.json
        TripleS-CSI: 2010-01-01_2020-01-01/evaluations/Poisson_S_TripleS-CSI.json
        TripleS-hybrid: 2010-01-01_2020-01-01/evaluations/Poisson_S_TripleS-hybrid.json
    figures:
      Binary_S: 2010-01-01_2020-01-01/figures/Binary_S
      Brier: 2010-01-01_2020-01-01/figures/Brier
      Matrix_T: 2010-01-01_2020-01-01/figures/Matrix_T
      Negbinom_N: 2010-01-01_2020-01-01/figures/Negbinom_N
      Poisson_CL: 2010-01-01_2020-01-01/figures/Poisson_CL
      Poisson_L: 2010-01-01_2020-01-01/figures/Poisson_L
      Poisson_M: 2010-01-01_2020-01-01/figures/Poisson_M
      Poisson_N: 2010-01-01_2020-01-01/figures/Poisson_N
      Poisson_S: 2010-01-01_2020-01-01/figures/Poisson_S
      catalog: 2010-01-01_2020-01-01/figures/catalog
      magnitude_time: 2010-01-01_2020-01-01/figures/magnitude_time
    forecasts:
      ALM: 2010-01-01_2020-01-01/forecasts/ALM
      ALM_IT: 2010-01-01_2020-01-01/forecasts/ALM_IT
      DBM: 2010-01-01_2020-01-01/forecasts/DBM
      HALM: 2010-01-01_2020-01-01/forecasts/HALM
      HAZFX_BPT: 2010-01-01_2020-01-01/forecasts/HAZFX_BPT
      HAZGRIDX: 2010-01-01_2020-01-01/forecasts/HAZGRIDX
      HRSS-m1: 2010-01-01_2020-01-01/forecasts/HRSS-m1
      HRSS-m2: 2010-01-01_2020-01-01/forecasts/HRSS-m2
      HZA_TD: 2010-01-01_2020-01-01/forecasts/HZA_TD
      HZA_TI: 2010-01-01_2020-01-01/forecasts/HZA_TI
      LTST: 2010-01-01_2020-01-01/forecasts/LTST
      MPS04: 2010-01-01_2020-01-01/forecasts/MPS04
      MPS04after: 2010-01-01_2020-01-01/forecasts/MPS04after
      PHM_Grid: 2010-01-01_2020-01-01/forecasts/PHM_Grid
      PHM_Zone: 2010-01-01_2020-01-01/forecasts/PHM_Zone
      RI: 2010-01-01_2020-01-01/forecasts/RI
      TripleS-CPTI: 2010-01-01_2020-01-01/forecasts/TripleS-CPTI
      TripleS-CSI: 2010-01-01_2020-01-01/forecasts/TripleS-CSI
      TripleS-hybrid: 2010-01-01_2020-01-01/forecasts/TripleS-hybrid
  catalog_figure: catalog
  config: repr_config.yml
  magnitude_time: events
result_exists:
  2010-01-01_2020-01-01:
    catalog: true
    evaluations:
      Binary_S:
        ALM: true
        ALM_IT: true
        DBM: true
        HALM: true
        HAZFX_BPT: true
        HAZGRIDX: true
        HRSS-m1: true
        HRSS-m2: true
        HZA_TD: true
        HZA_TI: true
        LTST: true
        MPS04: true
        MPS04after: true
        PHM_Grid: true
        PHM_Zone: true
        RI: true
        TripleS-CPTI: true
        TripleS-CSI: true
        TripleS-hybrid: true
      Brier:
        ALM: true
        ALM_IT: true
        DBM: true
        HALM: true
        HAZFX_BPT: true
        HAZGRIDX: true
        HRSS-m1: true
        HRSS-m2: true
        HZA_TD: true
        HZA_TI: true
        LTST: true
        MPS04: true
        MPS04after: true
        PHM_Grid: true
        PHM_Zone: true
        RI: true
        TripleS-CPTI: true
        TripleS-CSI: true
        TripleS-hybrid: true
      Matrix_T:
        ALM: true
        ALM_IT: true
        DBM: true
        HALM: true
        HAZFX_BPT: true
        HAZGRIDX: true
        HRSS-m1: true
        HRSS-m2: true
        HZA_TD: true
        HZA_TI: true
        LTST: true
        MPS04: true
        MPS04after: true
        PHM_Grid: true
        PHM_Zone: true
        RI: true
        TripleS-CPTI: true
        TripleS-CSI: true
        TripleS-hybrid: true
      Negbinom_N:
        ALM: true
        ALM_IT: true
        DBM: true
        HALM: true
        HAZFX_BPT: true
        HAZGRIDX: true
        HRSS-m1: true
        HRSS-m2: true
        HZA_TD: true
        HZA_TI: true
        LTST: true
        MPS04: true
        MPS04after: true
        PHM_Grid: true
        PHM_Zone: true
        RI: true
        TripleS-CPTI: true
        TripleS-CSI: true
        TripleS-hybrid: true
      Poisson_CL:
        ALM: true
        ALM_IT: true
        DBM: true
        HALM: true
        HAZFX_BPT: true
        HAZGRIDX: true
        HRSS-m1: true
        HRSS-m2: true
        HZA_TD: true
        HZA_TI: true
        LTST: true
        MPS04: true
        MPS04after: true
        PHM_Grid: true
        PHM_Zone: true
        RI: true
        TripleS-CPTI: true
        TripleS-CSI: true
        TripleS-hybrid: true
      Poisson_L:
        ALM: true
        ALM_IT: true
        DBM: true
        HALM: true
        HAZFX_BPT: true
        HAZGRIDX: true
        HRSS-m1: true
        HRSS-m2: true
        HZA_TD: true
        HZA_TI: true
        LTST: true
        MPS04: true
        MPS04after: true
        PHM_Grid: true
        PHM_Zone: true
        RI: true
        TripleS-CPTI: true
        TripleS-CSI: true
        TripleS-hybrid: true
      Poisson_M:
        ALM: true
        ALM_IT: true
        DBM: true
        HALM: true
        HAZFX_BPT: true
        HAZGRIDX: true
        HRSS-m1: true
        HRSS-m2: true
        HZA_TD: true
        HZA_TI: true
        LTST: true
        MPS04: true
        MPS04after: true
        PHM_Grid: true
        PHM_Zone: true
        RI: true
        TripleS-CPTI: true
        TripleS-CSI: true
        TripleS-hybrid: true
      Poisson_N:
        ALM: true
        ALM_IT: true
        DBM: true
        HALM: true
        HAZFX_BPT: true
        HAZGRIDX: true
        HRSS-m1: true
        HRSS-m2: true
        HZA_TD: true
        HZA_TI: true
        LTST: true
        MPS04: true
        MPS04after: true
        PHM_Grid: true
        PHM_Zone: true
        RI: true
        TripleS-CPTI: true
        TripleS-CSI: true
        TripleS-hybrid: true
      Poisson_S:
        ALM: true
        ALM_IT: true
        DBM: true
        HALM: true
        HAZFX_BPT: true
        HAZGRIDX: true
        HRSS-m1: true
        HRSS-m2: true
        HZA_TD: true
        HZA_TI: true
        LTST: true
        MPS04: true
        MPS04after: true
        PHM_Grid: true
        PHM_Zone: true
        RI: true
        TripleS-CPTI: true
        TripleS-CSI: true
        TripleS-hybrid: true
    forecasts: false
rundir: results
workdir: /home/pciturri/PycharmProjects/fe_italy_ti/src/total

2023-07-24 18:58:10 INFO - Creating reproducibility config file
2023-07-24 18:58:10 INFO - Finalized
2023-07-24 18:58:10 DEBUG - 
2023-07-24 22:44:17 INFO - Setting up experiment Complete Run:
2023-07-24 22:44:17 INFO - 	Start: 2010-01-01 00:00:00
2023-07-24 22:44:17 INFO - 	End: 2010-01-01 00:00:00
2023-07-24 22:44:17 INFO - 	Time windows: 1
2023-07-24 22:44:17 INFO - 	Region: italy_csep_region
2023-07-24 22:44:17 INFO - 	Magnitude range: [5.0, 9.0]
2023-07-24 22:44:17 INFO - 	Catalog: 'catalog.json'
2023-07-24 22:44:17 INFO - 	Models: ['HAZFX_BPT', 'LTST', 'RI', 'DBM', 'HAZGRIDX', 'MPS04', 'MPS04after', 'PHM_Grid', 'PHM_Zone', 'HZA_TD', 'HZA_TI', 'ALM', 'ALM_IT', 'HALM', 'HRSS-m2', 'HRSS-m1', 'TripleS-CPTI', 'TripleS-hybrid', 'TripleS-CSI']
2023-07-24 22:44:17 INFO - 	Evaluations: ['Poisson_N', 'Negbinom_N', 'Poisson_S', 'Poisson_M', 'Poisson_L', 'Poisson_CL', 'Binary_S', 'Brier', 'Matrix_T']
2023-07-24 22:44:17 INFO - Staging models
2023-07-24 22:44:36 INFO - Setting up experiment's tasks
2023-07-24 22:44:36 DEBUG - Pre-run: results' paths
paths:
  2010-01-01_2020-01-01:
    catalog: 2010-01-01_2020-01-01/catalog/test_catalog.json
    evaluations:
      Binary_S:
        ALM: 2010-01-01_2020-01-01/evaluations/Binary_S_ALM.json
        ALM_IT: 2010-01-01_2020-01-01/evaluations/Binary_S_ALM_IT.json
        DBM: 2010-01-01_2020-01-01/evaluations/Binary_S_DBM.json
        HALM: 2010-01-01_2020-01-01/evaluations/Binary_S_HALM.json
        HAZFX_BPT: 2010-01-01_2020-01-01/evaluations/Binary_S_HAZFX_BPT.json
        HAZGRIDX: 2010-01-01_2020-01-01/evaluations/Binary_S_HAZGRIDX.json
        HRSS-m1: 2010-01-01_2020-01-01/evaluations/Binary_S_HRSS-m1.json
        HRSS-m2: 2010-01-01_2020-01-01/evaluations/Binary_S_HRSS-m2.json
        HZA_TD: 2010-01-01_2020-01-01/evaluations/Binary_S_HZA_TD.json
        HZA_TI: 2010-01-01_2020-01-01/evaluations/Binary_S_HZA_TI.json
        LTST: 2010-01-01_2020-01-01/evaluations/Binary_S_LTST.json
        MPS04: 2010-01-01_2020-01-01/evaluations/Binary_S_MPS04.json
        MPS04after: 2010-01-01_2020-01-01/evaluations/Binary_S_MPS04after.json
        PHM_Grid: 2010-01-01_2020-01-01/evaluations/Binary_S_PHM_Grid.json
        PHM_Zone: 2010-01-01_2020-01-01/evaluations/Binary_S_PHM_Zone.json
        RI: 2010-01-01_2020-01-01/evaluations/Binary_S_RI.json
        TripleS-CPTI: 2010-01-01_2020-01-01/evaluations/Binary_S_TripleS-CPTI.json
        TripleS-CSI: 2010-01-01_2020-01-01/evaluations/Binary_S_TripleS-CSI.json
        TripleS-hybrid: 2010-01-01_2020-01-01/evaluations/Binary_S_TripleS-hybrid.json
      Brier:
        ALM: 2010-01-01_2020-01-01/evaluations/Brier_ALM.json
        ALM_IT: 2010-01-01_2020-01-01/evaluations/Brier_ALM_IT.json
        DBM: 2010-01-01_2020-01-01/evaluations/Brier_DBM.json
        HALM: 2010-01-01_2020-01-01/evaluations/Brier_HALM.json
        HAZFX_BPT: 2010-01-01_2020-01-01/evaluations/Brier_HAZFX_BPT.json
        HAZGRIDX: 2010-01-01_2020-01-01/evaluations/Brier_HAZGRIDX.json
        HRSS-m1: 2010-01-01_2020-01-01/evaluations/Brier_HRSS-m1.json
        HRSS-m2: 2010-01-01_2020-01-01/evaluations/Brier_HRSS-m2.json
        HZA_TD: 2010-01-01_2020-01-01/evaluations/Brier_HZA_TD.json
        HZA_TI: 2010-01-01_2020-01-01/evaluations/Brier_HZA_TI.json
        LTST: 2010-01-01_2020-01-01/evaluations/Brier_LTST.json
        MPS04: 2010-01-01_2020-01-01/evaluations/Brier_MPS04.json
        MPS04after: 2010-01-01_2020-01-01/evaluations/Brier_MPS04after.json
        PHM_Grid: 2010-01-01_2020-01-01/evaluations/Brier_PHM_Grid.json
        PHM_Zone: 2010-01-01_2020-01-01/evaluations/Brier_PHM_Zone.json
        RI: 2010-01-01_2020-01-01/evaluations/Brier_RI.json
        TripleS-CPTI: 2010-01-01_2020-01-01/evaluations/Brier_TripleS-CPTI.json
        TripleS-CSI: 2010-01-01_2020-01-01/evaluations/Brier_TripleS-CSI.json
        TripleS-hybrid: 2010-01-01_2020-01-01/evaluations/Brier_TripleS-hybrid.json
      Matrix_T:
        ALM: 2010-01-01_2020-01-01/evaluations/Matrix_T_ALM.json
        ALM_IT: 2010-01-01_2020-01-01/evaluations/Matrix_T_ALM_IT.json
        DBM: 2010-01-01_2020-01-01/evaluations/Matrix_T_DBM.json
        HALM: 2010-01-01_2020-01-01/evaluations/Matrix_T_HALM.json
        HAZFX_BPT: 2010-01-01_2020-01-01/evaluations/Matrix_T_HAZFX_BPT.json
        HAZGRIDX: 2010-01-01_2020-01-01/evaluations/Matrix_T_HAZGRIDX.json
        HRSS-m1: 2010-01-01_2020-01-01/evaluations/Matrix_T_HRSS-m1.json
        HRSS-m2: 2010-01-01_2020-01-01/evaluations/Matrix_T_HRSS-m2.json
        HZA_TD: 2010-01-01_2020-01-01/evaluations/Matrix_T_HZA_TD.json
        HZA_TI: 2010-01-01_2020-01-01/evaluations/Matrix_T_HZA_TI.json
        LTST: 2010-01-01_2020-01-01/evaluations/Matrix_T_LTST.json
        MPS04: 2010-01-01_2020-01-01/evaluations/Matrix_T_MPS04.json
        MPS04after: 2010-01-01_2020-01-01/evaluations/Matrix_T_MPS04after.json
        PHM_Grid: 2010-01-01_2020-01-01/evaluations/Matrix_T_PHM_Grid.json
        PHM_Zone: 2010-01-01_2020-01-01/evaluations/Matrix_T_PHM_Zone.json
        RI: 2010-01-01_2020-01-01/evaluations/Matrix_T_RI.json
        TripleS-CPTI: 2010-01-01_2020-01-01/evaluations/Matrix_T_TripleS-CPTI.json
        TripleS-CSI: 2010-01-01_2020-01-01/evaluations/Matrix_T_TripleS-CSI.json
        TripleS-hybrid: 2010-01-01_2020-01-01/evaluations/Matrix_T_TripleS-hybrid.json
      Negbinom_N:
        ALM: 2010-01-01_2020-01-01/evaluations/Negbinom_N_ALM.json
        ALM_IT: 2010-01-01_2020-01-01/evaluations/Negbinom_N_ALM_IT.json
        DBM: 2010-01-01_2020-01-01/evaluations/Negbinom_N_DBM.json
        HALM: 2010-01-01_2020-01-01/evaluations/Negbinom_N_HALM.json
        HAZFX_BPT: 2010-01-01_2020-01-01/evaluations/Negbinom_N_HAZFX_BPT.json
        HAZGRIDX: 2010-01-01_2020-01-01/evaluations/Negbinom_N_HAZGRIDX.json
        HRSS-m1: 2010-01-01_2020-01-01/evaluations/Negbinom_N_HRSS-m1.json
        HRSS-m2: 2010-01-01_2020-01-01/evaluations/Negbinom_N_HRSS-m2.json
        HZA_TD: 2010-01-01_2020-01-01/evaluations/Negbinom_N_HZA_TD.json
        HZA_TI: 2010-01-01_2020-01-01/evaluations/Negbinom_N_HZA_TI.json
        LTST: 2010-01-01_2020-01-01/evaluations/Negbinom_N_LTST.json
        MPS04: 2010-01-01_2020-01-01/evaluations/Negbinom_N_MPS04.json
        MPS04after: 2010-01-01_2020-01-01/evaluations/Negbinom_N_MPS04after.json
        PHM_Grid: 2010-01-01_2020-01-01/evaluations/Negbinom_N_PHM_Grid.json
        PHM_Zone: 2010-01-01_2020-01-01/evaluations/Negbinom_N_PHM_Zone.json
        RI: 2010-01-01_2020-01-01/evaluations/Negbinom_N_RI.json
        TripleS-CPTI: 2010-01-01_2020-01-01/evaluations/Negbinom_N_TripleS-CPTI.json
        TripleS-CSI: 2010-01-01_2020-01-01/evaluations/Negbinom_N_TripleS-CSI.json
        TripleS-hybrid: 2010-01-01_2020-01-01/evaluations/Negbinom_N_TripleS-hybrid.json
      Poisson_CL:
        ALM: 2010-01-01_2020-01-01/evaluations/Poisson_CL_ALM.json
        ALM_IT: 2010-01-01_2020-01-01/evaluations/Poisson_CL_ALM_IT.json
        DBM: 2010-01-01_2020-01-01/evaluations/Poisson_CL_DBM.json
        HALM: 2010-01-01_2020-01-01/evaluations/Poisson_CL_HALM.json
        HAZFX_BPT: 2010-01-01_2020-01-01/evaluations/Poisson_CL_HAZFX_BPT.json
        HAZGRIDX: 2010-01-01_2020-01-01/evaluations/Poisson_CL_HAZGRIDX.json
        HRSS-m1: 2010-01-01_2020-01-01/evaluations/Poisson_CL_HRSS-m1.json
        HRSS-m2: 2010-01-01_2020-01-01/evaluations/Poisson_CL_HRSS-m2.json
        HZA_TD: 2010-01-01_2020-01-01/evaluations/Poisson_CL_HZA_TD.json
        HZA_TI: 2010-01-01_2020-01-01/evaluations/Poisson_CL_HZA_TI.json
        LTST: 2010-01-01_2020-01-01/evaluations/Poisson_CL_LTST.json
        MPS04: 2010-01-01_2020-01-01/evaluations/Poisson_CL_MPS04.json
        MPS04after: 2010-01-01_2020-01-01/evaluations/Poisson_CL_MPS04after.json
        PHM_Grid: 2010-01-01_2020-01-01/evaluations/Poisson_CL_PHM_Grid.json
        PHM_Zone: 2010-01-01_2020-01-01/evaluations/Poisson_CL_PHM_Zone.json
        RI: 2010-01-01_2020-01-01/evaluations/Poisson_CL_RI.json
        TripleS-CPTI: 2010-01-01_2020-01-01/evaluations/Poisson_CL_TripleS-CPTI.json
        TripleS-CSI: 2010-01-01_2020-01-01/evaluations/Poisson_CL_TripleS-CSI.json
        TripleS-hybrid: 2010-01-01_2020-01-01/evaluations/Poisson_CL_TripleS-hybrid.json
      Poisson_L:
        ALM: 2010-01-01_2020-01-01/evaluations/Poisson_L_ALM.json
        ALM_IT: 2010-01-01_2020-01-01/evaluations/Poisson_L_ALM_IT.json
        DBM: 2010-01-01_2020-01-01/evaluations/Poisson_L_DBM.json
        HALM: 2010-01-01_2020-01-01/evaluations/Poisson_L_HALM.json
        HAZFX_BPT: 2010-01-01_2020-01-01/evaluations/Poisson_L_HAZFX_BPT.json
        HAZGRIDX: 2010-01-01_2020-01-01/evaluations/Poisson_L_HAZGRIDX.json
        HRSS-m1: 2010-01-01_2020-01-01/evaluations/Poisson_L_HRSS-m1.json
        HRSS-m2: 2010-01-01_2020-01-01/evaluations/Poisson_L_HRSS-m2.json
        HZA_TD: 2010-01-01_2020-01-01/evaluations/Poisson_L_HZA_TD.json
        HZA_TI: 2010-01-01_2020-01-01/evaluations/Poisson_L_HZA_TI.json
        LTST: 2010-01-01_2020-01-01/evaluations/Poisson_L_LTST.json
        MPS04: 2010-01-01_2020-01-01/evaluations/Poisson_L_MPS04.json
        MPS04after: 2010-01-01_2020-01-01/evaluations/Poisson_L_MPS04after.json
        PHM_Grid: 2010-01-01_2020-01-01/evaluations/Poisson_L_PHM_Grid.json
        PHM_Zone: 2010-01-01_2020-01-01/evaluations/Poisson_L_PHM_Zone.json
        RI: 2010-01-01_2020-01-01/evaluations/Poisson_L_RI.json
        TripleS-CPTI: 2010-01-01_2020-01-01/evaluations/Poisson_L_TripleS-CPTI.json
        TripleS-CSI: 2010-01-01_2020-01-01/evaluations/Poisson_L_TripleS-CSI.json
        TripleS-hybrid: 2010-01-01_2020-01-01/evaluations/Poisson_L_TripleS-hybrid.json
      Poisson_M:
        ALM: 2010-01-01_2020-01-01/evaluations/Poisson_M_ALM.json
        ALM_IT: 2010-01-01_2020-01-01/evaluations/Poisson_M_ALM_IT.json
        DBM: 2010-01-01_2020-01-01/evaluations/Poisson_M_DBM.json
        HALM: 2010-01-01_2020-01-01/evaluations/Poisson_M_HALM.json
        HAZFX_BPT: 2010-01-01_2020-01-01/evaluations/Poisson_M_HAZFX_BPT.json
        HAZGRIDX: 2010-01-01_2020-01-01/evaluations/Poisson_M_HAZGRIDX.json
        HRSS-m1: 2010-01-01_2020-01-01/evaluations/Poisson_M_HRSS-m1.json
        HRSS-m2: 2010-01-01_2020-01-01/evaluations/Poisson_M_HRSS-m2.json
        HZA_TD: 2010-01-01_2020-01-01/evaluations/Poisson_M_HZA_TD.json
        HZA_TI: 2010-01-01_2020-01-01/evaluations/Poisson_M_HZA_TI.json
        LTST: 2010-01-01_2020-01-01/evaluations/Poisson_M_LTST.json
        MPS04: 2010-01-01_2020-01-01/evaluations/Poisson_M_MPS04.json
        MPS04after: 2010-01-01_2020-01-01/evaluations/Poisson_M_MPS04after.json
        PHM_Grid: 2010-01-01_2020-01-01/evaluations/Poisson_M_PHM_Grid.json
        PHM_Zone: 2010-01-01_2020-01-01/evaluations/Poisson_M_PHM_Zone.json
        RI: 2010-01-01_2020-01-01/evaluations/Poisson_M_RI.json
        TripleS-CPTI: 2010-01-01_2020-01-01/evaluations/Poisson_M_TripleS-CPTI.json
        TripleS-CSI: 2010-01-01_2020-01-01/evaluations/Poisson_M_TripleS-CSI.json
        TripleS-hybrid: 2010-01-01_2020-01-01/evaluations/Poisson_M_TripleS-hybrid.json
      Poisson_N:
        ALM: 2010-01-01_2020-01-01/evaluations/Poisson_N_ALM.json
        ALM_IT: 2010-01-01_2020-01-01/evaluations/Poisson_N_ALM_IT.json
        DBM: 2010-01-01_2020-01-01/evaluations/Poisson_N_DBM.json
        HALM: 2010-01-01_2020-01-01/evaluations/Poisson_N_HALM.json
        HAZFX_BPT: 2010-01-01_2020-01-01/evaluations/Poisson_N_HAZFX_BPT.json
        HAZGRIDX: 2010-01-01_2020-01-01/evaluations/Poisson_N_HAZGRIDX.json
        HRSS-m1: 2010-01-01_2020-01-01/evaluations/Poisson_N_HRSS-m1.json
        HRSS-m2: 2010-01-01_2020-01-01/evaluations/Poisson_N_HRSS-m2.json
        HZA_TD: 2010-01-01_2020-01-01/evaluations/Poisson_N_HZA_TD.json
        HZA_TI: 2010-01-01_2020-01-01/evaluations/Poisson_N_HZA_TI.json
        LTST: 2010-01-01_2020-01-01/evaluations/Poisson_N_LTST.json
        MPS04: 2010-01-01_2020-01-01/evaluations/Poisson_N_MPS04.json
        MPS04after: 2010-01-01_2020-01-01/evaluations/Poisson_N_MPS04after.json
        PHM_Grid: 2010-01-01_2020-01-01/evaluations/Poisson_N_PHM_Grid.json
        PHM_Zone: 2010-01-01_2020-01-01/evaluations/Poisson_N_PHM_Zone.json
        RI: 2010-01-01_2020-01-01/evaluations/Poisson_N_RI.json
        TripleS-CPTI: 2010-01-01_2020-01-01/evaluations/Poisson_N_TripleS-CPTI.json
        TripleS-CSI: 2010-01-01_2020-01-01/evaluations/Poisson_N_TripleS-CSI.json
        TripleS-hybrid: 2010-01-01_2020-01-01/evaluations/Poisson_N_TripleS-hybrid.json
      Poisson_S:
        ALM: 2010-01-01_2020-01-01/evaluations/Poisson_S_ALM.json
        ALM_IT: 2010-01-01_2020-01-01/evaluations/Poisson_S_ALM_IT.json
        DBM: 2010-01-01_2020-01-01/evaluations/Poisson_S_DBM.json
        HALM: 2010-01-01_2020-01-01/evaluations/Poisson_S_HALM.json
        HAZFX_BPT: 2010-01-01_2020-01-01/evaluations/Poisson_S_HAZFX_BPT.json
        HAZGRIDX: 2010-01-01_2020-01-01/evaluations/Poisson_S_HAZGRIDX.json
        HRSS-m1: 2010-01-01_2020-01-01/evaluations/Poisson_S_HRSS-m1.json
        HRSS-m2: 2010-01-01_2020-01-01/evaluations/Poisson_S_HRSS-m2.json
        HZA_TD: 2010-01-01_2020-01-01/evaluations/Poisson_S_HZA_TD.json
        HZA_TI: 2010-01-01_2020-01-01/evaluations/Poisson_S_HZA_TI.json
        LTST: 2010-01-01_2020-01-01/evaluations/Poisson_S_LTST.json
        MPS04: 2010-01-01_2020-01-01/evaluations/Poisson_S_MPS04.json
        MPS04after: 2010-01-01_2020-01-01/evaluations/Poisson_S_MPS04after.json
        PHM_Grid: 2010-01-01_2020-01-01/evaluations/Poisson_S_PHM_Grid.json
        PHM_Zone: 2010-01-01_2020-01-01/evaluations/Poisson_S_PHM_Zone.json
        RI: 2010-01-01_2020-01-01/evaluations/Poisson_S_RI.json
        TripleS-CPTI: 2010-01-01_2020-01-01/evaluations/Poisson_S_TripleS-CPTI.json
        TripleS-CSI: 2010-01-01_2020-01-01/evaluations/Poisson_S_TripleS-CSI.json
        TripleS-hybrid: 2010-01-01_2020-01-01/evaluations/Poisson_S_TripleS-hybrid.json
    figures:
      Binary_S: 2010-01-01_2020-01-01/figures/Binary_S
      Brier: 2010-01-01_2020-01-01/figures/Brier
      Matrix_T: 2010-01-01_2020-01-01/figures/Matrix_T
      Negbinom_N: 2010-01-01_2020-01-01/figures/Negbinom_N
      Poisson_CL: 2010-01-01_2020-01-01/figures/Poisson_CL
      Poisson_L: 2010-01-01_2020-01-01/figures/Poisson_L
      Poisson_M: 2010-01-01_2020-01-01/figures/Poisson_M
      Poisson_N: 2010-01-01_2020-01-01/figures/Poisson_N
      Poisson_S: 2010-01-01_2020-01-01/figures/Poisson_S
      catalog: 2010-01-01_2020-01-01/figures/catalog
      magnitude_time: 2010-01-01_2020-01-01/figures/magnitude_time
    forecasts:
      ALM: 2010-01-01_2020-01-01/forecasts/ALM
      ALM_IT: 2010-01-01_2020-01-01/forecasts/ALM_IT
      DBM: 2010-01-01_2020-01-01/forecasts/DBM
      HALM: 2010-01-01_2020-01-01/forecasts/HALM
      HAZFX_BPT: 2010-01-01_2020-01-01/forecasts/HAZFX_BPT
      HAZGRIDX: 2010-01-01_2020-01-01/forecasts/HAZGRIDX
      HRSS-m1: 2010-01-01_2020-01-01/forecasts/HRSS-m1
      HRSS-m2: 2010-01-01_2020-01-01/forecasts/HRSS-m2
      HZA_TD: 2010-01-01_2020-01-01/forecasts/HZA_TD
      HZA_TI: 2010-01-01_2020-01-01/forecasts/HZA_TI
      LTST: 2010-01-01_2020-01-01/forecasts/LTST
      MPS04: 2010-01-01_2020-01-01/forecasts/MPS04
      MPS04after: 2010-01-01_2020-01-01/forecasts/MPS04after
      PHM_Grid: 2010-01-01_2020-01-01/forecasts/PHM_Grid
      PHM_Zone: 2010-01-01_2020-01-01/forecasts/PHM_Zone
      RI: 2010-01-01_2020-01-01/forecasts/RI
      TripleS-CPTI: 2010-01-01_2020-01-01/forecasts/TripleS-CPTI
      TripleS-CSI: 2010-01-01_2020-01-01/forecasts/TripleS-CSI
      TripleS-hybrid: 2010-01-01_2020-01-01/forecasts/TripleS-hybrid
  catalog_figure: catalog
  config: repr_config.yml
  magnitude_time: events
result_exists:
  2010-01-01_2020-01-01:
    catalog: true
    evaluations:
      Binary_S:
        ALM: true
        ALM_IT: true
        DBM: true
        HALM: true
        HAZFX_BPT: true
        HAZGRIDX: true
        HRSS-m1: true
        HRSS-m2: true
        HZA_TD: true
        HZA_TI: true
        LTST: true
        MPS04: true
        MPS04after: true
        PHM_Grid: true
        PHM_Zone: true
        RI: true
        TripleS-CPTI: true
        TripleS-CSI: true
        TripleS-hybrid: true
      Brier:
        ALM: true
        ALM_IT: true
        DBM: true
        HALM: true
        HAZFX_BPT: true
        HAZGRIDX: true
        HRSS-m1: true
        HRSS-m2: true
        HZA_TD: true
        HZA_TI: true
        LTST: true
        MPS04: true
        MPS04after: true
        PHM_Grid: true
        PHM_Zone: true
        RI: true
        TripleS-CPTI: true
        TripleS-CSI: true
        TripleS-hybrid: true
      Matrix_T:
        ALM: true
        ALM_IT: true
        DBM: true
        HALM: true
        HAZFX_BPT: true
        HAZGRIDX: true
        HRSS-m1: true
        HRSS-m2: true
        HZA_TD: true
        HZA_TI: true
        LTST: true
        MPS04: true
        MPS04after: true
        PHM_Grid: true
        PHM_Zone: true
        RI: true
        TripleS-CPTI: true
        TripleS-CSI: true
        TripleS-hybrid: true
      Negbinom_N:
        ALM: true
        ALM_IT: true
        DBM: true
        HALM: true
        HAZFX_BPT: true
        HAZGRIDX: true
        HRSS-m1: true
        HRSS-m2: true
        HZA_TD: true
        HZA_TI: true
        LTST: true
        MPS04: true
        MPS04after: true
        PHM_Grid: true
        PHM_Zone: true
        RI: true
        TripleS-CPTI: true
        TripleS-CSI: true
        TripleS-hybrid: true
      Poisson_CL:
        ALM: true
        ALM_IT: true
        DBM: true
        HALM: true
        HAZFX_BPT: true
        HAZGRIDX: true
        HRSS-m1: true
        HRSS-m2: true
        HZA_TD: true
        HZA_TI: true
        LTST: true
        MPS04: true
        MPS04after: true
        PHM_Grid: true
        PHM_Zone: true
        RI: true
        TripleS-CPTI: true
        TripleS-CSI: true
        TripleS-hybrid: true
      Poisson_L:
        ALM: true
        ALM_IT: true
        DBM: true
        HALM: true
        HAZFX_BPT: true
        HAZGRIDX: true
        HRSS-m1: true
        HRSS-m2: true
        HZA_TD: true
        HZA_TI: true
        LTST: true
        MPS04: true
        MPS04after: true
        PHM_Grid: true
        PHM_Zone: true
        RI: true
        TripleS-CPTI: true
        TripleS-CSI: true
        TripleS-hybrid: true
      Poisson_M:
        ALM: true
        ALM_IT: true
        DBM: true
        HALM: true
        HAZFX_BPT: true
        HAZGRIDX: true
        HRSS-m1: true
        HRSS-m2: true
        HZA_TD: true
        HZA_TI: true
        LTST: true
        MPS04: true
        MPS04after: true
        PHM_Grid: true
        PHM_Zone: true
        RI: true
        TripleS-CPTI: true
        TripleS-CSI: true
        TripleS-hybrid: true
      Poisson_N:
        ALM: true
        ALM_IT: true
        DBM: true
        HALM: true
        HAZFX_BPT: true
        HAZGRIDX: true
        HRSS-m1: true
        HRSS-m2: true
        HZA_TD: true
        HZA_TI: true
        LTST: true
        MPS04: true
        MPS04after: true
        PHM_Grid: true
        PHM_Zone: true
        RI: true
        TripleS-CPTI: true
        TripleS-CSI: true
        TripleS-hybrid: true
      Poisson_S:
        ALM: true
        ALM_IT: true
        DBM: true
        HALM: true
        HAZFX_BPT: true
        HAZGRIDX: true
        HRSS-m1: true
        HRSS-m2: true
        HZA_TD: true
        HZA_TI: true
        LTST: true
        MPS04: true
        MPS04after: true
        PHM_Grid: true
        PHM_Zone: true
        RI: true
        TripleS-CPTI: true
        TripleS-CSI: true
        TripleS-hybrid: true
    forecasts: false
rundir: results
workdir: /home/pciturri/PycharmProjects/fe_italy_ti/src/total

2023-07-24 22:46:51 INFO - Setting up experiment Complete Run:
2023-07-24 22:46:51 INFO - 	Start: 2010-01-01 00:00:00
2023-07-24 22:46:51 INFO - 	End: 2010-01-01 00:00:00
2023-07-24 22:46:51 INFO - 	Time windows: 1
2023-07-24 22:46:51 INFO - 	Region: italy_csep_region
2023-07-24 22:46:51 INFO - 	Magnitude range: [5.0, 9.0]
2023-07-24 22:46:51 INFO - 	Catalog: 'catalog.json'
2023-07-24 22:46:51 INFO - 	Models: ['HAZFX_BPT', 'LTST', 'RI', 'DBM', 'HAZGRIDX', 'MPS04', 'MPS04after', 'PHM_Grid', 'PHM_Zone', 'HZA_TD', 'HZA_TI', 'ALM', 'ALM_IT', 'HALM', 'HRSS-m2', 'HRSS-m1', 'TripleS-CPTI', 'TripleS-hybrid', 'TripleS-CSI']
2023-07-24 22:46:51 INFO - 	Evaluations: ['Poisson_N', 'Negbinom_N', 'Poisson_S', 'Poisson_M', 'Poisson_L', 'Poisson_CL', 'Binary_S', 'Brier', 'Matrix_T']
2023-07-24 22:46:51 INFO - Staging models
2023-07-24 22:47:11 INFO - Setting up experiment's tasks
2023-07-24 22:47:11 DEBUG - Pre-run: results' paths
paths:
  2010-01-01_2020-01-01:
    catalog: 2010-01-01_2020-01-01/catalog/test_catalog.json
    evaluations:
      Binary_S:
        ALM: 2010-01-01_2020-01-01/evaluations/Binary_S_ALM.json
        ALM_IT: 2010-01-01_2020-01-01/evaluations/Binary_S_ALM_IT.json
        DBM: 2010-01-01_2020-01-01/evaluations/Binary_S_DBM.json
        HALM: 2010-01-01_2020-01-01/evaluations/Binary_S_HALM.json
        HAZFX_BPT: 2010-01-01_2020-01-01/evaluations/Binary_S_HAZFX_BPT.json
        HAZGRIDX: 2010-01-01_2020-01-01/evaluations/Binary_S_HAZGRIDX.json
        HRSS-m1: 2010-01-01_2020-01-01/evaluations/Binary_S_HRSS-m1.json
        HRSS-m2: 2010-01-01_2020-01-01/evaluations/Binary_S_HRSS-m2.json
        HZA_TD: 2010-01-01_2020-01-01/evaluations/Binary_S_HZA_TD.json
        HZA_TI: 2010-01-01_2020-01-01/evaluations/Binary_S_HZA_TI.json
        LTST: 2010-01-01_2020-01-01/evaluations/Binary_S_LTST.json
        MPS04: 2010-01-01_2020-01-01/evaluations/Binary_S_MPS04.json
        MPS04after: 2010-01-01_2020-01-01/evaluations/Binary_S_MPS04after.json
        PHM_Grid: 2010-01-01_2020-01-01/evaluations/Binary_S_PHM_Grid.json
        PHM_Zone: 2010-01-01_2020-01-01/evaluations/Binary_S_PHM_Zone.json
        RI: 2010-01-01_2020-01-01/evaluations/Binary_S_RI.json
        TripleS-CPTI: 2010-01-01_2020-01-01/evaluations/Binary_S_TripleS-CPTI.json
        TripleS-CSI: 2010-01-01_2020-01-01/evaluations/Binary_S_TripleS-CSI.json
        TripleS-hybrid: 2010-01-01_2020-01-01/evaluations/Binary_S_TripleS-hybrid.json
      Brier:
        ALM: 2010-01-01_2020-01-01/evaluations/Brier_ALM.json
        ALM_IT: 2010-01-01_2020-01-01/evaluations/Brier_ALM_IT.json
        DBM: 2010-01-01_2020-01-01/evaluations/Brier_DBM.json
        HALM: 2010-01-01_2020-01-01/evaluations/Brier_HALM.json
        HAZFX_BPT: 2010-01-01_2020-01-01/evaluations/Brier_HAZFX_BPT.json
        HAZGRIDX: 2010-01-01_2020-01-01/evaluations/Brier_HAZGRIDX.json
        HRSS-m1: 2010-01-01_2020-01-01/evaluations/Brier_HRSS-m1.json
        HRSS-m2: 2010-01-01_2020-01-01/evaluations/Brier_HRSS-m2.json
        HZA_TD: 2010-01-01_2020-01-01/evaluations/Brier_HZA_TD.json
        HZA_TI: 2010-01-01_2020-01-01/evaluations/Brier_HZA_TI.json
        LTST: 2010-01-01_2020-01-01/evaluations/Brier_LTST.json
        MPS04: 2010-01-01_2020-01-01/evaluations/Brier_MPS04.json
        MPS04after: 2010-01-01_2020-01-01/evaluations/Brier_MPS04after.json
        PHM_Grid: 2010-01-01_2020-01-01/evaluations/Brier_PHM_Grid.json
        PHM_Zone: 2010-01-01_2020-01-01/evaluations/Brier_PHM_Zone.json
        RI: 2010-01-01_2020-01-01/evaluations/Brier_RI.json
        TripleS-CPTI: 2010-01-01_2020-01-01/evaluations/Brier_TripleS-CPTI.json
        TripleS-CSI: 2010-01-01_2020-01-01/evaluations/Brier_TripleS-CSI.json
        TripleS-hybrid: 2010-01-01_2020-01-01/evaluations/Brier_TripleS-hybrid.json
      Matrix_T:
        ALM: 2010-01-01_2020-01-01/evaluations/Matrix_T_ALM.json
        ALM_IT: 2010-01-01_2020-01-01/evaluations/Matrix_T_ALM_IT.json
        DBM: 2010-01-01_2020-01-01/evaluations/Matrix_T_DBM.json
        HALM: 2010-01-01_2020-01-01/evaluations/Matrix_T_HALM.json
        HAZFX_BPT: 2010-01-01_2020-01-01/evaluations/Matrix_T_HAZFX_BPT.json
        HAZGRIDX: 2010-01-01_2020-01-01/evaluations/Matrix_T_HAZGRIDX.json
        HRSS-m1: 2010-01-01_2020-01-01/evaluations/Matrix_T_HRSS-m1.json
        HRSS-m2: 2010-01-01_2020-01-01/evaluations/Matrix_T_HRSS-m2.json
        HZA_TD: 2010-01-01_2020-01-01/evaluations/Matrix_T_HZA_TD.json
        HZA_TI: 2010-01-01_2020-01-01/evaluations/Matrix_T_HZA_TI.json
        LTST: 2010-01-01_2020-01-01/evaluations/Matrix_T_LTST.json
        MPS04: 2010-01-01_2020-01-01/evaluations/Matrix_T_MPS04.json
        MPS04after: 2010-01-01_2020-01-01/evaluations/Matrix_T_MPS04after.json
        PHM_Grid: 2010-01-01_2020-01-01/evaluations/Matrix_T_PHM_Grid.json
        PHM_Zone: 2010-01-01_2020-01-01/evaluations/Matrix_T_PHM_Zone.json
        RI: 2010-01-01_2020-01-01/evaluations/Matrix_T_RI.json
        TripleS-CPTI: 2010-01-01_2020-01-01/evaluations/Matrix_T_TripleS-CPTI.json
        TripleS-CSI: 2010-01-01_2020-01-01/evaluations/Matrix_T_TripleS-CSI.json
        TripleS-hybrid: 2010-01-01_2020-01-01/evaluations/Matrix_T_TripleS-hybrid.json
      Negbinom_N:
        ALM: 2010-01-01_2020-01-01/evaluations/Negbinom_N_ALM.json
        ALM_IT: 2010-01-01_2020-01-01/evaluations/Negbinom_N_ALM_IT.json
        DBM: 2010-01-01_2020-01-01/evaluations/Negbinom_N_DBM.json
        HALM: 2010-01-01_2020-01-01/evaluations/Negbinom_N_HALM.json
        HAZFX_BPT: 2010-01-01_2020-01-01/evaluations/Negbinom_N_HAZFX_BPT.json
        HAZGRIDX: 2010-01-01_2020-01-01/evaluations/Negbinom_N_HAZGRIDX.json
        HRSS-m1: 2010-01-01_2020-01-01/evaluations/Negbinom_N_HRSS-m1.json
        HRSS-m2: 2010-01-01_2020-01-01/evaluations/Negbinom_N_HRSS-m2.json
        HZA_TD: 2010-01-01_2020-01-01/evaluations/Negbinom_N_HZA_TD.json
        HZA_TI: 2010-01-01_2020-01-01/evaluations/Negbinom_N_HZA_TI.json
        LTST: 2010-01-01_2020-01-01/evaluations/Negbinom_N_LTST.json
        MPS04: 2010-01-01_2020-01-01/evaluations/Negbinom_N_MPS04.json
        MPS04after: 2010-01-01_2020-01-01/evaluations/Negbinom_N_MPS04after.json
        PHM_Grid: 2010-01-01_2020-01-01/evaluations/Negbinom_N_PHM_Grid.json
        PHM_Zone: 2010-01-01_2020-01-01/evaluations/Negbinom_N_PHM_Zone.json
        RI: 2010-01-01_2020-01-01/evaluations/Negbinom_N_RI.json
        TripleS-CPTI: 2010-01-01_2020-01-01/evaluations/Negbinom_N_TripleS-CPTI.json
        TripleS-CSI: 2010-01-01_2020-01-01/evaluations/Negbinom_N_TripleS-CSI.json
        TripleS-hybrid: 2010-01-01_2020-01-01/evaluations/Negbinom_N_TripleS-hybrid.json
      Poisson_CL:
        ALM: 2010-01-01_2020-01-01/evaluations/Poisson_CL_ALM.json
        ALM_IT: 2010-01-01_2020-01-01/evaluations/Poisson_CL_ALM_IT.json
        DBM: 2010-01-01_2020-01-01/evaluations/Poisson_CL_DBM.json
        HALM: 2010-01-01_2020-01-01/evaluations/Poisson_CL_HALM.json
        HAZFX_BPT: 2010-01-01_2020-01-01/evaluations/Poisson_CL_HAZFX_BPT.json
        HAZGRIDX: 2010-01-01_2020-01-01/evaluations/Poisson_CL_HAZGRIDX.json
        HRSS-m1: 2010-01-01_2020-01-01/evaluations/Poisson_CL_HRSS-m1.json
        HRSS-m2: 2010-01-01_2020-01-01/evaluations/Poisson_CL_HRSS-m2.json
        HZA_TD: 2010-01-01_2020-01-01/evaluations/Poisson_CL_HZA_TD.json
        HZA_TI: 2010-01-01_2020-01-01/evaluations/Poisson_CL_HZA_TI.json
        LTST: 2010-01-01_2020-01-01/evaluations/Poisson_CL_LTST.json
        MPS04: 2010-01-01_2020-01-01/evaluations/Poisson_CL_MPS04.json
        MPS04after: 2010-01-01_2020-01-01/evaluations/Poisson_CL_MPS04after.json
        PHM_Grid: 2010-01-01_2020-01-01/evaluations/Poisson_CL_PHM_Grid.json
        PHM_Zone: 2010-01-01_2020-01-01/evaluations/Poisson_CL_PHM_Zone.json
        RI: 2010-01-01_2020-01-01/evaluations/Poisson_CL_RI.json
        TripleS-CPTI: 2010-01-01_2020-01-01/evaluations/Poisson_CL_TripleS-CPTI.json
        TripleS-CSI: 2010-01-01_2020-01-01/evaluations/Poisson_CL_TripleS-CSI.json
        TripleS-hybrid: 2010-01-01_2020-01-01/evaluations/Poisson_CL_TripleS-hybrid.json
      Poisson_L:
        ALM: 2010-01-01_2020-01-01/evaluations/Poisson_L_ALM.json
        ALM_IT: 2010-01-01_2020-01-01/evaluations/Poisson_L_ALM_IT.json
        DBM: 2010-01-01_2020-01-01/evaluations/Poisson_L_DBM.json
        HALM: 2010-01-01_2020-01-01/evaluations/Poisson_L_HALM.json
        HAZFX_BPT: 2010-01-01_2020-01-01/evaluations/Poisson_L_HAZFX_BPT.json
        HAZGRIDX: 2010-01-01_2020-01-01/evaluations/Poisson_L_HAZGRIDX.json
        HRSS-m1: 2010-01-01_2020-01-01/evaluations/Poisson_L_HRSS-m1.json
        HRSS-m2: 2010-01-01_2020-01-01/evaluations/Poisson_L_HRSS-m2.json
        HZA_TD: 2010-01-01_2020-01-01/evaluations/Poisson_L_HZA_TD.json
        HZA_TI: 2010-01-01_2020-01-01/evaluations/Poisson_L_HZA_TI.json
        LTST: 2010-01-01_2020-01-01/evaluations/Poisson_L_LTST.json
        MPS04: 2010-01-01_2020-01-01/evaluations/Poisson_L_MPS04.json
        MPS04after: 2010-01-01_2020-01-01/evaluations/Poisson_L_MPS04after.json
        PHM_Grid: 2010-01-01_2020-01-01/evaluations/Poisson_L_PHM_Grid.json
        PHM_Zone: 2010-01-01_2020-01-01/evaluations/Poisson_L_PHM_Zone.json
        RI: 2010-01-01_2020-01-01/evaluations/Poisson_L_RI.json
        TripleS-CPTI: 2010-01-01_2020-01-01/evaluations/Poisson_L_TripleS-CPTI.json
        TripleS-CSI: 2010-01-01_2020-01-01/evaluations/Poisson_L_TripleS-CSI.json
        TripleS-hybrid: 2010-01-01_2020-01-01/evaluations/Poisson_L_TripleS-hybrid.json
      Poisson_M:
        ALM: 2010-01-01_2020-01-01/evaluations/Poisson_M_ALM.json
        ALM_IT: 2010-01-01_2020-01-01/evaluations/Poisson_M_ALM_IT.json
        DBM: 2010-01-01_2020-01-01/evaluations/Poisson_M_DBM.json
        HALM: 2010-01-01_2020-01-01/evaluations/Poisson_M_HALM.json
        HAZFX_BPT: 2010-01-01_2020-01-01/evaluations/Poisson_M_HAZFX_BPT.json
        HAZGRIDX: 2010-01-01_2020-01-01/evaluations/Poisson_M_HAZGRIDX.json
        HRSS-m1: 2010-01-01_2020-01-01/evaluations/Poisson_M_HRSS-m1.json
        HRSS-m2: 2010-01-01_2020-01-01/evaluations/Poisson_M_HRSS-m2.json
        HZA_TD: 2010-01-01_2020-01-01/evaluations/Poisson_M_HZA_TD.json
        HZA_TI: 2010-01-01_2020-01-01/evaluations/Poisson_M_HZA_TI.json
        LTST: 2010-01-01_2020-01-01/evaluations/Poisson_M_LTST.json
        MPS04: 2010-01-01_2020-01-01/evaluations/Poisson_M_MPS04.json
        MPS04after: 2010-01-01_2020-01-01/evaluations/Poisson_M_MPS04after.json
        PHM_Grid: 2010-01-01_2020-01-01/evaluations/Poisson_M_PHM_Grid.json
        PHM_Zone: 2010-01-01_2020-01-01/evaluations/Poisson_M_PHM_Zone.json
        RI: 2010-01-01_2020-01-01/evaluations/Poisson_M_RI.json
        TripleS-CPTI: 2010-01-01_2020-01-01/evaluations/Poisson_M_TripleS-CPTI.json
        TripleS-CSI: 2010-01-01_2020-01-01/evaluations/Poisson_M_TripleS-CSI.json
        TripleS-hybrid: 2010-01-01_2020-01-01/evaluations/Poisson_M_TripleS-hybrid.json
      Poisson_N:
        ALM: 2010-01-01_2020-01-01/evaluations/Poisson_N_ALM.json
        ALM_IT: 2010-01-01_2020-01-01/evaluations/Poisson_N_ALM_IT.json
        DBM: 2010-01-01_2020-01-01/evaluations/Poisson_N_DBM.json
        HALM: 2010-01-01_2020-01-01/evaluations/Poisson_N_HALM.json
        HAZFX_BPT: 2010-01-01_2020-01-01/evaluations/Poisson_N_HAZFX_BPT.json
        HAZGRIDX: 2010-01-01_2020-01-01/evaluations/Poisson_N_HAZGRIDX.json
        HRSS-m1: 2010-01-01_2020-01-01/evaluations/Poisson_N_HRSS-m1.json
        HRSS-m2: 2010-01-01_2020-01-01/evaluations/Poisson_N_HRSS-m2.json
        HZA_TD: 2010-01-01_2020-01-01/evaluations/Poisson_N_HZA_TD.json
        HZA_TI: 2010-01-01_2020-01-01/evaluations/Poisson_N_HZA_TI.json
        LTST: 2010-01-01_2020-01-01/evaluations/Poisson_N_LTST.json
        MPS04: 2010-01-01_2020-01-01/evaluations/Poisson_N_MPS04.json
        MPS04after: 2010-01-01_2020-01-01/evaluations/Poisson_N_MPS04after.json
        PHM_Grid: 2010-01-01_2020-01-01/evaluations/Poisson_N_PHM_Grid.json
        PHM_Zone: 2010-01-01_2020-01-01/evaluations/Poisson_N_PHM_Zone.json
        RI: 2010-01-01_2020-01-01/evaluations/Poisson_N_RI.json
        TripleS-CPTI: 2010-01-01_2020-01-01/evaluations/Poisson_N_TripleS-CPTI.json
        TripleS-CSI: 2010-01-01_2020-01-01/evaluations/Poisson_N_TripleS-CSI.json
        TripleS-hybrid: 2010-01-01_2020-01-01/evaluations/Poisson_N_TripleS-hybrid.json
      Poisson_S:
        ALM: 2010-01-01_2020-01-01/evaluations/Poisson_S_ALM.json
        ALM_IT: 2010-01-01_2020-01-01/evaluations/Poisson_S_ALM_IT.json
        DBM: 2010-01-01_2020-01-01/evaluations/Poisson_S_DBM.json
        HALM: 2010-01-01_2020-01-01/evaluations/Poisson_S_HALM.json
        HAZFX_BPT: 2010-01-01_2020-01-01/evaluations/Poisson_S_HAZFX_BPT.json
        HAZGRIDX: 2010-01-01_2020-01-01/evaluations/Poisson_S_HAZGRIDX.json
        HRSS-m1: 2010-01-01_2020-01-01/evaluations/Poisson_S_HRSS-m1.json
        HRSS-m2: 2010-01-01_2020-01-01/evaluations/Poisson_S_HRSS-m2.json
        HZA_TD: 2010-01-01_2020-01-01/evaluations/Poisson_S_HZA_TD.json
        HZA_TI: 2010-01-01_2020-01-01/evaluations/Poisson_S_HZA_TI.json
        LTST: 2010-01-01_2020-01-01/evaluations/Poisson_S_LTST.json
        MPS04: 2010-01-01_2020-01-01/evaluations/Poisson_S_MPS04.json
        MPS04after: 2010-01-01_2020-01-01/evaluations/Poisson_S_MPS04after.json
        PHM_Grid: 2010-01-01_2020-01-01/evaluations/Poisson_S_PHM_Grid.json
        PHM_Zone: 2010-01-01_2020-01-01/evaluations/Poisson_S_PHM_Zone.json
        RI: 2010-01-01_2020-01-01/evaluations/Poisson_S_RI.json
        TripleS-CPTI: 2010-01-01_2020-01-01/evaluations/Poisson_S_TripleS-CPTI.json
        TripleS-CSI: 2010-01-01_2020-01-01/evaluations/Poisson_S_TripleS-CSI.json
        TripleS-hybrid: 2010-01-01_2020-01-01/evaluations/Poisson_S_TripleS-hybrid.json
    figures:
      Binary_S: 2010-01-01_2020-01-01/figures/Binary_S
      Brier: 2010-01-01_2020-01-01/figures/Brier
      Matrix_T: 2010-01-01_2020-01-01/figures/Matrix_T
      Negbinom_N: 2010-01-01_2020-01-01/figures/Negbinom_N
      Poisson_CL: 2010-01-01_2020-01-01/figures/Poisson_CL
      Poisson_L: 2010-01-01_2020-01-01/figures/Poisson_L
      Poisson_M: 2010-01-01_2020-01-01/figures/Poisson_M
      Poisson_N: 2010-01-01_2020-01-01/figures/Poisson_N
      Poisson_S: 2010-01-01_2020-01-01/figures/Poisson_S
      catalog: 2010-01-01_2020-01-01/figures/catalog
      magnitude_time: 2010-01-01_2020-01-01/figures/magnitude_time
    forecasts:
      ALM: 2010-01-01_2020-01-01/forecasts/ALM
      ALM_IT: 2010-01-01_2020-01-01/forecasts/ALM_IT
      DBM: 2010-01-01_2020-01-01/forecasts/DBM
      HALM: 2010-01-01_2020-01-01/forecasts/HALM
      HAZFX_BPT: 2010-01-01_2020-01-01/forecasts/HAZFX_BPT
      HAZGRIDX: 2010-01-01_2020-01-01/forecasts/HAZGRIDX
      HRSS-m1: 2010-01-01_2020-01-01/forecasts/HRSS-m1
      HRSS-m2: 2010-01-01_2020-01-01/forecasts/HRSS-m2
      HZA_TD: 2010-01-01_2020-01-01/forecasts/HZA_TD
      HZA_TI: 2010-01-01_2020-01-01/forecasts/HZA_TI
      LTST: 2010-01-01_2020-01-01/forecasts/LTST
      MPS04: 2010-01-01_2020-01-01/forecasts/MPS04
      MPS04after: 2010-01-01_2020-01-01/forecasts/MPS04after
      PHM_Grid: 2010-01-01_2020-01-01/forecasts/PHM_Grid
      PHM_Zone: 2010-01-01_2020-01-01/forecasts/PHM_Zone
      RI: 2010-01-01_2020-01-01/forecasts/RI
      TripleS-CPTI: 2010-01-01_2020-01-01/forecasts/TripleS-CPTI
      TripleS-CSI: 2010-01-01_2020-01-01/forecasts/TripleS-CSI
      TripleS-hybrid: 2010-01-01_2020-01-01/forecasts/TripleS-hybrid
  catalog_figure: catalog
  config: repr_config.yml
  magnitude_time: events
result_exists:
  2010-01-01_2020-01-01:
    catalog: true
    evaluations:
      Binary_S:
        ALM: true
        ALM_IT: true
        DBM: true
        HALM: true
        HAZFX_BPT: true
        HAZGRIDX: true
        HRSS-m1: true
        HRSS-m2: true
        HZA_TD: true
        HZA_TI: true
        LTST: true
        MPS04: true
        MPS04after: true
        PHM_Grid: true
        PHM_Zone: true
        RI: true
        TripleS-CPTI: true
        TripleS-CSI: true
        TripleS-hybrid: true
      Brier:
        ALM: true
        ALM_IT: true
        DBM: true
        HALM: true
        HAZFX_BPT: true
        HAZGRIDX: true
        HRSS-m1: true
        HRSS-m2: true
        HZA_TD: true
        HZA_TI: true
        LTST: true
        MPS04: true
        MPS04after: true
        PHM_Grid: true
        PHM_Zone: true
        RI: true
        TripleS-CPTI: true
        TripleS-CSI: true
        TripleS-hybrid: true
      Matrix_T:
        ALM: true
        ALM_IT: true
        DBM: true
        HALM: true
        HAZFX_BPT: true
        HAZGRIDX: true
        HRSS-m1: true
        HRSS-m2: true
        HZA_TD: true
        HZA_TI: true
        LTST: true
        MPS04: true
        MPS04after: true
        PHM_Grid: true
        PHM_Zone: true
        RI: true
        TripleS-CPTI: true
        TripleS-CSI: true
        TripleS-hybrid: true
      Negbinom_N:
        ALM: true
        ALM_IT: true
        DBM: true
        HALM: true
        HAZFX_BPT: true
        HAZGRIDX: true
        HRSS-m1: true
        HRSS-m2: true
        HZA_TD: true
        HZA_TI: true
        LTST: true
        MPS04: true
        MPS04after: true
        PHM_Grid: true
        PHM_Zone: true
        RI: true
        TripleS-CPTI: true
        TripleS-CSI: true
        TripleS-hybrid: true
      Poisson_CL:
        ALM: true
        ALM_IT: true
        DBM: true
        HALM: true
        HAZFX_BPT: true
        HAZGRIDX: true
        HRSS-m1: true
        HRSS-m2: true
        HZA_TD: true
        HZA_TI: true
        LTST: true
        MPS04: true
        MPS04after: true
        PHM_Grid: true
        PHM_Zone: true
        RI: true
        TripleS-CPTI: true
        TripleS-CSI: true
        TripleS-hybrid: true
      Poisson_L:
        ALM: true
        ALM_IT: true
        DBM: true
        HALM: true
        HAZFX_BPT: true
        HAZGRIDX: true
        HRSS-m1: true
        HRSS-m2: true
        HZA_TD: true
        HZA_TI: true
        LTST: true
        MPS04: true
        MPS04after: true
        PHM_Grid: true
        PHM_Zone: true
        RI: true
        TripleS-CPTI: true
        TripleS-CSI: true
        TripleS-hybrid: true
      Poisson_M:
        ALM: true
        ALM_IT: true
        DBM: true
        HALM: true
        HAZFX_BPT: true
        HAZGRIDX: true
        HRSS-m1: true
        HRSS-m2: true
        HZA_TD: true
        HZA_TI: true
        LTST: true
        MPS04: true
        MPS04after: true
        PHM_Grid: true
        PHM_Zone: true
        RI: true
        TripleS-CPTI: true
        TripleS-CSI: true
        TripleS-hybrid: true
      Poisson_N:
        ALM: true
        ALM_IT: true
        DBM: true
        HALM: true
        HAZFX_BPT: true
        HAZGRIDX: true
        HRSS-m1: true
        HRSS-m2: true
        HZA_TD: true
        HZA_TI: true
        LTST: true
        MPS04: true
        MPS04after: true
        PHM_Grid: true
        PHM_Zone: true
        RI: true
        TripleS-CPTI: true
        TripleS-CSI: true
        TripleS-hybrid: true
      Poisson_S:
        ALM: true
        ALM_IT: true
        DBM: true
        HALM: true
        HAZFX_BPT: true
        HAZGRIDX: true
        HRSS-m1: true
        HRSS-m2: true
        HZA_TD: true
        HZA_TI: true
        LTST: true
        MPS04: true
        MPS04after: true
        PHM_Grid: true
        PHM_Zone: true
        RI: true
        TripleS-CPTI: true
        TripleS-CSI: true
        TripleS-hybrid: true
    forecasts: false
rundir: results
workdir: /home/pciturri/PycharmProjects/fe_italy_ti/src/total

2023-07-24 22:52:18 INFO - Setting up experiment Complete Run:
2023-07-24 22:52:18 INFO - 	Start: 2010-01-01 00:00:00
2023-07-24 22:52:18 INFO - 	End: 2010-01-01 00:00:00
2023-07-24 22:52:18 INFO - 	Time windows: 1
2023-07-24 22:52:18 INFO - 	Region: italy_csep_region
2023-07-24 22:52:18 INFO - 	Magnitude range: [5.0, 9.0]
2023-07-24 22:52:18 INFO - 	Catalog: 'catalog.json'
2023-07-24 22:52:18 INFO - 	Models: ['HAZFX_BPT', 'LTST', 'RI', 'DBM', 'HAZGRIDX', 'MPS04', 'MPS04after', 'PHM_Grid', 'PHM_Zone', 'HZA_TD', 'HZA_TI', 'ALM', 'ALM_IT', 'HALM', 'HRSS-m2', 'HRSS-m1', 'TripleS-CPTI', 'TripleS-hybrid', 'TripleS-CSI']
2023-07-24 22:52:18 INFO - 	Evaluations: ['Poisson_N', 'Negbinom_N', 'Poisson_S', 'Poisson_M', 'Poisson_L', 'Poisson_CL', 'Binary_S', 'Brier', 'Matrix_T']
2023-07-24 22:52:18 INFO - Staging models
2023-07-24 22:52:37 INFO - Setting up experiment's tasks
2023-07-24 22:52:38 DEBUG - Pre-run: results' paths
paths:
  2010-01-01_2020-01-01:
    catalog: 2010-01-01_2020-01-01/catalog/test_catalog.json
    evaluations:
      Binary_S:
        ALM: 2010-01-01_2020-01-01/evaluations/Binary_S_ALM.json
        ALM_IT: 2010-01-01_2020-01-01/evaluations/Binary_S_ALM_IT.json
        DBM: 2010-01-01_2020-01-01/evaluations/Binary_S_DBM.json
        HALM: 2010-01-01_2020-01-01/evaluations/Binary_S_HALM.json
        HAZFX_BPT: 2010-01-01_2020-01-01/evaluations/Binary_S_HAZFX_BPT.json
        HAZGRIDX: 2010-01-01_2020-01-01/evaluations/Binary_S_HAZGRIDX.json
        HRSS-m1: 2010-01-01_2020-01-01/evaluations/Binary_S_HRSS-m1.json
        HRSS-m2: 2010-01-01_2020-01-01/evaluations/Binary_S_HRSS-m2.json
        HZA_TD: 2010-01-01_2020-01-01/evaluations/Binary_S_HZA_TD.json
        HZA_TI: 2010-01-01_2020-01-01/evaluations/Binary_S_HZA_TI.json
        LTST: 2010-01-01_2020-01-01/evaluations/Binary_S_LTST.json
        MPS04: 2010-01-01_2020-01-01/evaluations/Binary_S_MPS04.json
        MPS04after: 2010-01-01_2020-01-01/evaluations/Binary_S_MPS04after.json
        PHM_Grid: 2010-01-01_2020-01-01/evaluations/Binary_S_PHM_Grid.json
        PHM_Zone: 2010-01-01_2020-01-01/evaluations/Binary_S_PHM_Zone.json
        RI: 2010-01-01_2020-01-01/evaluations/Binary_S_RI.json
        TripleS-CPTI: 2010-01-01_2020-01-01/evaluations/Binary_S_TripleS-CPTI.json
        TripleS-CSI: 2010-01-01_2020-01-01/evaluations/Binary_S_TripleS-CSI.json
        TripleS-hybrid: 2010-01-01_2020-01-01/evaluations/Binary_S_TripleS-hybrid.json
      Brier:
        ALM: 2010-01-01_2020-01-01/evaluations/Brier_ALM.json
        ALM_IT: 2010-01-01_2020-01-01/evaluations/Brier_ALM_IT.json
        DBM: 2010-01-01_2020-01-01/evaluations/Brier_DBM.json
        HALM: 2010-01-01_2020-01-01/evaluations/Brier_HALM.json
        HAZFX_BPT: 2010-01-01_2020-01-01/evaluations/Brier_HAZFX_BPT.json
        HAZGRIDX: 2010-01-01_2020-01-01/evaluations/Brier_HAZGRIDX.json
        HRSS-m1: 2010-01-01_2020-01-01/evaluations/Brier_HRSS-m1.json
        HRSS-m2: 2010-01-01_2020-01-01/evaluations/Brier_HRSS-m2.json
        HZA_TD: 2010-01-01_2020-01-01/evaluations/Brier_HZA_TD.json
        HZA_TI: 2010-01-01_2020-01-01/evaluations/Brier_HZA_TI.json
        LTST: 2010-01-01_2020-01-01/evaluations/Brier_LTST.json
        MPS04: 2010-01-01_2020-01-01/evaluations/Brier_MPS04.json
        MPS04after: 2010-01-01_2020-01-01/evaluations/Brier_MPS04after.json
        PHM_Grid: 2010-01-01_2020-01-01/evaluations/Brier_PHM_Grid.json
        PHM_Zone: 2010-01-01_2020-01-01/evaluations/Brier_PHM_Zone.json
        RI: 2010-01-01_2020-01-01/evaluations/Brier_RI.json
        TripleS-CPTI: 2010-01-01_2020-01-01/evaluations/Brier_TripleS-CPTI.json
        TripleS-CSI: 2010-01-01_2020-01-01/evaluations/Brier_TripleS-CSI.json
        TripleS-hybrid: 2010-01-01_2020-01-01/evaluations/Brier_TripleS-hybrid.json
      Matrix_T:
        ALM: 2010-01-01_2020-01-01/evaluations/Matrix_T_ALM.json
        ALM_IT: 2010-01-01_2020-01-01/evaluations/Matrix_T_ALM_IT.json
        DBM: 2010-01-01_2020-01-01/evaluations/Matrix_T_DBM.json
        HALM: 2010-01-01_2020-01-01/evaluations/Matrix_T_HALM.json
        HAZFX_BPT: 2010-01-01_2020-01-01/evaluations/Matrix_T_HAZFX_BPT.json
        HAZGRIDX: 2010-01-01_2020-01-01/evaluations/Matrix_T_HAZGRIDX.json
        HRSS-m1: 2010-01-01_2020-01-01/evaluations/Matrix_T_HRSS-m1.json
        HRSS-m2: 2010-01-01_2020-01-01/evaluations/Matrix_T_HRSS-m2.json
        HZA_TD: 2010-01-01_2020-01-01/evaluations/Matrix_T_HZA_TD.json
        HZA_TI: 2010-01-01_2020-01-01/evaluations/Matrix_T_HZA_TI.json
        LTST: 2010-01-01_2020-01-01/evaluations/Matrix_T_LTST.json
        MPS04: 2010-01-01_2020-01-01/evaluations/Matrix_T_MPS04.json
        MPS04after: 2010-01-01_2020-01-01/evaluations/Matrix_T_MPS04after.json
        PHM_Grid: 2010-01-01_2020-01-01/evaluations/Matrix_T_PHM_Grid.json
        PHM_Zone: 2010-01-01_2020-01-01/evaluations/Matrix_T_PHM_Zone.json
        RI: 2010-01-01_2020-01-01/evaluations/Matrix_T_RI.json
        TripleS-CPTI: 2010-01-01_2020-01-01/evaluations/Matrix_T_TripleS-CPTI.json
        TripleS-CSI: 2010-01-01_2020-01-01/evaluations/Matrix_T_TripleS-CSI.json
        TripleS-hybrid: 2010-01-01_2020-01-01/evaluations/Matrix_T_TripleS-hybrid.json
      Negbinom_N:
        ALM: 2010-01-01_2020-01-01/evaluations/Negbinom_N_ALM.json
        ALM_IT: 2010-01-01_2020-01-01/evaluations/Negbinom_N_ALM_IT.json
        DBM: 2010-01-01_2020-01-01/evaluations/Negbinom_N_DBM.json
        HALM: 2010-01-01_2020-01-01/evaluations/Negbinom_N_HALM.json
        HAZFX_BPT: 2010-01-01_2020-01-01/evaluations/Negbinom_N_HAZFX_BPT.json
        HAZGRIDX: 2010-01-01_2020-01-01/evaluations/Negbinom_N_HAZGRIDX.json
        HRSS-m1: 2010-01-01_2020-01-01/evaluations/Negbinom_N_HRSS-m1.json
        HRSS-m2: 2010-01-01_2020-01-01/evaluations/Negbinom_N_HRSS-m2.json
        HZA_TD: 2010-01-01_2020-01-01/evaluations/Negbinom_N_HZA_TD.json
        HZA_TI: 2010-01-01_2020-01-01/evaluations/Negbinom_N_HZA_TI.json
        LTST: 2010-01-01_2020-01-01/evaluations/Negbinom_N_LTST.json
        MPS04: 2010-01-01_2020-01-01/evaluations/Negbinom_N_MPS04.json
        MPS04after: 2010-01-01_2020-01-01/evaluations/Negbinom_N_MPS04after.json
        PHM_Grid: 2010-01-01_2020-01-01/evaluations/Negbinom_N_PHM_Grid.json
        PHM_Zone: 2010-01-01_2020-01-01/evaluations/Negbinom_N_PHM_Zone.json
        RI: 2010-01-01_2020-01-01/evaluations/Negbinom_N_RI.json
        TripleS-CPTI: 2010-01-01_2020-01-01/evaluations/Negbinom_N_TripleS-CPTI.json
        TripleS-CSI: 2010-01-01_2020-01-01/evaluations/Negbinom_N_TripleS-CSI.json
        TripleS-hybrid: 2010-01-01_2020-01-01/evaluations/Negbinom_N_TripleS-hybrid.json
      Poisson_CL:
        ALM: 2010-01-01_2020-01-01/evaluations/Poisson_CL_ALM.json
        ALM_IT: 2010-01-01_2020-01-01/evaluations/Poisson_CL_ALM_IT.json
        DBM: 2010-01-01_2020-01-01/evaluations/Poisson_CL_DBM.json
        HALM: 2010-01-01_2020-01-01/evaluations/Poisson_CL_HALM.json
        HAZFX_BPT: 2010-01-01_2020-01-01/evaluations/Poisson_CL_HAZFX_BPT.json
        HAZGRIDX: 2010-01-01_2020-01-01/evaluations/Poisson_CL_HAZGRIDX.json
        HRSS-m1: 2010-01-01_2020-01-01/evaluations/Poisson_CL_HRSS-m1.json
        HRSS-m2: 2010-01-01_2020-01-01/evaluations/Poisson_CL_HRSS-m2.json
        HZA_TD: 2010-01-01_2020-01-01/evaluations/Poisson_CL_HZA_TD.json
        HZA_TI: 2010-01-01_2020-01-01/evaluations/Poisson_CL_HZA_TI.json
        LTST: 2010-01-01_2020-01-01/evaluations/Poisson_CL_LTST.json
        MPS04: 2010-01-01_2020-01-01/evaluations/Poisson_CL_MPS04.json
        MPS04after: 2010-01-01_2020-01-01/evaluations/Poisson_CL_MPS04after.json
        PHM_Grid: 2010-01-01_2020-01-01/evaluations/Poisson_CL_PHM_Grid.json
        PHM_Zone: 2010-01-01_2020-01-01/evaluations/Poisson_CL_PHM_Zone.json
        RI: 2010-01-01_2020-01-01/evaluations/Poisson_CL_RI.json
        TripleS-CPTI: 2010-01-01_2020-01-01/evaluations/Poisson_CL_TripleS-CPTI.json
        TripleS-CSI: 2010-01-01_2020-01-01/evaluations/Poisson_CL_TripleS-CSI.json
        TripleS-hybrid: 2010-01-01_2020-01-01/evaluations/Poisson_CL_TripleS-hybrid.json
      Poisson_L:
        ALM: 2010-01-01_2020-01-01/evaluations/Poisson_L_ALM.json
        ALM_IT: 2010-01-01_2020-01-01/evaluations/Poisson_L_ALM_IT.json
        DBM: 2010-01-01_2020-01-01/evaluations/Poisson_L_DBM.json
        HALM: 2010-01-01_2020-01-01/evaluations/Poisson_L_HALM.json
        HAZFX_BPT: 2010-01-01_2020-01-01/evaluations/Poisson_L_HAZFX_BPT.json
        HAZGRIDX: 2010-01-01_2020-01-01/evaluations/Poisson_L_HAZGRIDX.json
        HRSS-m1: 2010-01-01_2020-01-01/evaluations/Poisson_L_HRSS-m1.json
        HRSS-m2: 2010-01-01_2020-01-01/evaluations/Poisson_L_HRSS-m2.json
        HZA_TD: 2010-01-01_2020-01-01/evaluations/Poisson_L_HZA_TD.json
        HZA_TI: 2010-01-01_2020-01-01/evaluations/Poisson_L_HZA_TI.json
        LTST: 2010-01-01_2020-01-01/evaluations/Poisson_L_LTST.json
        MPS04: 2010-01-01_2020-01-01/evaluations/Poisson_L_MPS04.json
        MPS04after: 2010-01-01_2020-01-01/evaluations/Poisson_L_MPS04after.json
        PHM_Grid: 2010-01-01_2020-01-01/evaluations/Poisson_L_PHM_Grid.json
        PHM_Zone: 2010-01-01_2020-01-01/evaluations/Poisson_L_PHM_Zone.json
        RI: 2010-01-01_2020-01-01/evaluations/Poisson_L_RI.json
        TripleS-CPTI: 2010-01-01_2020-01-01/evaluations/Poisson_L_TripleS-CPTI.json
        TripleS-CSI: 2010-01-01_2020-01-01/evaluations/Poisson_L_TripleS-CSI.json
        TripleS-hybrid: 2010-01-01_2020-01-01/evaluations/Poisson_L_TripleS-hybrid.json
      Poisson_M:
        ALM: 2010-01-01_2020-01-01/evaluations/Poisson_M_ALM.json
        ALM_IT: 2010-01-01_2020-01-01/evaluations/Poisson_M_ALM_IT.json
        DBM: 2010-01-01_2020-01-01/evaluations/Poisson_M_DBM.json
        HALM: 2010-01-01_2020-01-01/evaluations/Poisson_M_HALM.json
        HAZFX_BPT: 2010-01-01_2020-01-01/evaluations/Poisson_M_HAZFX_BPT.json
        HAZGRIDX: 2010-01-01_2020-01-01/evaluations/Poisson_M_HAZGRIDX.json
        HRSS-m1: 2010-01-01_2020-01-01/evaluations/Poisson_M_HRSS-m1.json
        HRSS-m2: 2010-01-01_2020-01-01/evaluations/Poisson_M_HRSS-m2.json
        HZA_TD: 2010-01-01_2020-01-01/evaluations/Poisson_M_HZA_TD.json
        HZA_TI: 2010-01-01_2020-01-01/evaluations/Poisson_M_HZA_TI.json
        LTST: 2010-01-01_2020-01-01/evaluations/Poisson_M_LTST.json
        MPS04: 2010-01-01_2020-01-01/evaluations/Poisson_M_MPS04.json
        MPS04after: 2010-01-01_2020-01-01/evaluations/Poisson_M_MPS04after.json
        PHM_Grid: 2010-01-01_2020-01-01/evaluations/Poisson_M_PHM_Grid.json
        PHM_Zone: 2010-01-01_2020-01-01/evaluations/Poisson_M_PHM_Zone.json
        RI: 2010-01-01_2020-01-01/evaluations/Poisson_M_RI.json
        TripleS-CPTI: 2010-01-01_2020-01-01/evaluations/Poisson_M_TripleS-CPTI.json
        TripleS-CSI: 2010-01-01_2020-01-01/evaluations/Poisson_M_TripleS-CSI.json
        TripleS-hybrid: 2010-01-01_2020-01-01/evaluations/Poisson_M_TripleS-hybrid.json
      Poisson_N:
        ALM: 2010-01-01_2020-01-01/evaluations/Poisson_N_ALM.json
        ALM_IT: 2010-01-01_2020-01-01/evaluations/Poisson_N_ALM_IT.json
        DBM: 2010-01-01_2020-01-01/evaluations/Poisson_N_DBM.json
        HALM: 2010-01-01_2020-01-01/evaluations/Poisson_N_HALM.json
        HAZFX_BPT: 2010-01-01_2020-01-01/evaluations/Poisson_N_HAZFX_BPT.json
        HAZGRIDX: 2010-01-01_2020-01-01/evaluations/Poisson_N_HAZGRIDX.json
        HRSS-m1: 2010-01-01_2020-01-01/evaluations/Poisson_N_HRSS-m1.json
        HRSS-m2: 2010-01-01_2020-01-01/evaluations/Poisson_N_HRSS-m2.json
        HZA_TD: 2010-01-01_2020-01-01/evaluations/Poisson_N_HZA_TD.json
        HZA_TI: 2010-01-01_2020-01-01/evaluations/Poisson_N_HZA_TI.json
        LTST: 2010-01-01_2020-01-01/evaluations/Poisson_N_LTST.json
        MPS04: 2010-01-01_2020-01-01/evaluations/Poisson_N_MPS04.json
        MPS04after: 2010-01-01_2020-01-01/evaluations/Poisson_N_MPS04after.json
        PHM_Grid: 2010-01-01_2020-01-01/evaluations/Poisson_N_PHM_Grid.json
        PHM_Zone: 2010-01-01_2020-01-01/evaluations/Poisson_N_PHM_Zone.json
        RI: 2010-01-01_2020-01-01/evaluations/Poisson_N_RI.json
        TripleS-CPTI: 2010-01-01_2020-01-01/evaluations/Poisson_N_TripleS-CPTI.json
        TripleS-CSI: 2010-01-01_2020-01-01/evaluations/Poisson_N_TripleS-CSI.json
        TripleS-hybrid: 2010-01-01_2020-01-01/evaluations/Poisson_N_TripleS-hybrid.json
      Poisson_S:
        ALM: 2010-01-01_2020-01-01/evaluations/Poisson_S_ALM.json
        ALM_IT: 2010-01-01_2020-01-01/evaluations/Poisson_S_ALM_IT.json
        DBM: 2010-01-01_2020-01-01/evaluations/Poisson_S_DBM.json
        HALM: 2010-01-01_2020-01-01/evaluations/Poisson_S_HALM.json
        HAZFX_BPT: 2010-01-01_2020-01-01/evaluations/Poisson_S_HAZFX_BPT.json
        HAZGRIDX: 2010-01-01_2020-01-01/evaluations/Poisson_S_HAZGRIDX.json
        HRSS-m1: 2010-01-01_2020-01-01/evaluations/Poisson_S_HRSS-m1.json
        HRSS-m2: 2010-01-01_2020-01-01/evaluations/Poisson_S_HRSS-m2.json
        HZA_TD: 2010-01-01_2020-01-01/evaluations/Poisson_S_HZA_TD.json
        HZA_TI: 2010-01-01_2020-01-01/evaluations/Poisson_S_HZA_TI.json
        LTST: 2010-01-01_2020-01-01/evaluations/Poisson_S_LTST.json
        MPS04: 2010-01-01_2020-01-01/evaluations/Poisson_S_MPS04.json
        MPS04after: 2010-01-01_2020-01-01/evaluations/Poisson_S_MPS04after.json
        PHM_Grid: 2010-01-01_2020-01-01/evaluations/Poisson_S_PHM_Grid.json
        PHM_Zone: 2010-01-01_2020-01-01/evaluations/Poisson_S_PHM_Zone.json
        RI: 2010-01-01_2020-01-01/evaluations/Poisson_S_RI.json
        TripleS-CPTI: 2010-01-01_2020-01-01/evaluations/Poisson_S_TripleS-CPTI.json
        TripleS-CSI: 2010-01-01_2020-01-01/evaluations/Poisson_S_TripleS-CSI.json
        TripleS-hybrid: 2010-01-01_2020-01-01/evaluations/Poisson_S_TripleS-hybrid.json
    figures:
      Binary_S: 2010-01-01_2020-01-01/figures/Binary_S
      Brier: 2010-01-01_2020-01-01/figures/Brier
      Matrix_T: 2010-01-01_2020-01-01/figures/Matrix_T
      Negbinom_N: 2010-01-01_2020-01-01/figures/Negbinom_N
      Poisson_CL: 2010-01-01_2020-01-01/figures/Poisson_CL
      Poisson_L: 2010-01-01_2020-01-01/figures/Poisson_L
      Poisson_M: 2010-01-01_2020-01-01/figures/Poisson_M
      Poisson_N: 2010-01-01_2020-01-01/figures/Poisson_N
      Poisson_S: 2010-01-01_2020-01-01/figures/Poisson_S
      catalog: 2010-01-01_2020-01-01/figures/catalog
      magnitude_time: 2010-01-01_2020-01-01/figures/magnitude_time
    forecasts:
      ALM: 2010-01-01_2020-01-01/forecasts/ALM
      ALM_IT: 2010-01-01_2020-01-01/forecasts/ALM_IT
      DBM: 2010-01-01_2020-01-01/forecasts/DBM
      HALM: 2010-01-01_2020-01-01/forecasts/HALM
      HAZFX_BPT: 2010-01-01_2020-01-01/forecasts/HAZFX_BPT
      HAZGRIDX: 2010-01-01_2020-01-01/forecasts/HAZGRIDX
      HRSS-m1: 2010-01-01_2020-01-01/forecasts/HRSS-m1
      HRSS-m2: 2010-01-01_2020-01-01/forecasts/HRSS-m2
      HZA_TD: 2010-01-01_2020-01-01/forecasts/HZA_TD
      HZA_TI: 2010-01-01_2020-01-01/forecasts/HZA_TI
      LTST: 2010-01-01_2020-01-01/forecasts/LTST
      MPS04: 2010-01-01_2020-01-01/forecasts/MPS04
      MPS04after: 2010-01-01_2020-01-01/forecasts/MPS04after
      PHM_Grid: 2010-01-01_2020-01-01/forecasts/PHM_Grid
      PHM_Zone: 2010-01-01_2020-01-01/forecasts/PHM_Zone
      RI: 2010-01-01_2020-01-01/forecasts/RI
      TripleS-CPTI: 2010-01-01_2020-01-01/forecasts/TripleS-CPTI
      TripleS-CSI: 2010-01-01_2020-01-01/forecasts/TripleS-CSI
      TripleS-hybrid: 2010-01-01_2020-01-01/forecasts/TripleS-hybrid
  catalog_figure: catalog
  config: repr_config.yml
  magnitude_time: events
result_exists:
  2010-01-01_2020-01-01:
    catalog: true
    evaluations:
      Binary_S:
        ALM: true
        ALM_IT: true
        DBM: true
        HALM: true
        HAZFX_BPT: true
        HAZGRIDX: true
        HRSS-m1: true
        HRSS-m2: true
        HZA_TD: true
        HZA_TI: true
        LTST: true
        MPS04: true
        MPS04after: true
        PHM_Grid: true
        PHM_Zone: true
        RI: true
        TripleS-CPTI: true
        TripleS-CSI: true
        TripleS-hybrid: true
      Brier:
        ALM: true
        ALM_IT: true
        DBM: true
        HALM: true
        HAZFX_BPT: true
        HAZGRIDX: true
        HRSS-m1: true
        HRSS-m2: true
        HZA_TD: true
        HZA_TI: true
        LTST: true
        MPS04: true
        MPS04after: true
        PHM_Grid: true
        PHM_Zone: true
        RI: true
        TripleS-CPTI: true
        TripleS-CSI: true
        TripleS-hybrid: true
      Matrix_T:
        ALM: true
        ALM_IT: true
        DBM: true
        HALM: true
        HAZFX_BPT: true
        HAZGRIDX: true
        HRSS-m1: true
        HRSS-m2: true
        HZA_TD: true
        HZA_TI: true
        LTST: true
        MPS04: true
        MPS04after: true
        PHM_Grid: true
        PHM_Zone: true
        RI: true
        TripleS-CPTI: true
        TripleS-CSI: true
        TripleS-hybrid: true
      Negbinom_N:
        ALM: true
        ALM_IT: true
        DBM: true
        HALM: true
        HAZFX_BPT: true
        HAZGRIDX: true
        HRSS-m1: true
        HRSS-m2: true
        HZA_TD: true
        HZA_TI: true
        LTST: true
        MPS04: true
        MPS04after: true
        PHM_Grid: true
        PHM_Zone: true
        RI: true
        TripleS-CPTI: true
        TripleS-CSI: true
        TripleS-hybrid: true
      Poisson_CL:
        ALM: true
        ALM_IT: true
        DBM: true
        HALM: true
        HAZFX_BPT: true
        HAZGRIDX: true
        HRSS-m1: true
        HRSS-m2: true
        HZA_TD: true
        HZA_TI: true
        LTST: true
        MPS04: true
        MPS04after: true
        PHM_Grid: true
        PHM_Zone: true
        RI: true
        TripleS-CPTI: true
        TripleS-CSI: true
        TripleS-hybrid: true
      Poisson_L:
        ALM: true
        ALM_IT: true
        DBM: true
        HALM: true
        HAZFX_BPT: true
        HAZGRIDX: true
        HRSS-m1: true
        HRSS-m2: true
        HZA_TD: true
        HZA_TI: true
        LTST: true
        MPS04: true
        MPS04after: true
        PHM_Grid: true
        PHM_Zone: true
        RI: true
        TripleS-CPTI: true
        TripleS-CSI: true
        TripleS-hybrid: true
      Poisson_M:
        ALM: true
        ALM_IT: true
        DBM: true
        HALM: true
        HAZFX_BPT: true
        HAZGRIDX: true
        HRSS-m1: true
        HRSS-m2: true
        HZA_TD: true
        HZA_TI: true
        LTST: true
        MPS04: true
        MPS04after: true
        PHM_Grid: true
        PHM_Zone: true
        RI: true
        TripleS-CPTI: true
        TripleS-CSI: true
        TripleS-hybrid: true
      Poisson_N:
        ALM: true
        ALM_IT: true
        DBM: true
        HALM: true
        HAZFX_BPT: true
        HAZGRIDX: true
        HRSS-m1: true
        HRSS-m2: true
        HZA_TD: true
        HZA_TI: true
        LTST: true
        MPS04: true
        MPS04after: true
        PHM_Grid: true
        PHM_Zone: true
        RI: true
        TripleS-CPTI: true
        TripleS-CSI: true
        TripleS-hybrid: true
      Poisson_S:
        ALM: true
        ALM_IT: true
        DBM: true
        HALM: true
        HAZFX_BPT: true
        HAZGRIDX: true
        HRSS-m1: true
        HRSS-m2: true
        HZA_TD: true
        HZA_TI: true
        LTST: true
        MPS04: true
        MPS04after: true
        PHM_Grid: true
        PHM_Zone: true
        RI: true
        TripleS-CPTI: true
        TripleS-CSI: true
        TripleS-hybrid: true
    forecasts: false
rundir: results
workdir: /home/pciturri/PycharmProjects/fe_italy_ti/src/total

